Loading required package: ape
Loading required package: geiger

Attaching package: ‘phangorn’

The following object is masked from ‘package:ape’:

    as.prop.part

Loading required package: maps

                  BEAST v2.1.3, 2002-2014
       Bayesian Evolutionary Analysis Sampling Trees
                 Designed and developed by
Remco Bouckaert, Alexei J. Drummond, Andrew Rambaut and Marc A. Suchard
                              
               Department of Computer Science
                   University of Auckland
                  remco@cs.auckland.ac.nz
                  alexei@cs.auckland.ac.nz
                              
             Institute of Evolutionary Biology
                  University of Edinburgh
                     a.rambaut@ed.ac.uk
                              
              David Geffen School of Medicine
           University of California, Los Angeles
                     msuchard@ucla.edu
                              
                Downloads, Help & Resources:
              	http://beast2.cs.auckland.ac.nz
                              
Source code distributed under the GNU Lesser General Public License:
              	http://code.google.com/p/beast2
                              
                     BEAST developers:
	Alex Alekseyenko, Trevor Bedford, Erik Bloomquist, Joseph Heled, 
	Sebastian Hoehna, Denise Kuehnert, Philippe Lemey, Wai Lok Sibon Li, 
	Gerton Lunter, Sidney Markowitz, Vladimir Minin, Michael Defoin Platel, 
          	Oliver Pybus, Chieh-Hsi Wu, Walter Xie
                              
                         Thanks to:
    	Roald Forsberg, Beth Shapiro and Korbinian Strimmer


Random number seed: 1407737831558

File: s_dat.xml seed: 1407737831558 threads: 1
Beta => beast.math.distributions.Beta
Exponential => beast.math.distributions.Exponential
InverseGamma => beast.math.distributions.InverseGamma
LogNormal => beast.math.distributions.LogNormalDistributionModel
Gamma => beast.math.distributions.Gamma
Uniform => beast.math.distributions.Uniform
prior => beast.math.distributions.Prior
LaplaceDistribution => beast.math.distributions.LaplaceDistribution
OneOnX => beast.math.distributions.OneOnX
Normal => beast.math.distributions.Normal
Element data found with idref='s_dat'. All other attributes are ignored.

Element parameter found with idref='ucldMean.c:s_dat'. All other attributes are ignored.

Element tree found with idref='Tree.t:s_dat'. All other attributes are ignored.

Element parameter found with idref='birthRate.t:s_dat'. All other attributes are ignored.

Element parameter found with idref='mutationRate.s:s_dat'. All other attributes are ignored.

Element parameter found with idref='ucldStdev.c:s_dat'. All other attributes are ignored.

Element parameter found with idref='ucldMean.c:s_dat'. All other attributes are ignored.

50 taxa
100 sites
95 patterns
Failed to load BEAGLE library: no hmsbeagle-jni in java.library.path
TreeLikelihood uses beast.evolution.likelihood.BeerLikelihoodCore4
======================================================
Please cite the following when publishing this model:

Remco Bouckaert, Joseph Heled, Denise Kuehnert, Tim Vaughan, Chieh-Hsi Wu, Dong Xie, Marc Suchard, Andrew Rambaut, Alexei J Drummond BEAST 2: A software platform for Bayesian evolutionary analysis. PLOS Computational Biology 10(4): e1003537, 2014

Drummond AJ, Ho SYW, Phillips MJ, Rambaut A (2006) Relaxed Phylogenetics and Dating with Confidence. PLoS Biol 4(5): e88


======================================================
Start likelihood: -3009.4707431639117 
Warning: Overwriting file s_dat.log
         Sample      posterior ESS(posterior)     likelihood          prior
Warning: Overwriting file s_dat.trees
              0     -3009.4707              N     -3004.2309        -5.2397 --
           1000     -2154.4129         2.0        -2188.4254        34.0125 --
           2000     -2034.1631         3.0        -2070.8267        36.6635 --
           3000     -1982.6570         4.0        -2018.5826        35.9255 --
           4000     -1944.7845         5.0        -1978.3261        33.5415 --
           5000     -1816.5159         4.7        -1848.2878        31.7718 --
           6000     -1710.7825         4.4        -1742.1298        31.3473 --
           7000     -1665.5174         4.3        -1693.8148        28.2974 --
           8000     -1629.3382         4.3        -1661.3495        32.0112 --
           9000     -1605.8628         2.5        -1638.1555        32.2926 --
          10000     -1586.6572         2.6        -1609.6874        23.0302 --
          11000     -1568.9369         2.5        -1582.8776        13.9406 1m17s/Msamples
          12000     -1538.2857         2.5        -1545.5333         7.2476 1m17s/Msamples
          13000     -1535.4736         2.6        -1549.1525        13.6789 1m15s/Msamples
          14000     -1532.4751         2.6        -1549.8780        17.4029 1m12s/Msamples
          15000     -1539.6617         2.7        -1551.1925        11.5307 1m13s/Msamples
          16000     -1551.6819         2.8        -1553.0819         1.3999 1m11s/Msamples
          17000     -1541.9084         3.0        -1552.7655        10.8570 1m10s/Msamples
          18000     -1544.8875         3.0        -1552.7427         7.8552 1m9s/Msamples
          19000     -1549.6404         3.3        -1554.1532         4.5127 1m8s/Msamples
          20000     -1523.5902         3.4        -1536.8831        13.2929 1m7s/Msamples
          21000     -1539.1334         3.5        -1548.1637         9.0303 1m7s/Msamples
          22000     -1531.3267         3.6        -1533.3270         2.0002 1m6s/Msamples
          23000     -1531.9185         3.7        -1537.7895         5.8710 1m5s/Msamples
          24000     -1534.9161         3.9        -1534.1403        -0.7757 1m4s/Msamples
          25000     -1522.2981         4.0        -1516.4352        -5.8629 1m4s/Msamples
          26000     -1515.5828         4.1        -1511.4454        -4.1373 1m4s/Msamples
          27000     -1529.1049         4.3        -1519.9787        -9.1262 1m3s/Msamples
          28000     -1515.0619         4.4        -1509.2018        -5.8600 1m3s/Msamples
          29000     -1510.0715         4.9        -1504.3368        -5.7346 1m3s/Msamples
          30000     -1525.1062         5.0        -1506.2566       -18.8495 1m3s/Msamples
          31000     -1513.8195         5.2        -1509.0195        -4.8000 1m3s/Msamples
          32000     -1525.2236         5.3        -1513.3549       -11.8687 1m3s/Msamples
          33000     -1517.6741         5.4        -1503.6394       -14.0347 1m3s/Msamples
          34000     -1519.5891         5.5        -1514.8787        -4.7103 1m3s/Msamples
          35000     -1513.8273         5.6        -1511.6605        -2.1667 1m3s/Msamples
          36000     -1510.7616         5.7        -1506.6871        -4.0745 1m3s/Msamples
          37000     -1520.2891         5.9        -1508.7222       -11.5669 1m2s/Msamples
          38000     -1519.9483         6.0        -1513.1726        -6.7756 1m2s/Msamples
          39000     -1516.9724         6.6        -1504.9986       -11.9738 1m2s/Msamples
          40000     -1525.8541         6.6        -1509.3108       -16.5433 1m2s/Msamples
          41000     -1539.7859         6.7        -1522.8144       -16.9715 1m2s/Msamples
          42000     -1528.2798         6.9        -1518.8603        -9.4194 1m2s/Msamples
          43000     -1535.6576         7.0        -1520.5102       -15.1473 1m2s/Msamples
          44000     -1526.4248         7.1        -1510.0863       -16.3384 1m2s/Msamples
          45000     -1535.5341         7.2        -1518.4143       -17.1198 1m2s/Msamples
          46000     -1536.9459         7.3        -1521.7017       -15.2441 1m2s/Msamples
          47000     -1545.4094         7.5        -1538.1433        -7.2660 1m2s/Msamples
          48000     -1523.4528         7.6        -1512.0136       -11.4392 1m2s/Msamples
          49000     -1521.9259         7.0        -1514.2126        -7.7132 1m2s/Msamples
          50000     -1515.3535         7.2        -1506.6762        -8.6773 1m2s/Msamples
          51000     -1527.2336         7.3        -1510.0845       -17.1490 1m1s/Msamples
          52000     -1519.6775         7.4        -1510.5996        -9.0778 1m1s/Msamples
          53000     -1519.3864         7.6        -1512.4133        -6.9731 1m1s/Msamples
          54000     -1522.8728         7.7        -1515.4682        -7.4046 1m1s/Msamples
          55000     -1530.6720         7.9        -1519.2924       -11.3796 1m1s/Msamples
          56000     -1545.6366         8.1        -1529.7080       -15.9286 1m1s/Msamples
          57000     -1536.9887         8.2        -1523.3823       -13.6064 1m1s/Msamples
          58000     -1533.3617         8.4        -1514.7103       -18.6514 1m1s/Msamples
          59000     -1522.1192         7.8        -1512.6282        -9.4910 1m1s/Msamples
          60000     -1521.2595         8.0        -1511.9620        -9.2975 1m1s/Msamples
          61000     -1525.5717         8.1        -1511.2335       -14.3381 1m1s/Msamples
          62000     -1515.9033         8.3        -1506.0788        -9.8245 1m1s/Msamples
          63000     -1527.0677         8.4        -1511.3492       -15.7184 1m1s/Msamples
          64000     -1528.3230         8.5        -1517.2717       -11.0512 1m1s/Msamples
          65000     -1530.1040         8.7        -1512.3830       -17.7209 1m1s/Msamples
          66000     -1516.6256         8.8        -1501.9479       -14.6777 1m1s/Msamples
          67000     -1512.2262         9.0        -1504.9352        -7.2910 1m1s/Msamples
          68000     -1527.9039         9.1        -1512.4081       -15.4958 1m1s/Msamples
          69000     -1531.9444         9.2        -1516.3845       -15.5598 1m1s/Msamples
          70000     -1535.3964         9.4        -1521.3400       -14.0564 1m1s/Msamples
          71000     -1529.4406         9.5        -1518.4632       -10.9774 1m1s/Msamples
          72000     -1538.7647         9.7        -1527.1762       -11.5885 1m1s/Msamples
          73000     -1516.5230         9.9        -1509.2884        -7.2346 1m1s/Msamples
          74000     -1529.1236        10.0        -1514.2257       -14.8978 1m1s/Msamples
          75000     -1534.0677        10.2        -1522.2360       -11.8317 1m0s/Msamples
          76000     -1534.7178        10.3        -1524.4179       -10.2999 1m0s/Msamples
          77000     -1519.9364        10.5        -1513.1757        -6.7607 1m0s/Msamples
          78000     -1531.8249        10.6        -1516.1015       -15.7234 1m0s/Msamples
          79000     -1534.3407        11.2        -1523.5270       -10.8137 1m0s/Msamples
          80000     -1534.8096        11.3        -1516.9805       -17.8291 1m0s/Msamples
          81000     -1528.2528        11.5        -1516.9631       -11.2896 1m0s/Msamples
          82000     -1524.8949        11.7        -1512.8636       -12.0312 1m0s/Msamples
          83000     -1531.1699        11.9        -1518.8480       -12.3219 1m0s/Msamples
          84000     -1531.7168        12.1        -1528.6320        -3.0848 1m0s/Msamples
          85000     -1519.9406        12.3        -1514.2847        -5.6559 1m0s/Msamples
          86000     -1526.5692        12.5        -1518.2469        -8.3222 1m0s/Msamples
          87000     -1521.3391        12.7        -1518.5996        -2.7394 1m0s/Msamples
          88000     -1530.8017        12.9        -1518.5340       -12.2677 1m0s/Msamples
          89000     -1529.5349        14.3        -1520.4143        -9.1205 1m0s/Msamples
          90000     -1536.3150        14.6        -1527.7118        -8.6031 1m0s/Msamples
          91000     -1525.8912        14.8        -1517.8593        -8.0319 1m0s/Msamples
          92000     -1518.3881        15.0        -1516.1369        -2.2512 1m0s/Msamples
          93000     -1525.6298        15.2        -1522.7589        -2.8708 1m0s/Msamples
          94000     -1524.0395        15.4        -1521.7794        -2.2601 1m0s/Msamples
          95000     -1535.8343        15.7        -1523.0111       -12.8232 1m0s/Msamples
          96000     -1531.5661        15.8        -1521.8880        -9.6781 1m0s/Msamples
          97000     -1536.7703        16.1        -1519.5379       -17.2323 1m0s/Msamples
          98000     -1538.4447        16.3        -1519.8478       -18.5969 1m0s/Msamples
          99000     -1526.9312        18.4        -1519.5119        -7.4192 1m0s/Msamples
         100000     -1523.5024        18.8        -1519.0973        -4.4051 59s/Msamples
         101000     -1526.8544        19.0        -1519.6461        -7.2082 1m0s/Msamples
         102000     -1515.4128        19.6        -1515.5422         0.1293 59s/Msamples
         103000     -1538.4946        19.8        -1530.2722        -8.2224 59s/Msamples
         104000     -1529.2124        20.1        -1520.4013        -8.8111 59s/Msamples
         105000     -1530.4383        20.3        -1523.4563        -6.9819 59s/Msamples
         106000     -1532.6579        20.4        -1522.2900       -10.3679 59s/Msamples
         107000     -1538.4175        20.6        -1533.7520        -4.6654 59s/Msamples
         108000     -1536.6301        20.8        -1523.7640       -12.8660 59s/Msamples
         109000     -1526.9368        23.2        -1521.7401        -5.1967 59s/Msamples
         110000     -1532.4574        23.4        -1530.9798        -1.4775 59s/Msamples
         111000     -1529.5717        23.6        -1524.8864        -4.6853 59s/Msamples
         112000     -1524.9693        24.0        -1526.8194         1.8501 59s/Msamples
         113000     -1524.1011        24.4        -1518.8462        -5.2548 59s/Msamples
         114000     -1520.5141        25.1        -1518.4018        -2.1122 59s/Msamples
         115000     -1522.6635        25.5        -1520.5522        -2.1113 1m0s/Msamples
         116000     -1526.5575        25.7        -1522.1842        -4.3732 1m0s/Msamples
         117000     -1523.2718        25.9        -1519.8066        -3.4652 1m0s/Msamples
         118000     -1515.2671        26.2        -1518.6801         3.4129 1m0s/Msamples
         119000     -1517.6389        28.6        -1518.6671         1.0282 1m0s/Msamples
         120000     -1516.6925        28.4        -1517.2819         0.5893 1m0s/Msamples
         121000     -1528.9728        28.7        -1526.5450        -2.4278 1m0s/Msamples
         122000     -1513.9798        28.5        -1519.0667         5.0869 1m0s/Msamples
         123000     -1523.0203        28.4        -1526.8759         3.8555 1m0s/Msamples
         124000     -1525.6700        28.5        -1527.9111         2.2411 1m0s/Msamples
         125000     -1517.9516        28.3        -1516.6767        -1.2748 1m0s/Msamples
         126000     -1532.3326        29.0        -1522.3214       -10.0112 1m0s/Msamples
         127000     -1525.5327        29.1        -1523.4328        -2.0999 1m0s/Msamples
         128000     -1526.0131        29.3        -1523.5396        -2.4734 1m0s/Msamples
         129000     -1528.9859        30.7        -1524.4535        -4.5323 59s/Msamples
         130000     -1534.8227        31.3        -1520.8468       -13.9759 1m0s/Msamples
         131000     -1531.8119        31.6        -1528.6083        -3.2036 59s/Msamples
         132000     -1539.8378        31.8        -1536.9497        -2.8881 59s/Msamples
         133000     -1532.7436        31.9        -1521.1081       -11.6354 59s/Msamples
         134000     -1531.9429        32.0        -1521.7589       -10.1839 59s/Msamples
         135000     -1518.0953        33.2        -1508.9644        -9.1309 59s/Msamples
         136000     -1530.8767        33.4        -1512.9690       -17.9077 59s/Msamples
         137000     -1531.9579        33.5        -1523.9198        -8.0380 59s/Msamples
         138000     -1529.5907        33.7        -1526.1903        -3.4003 59s/Msamples
         139000     -1548.4435        35.9        -1535.8269       -12.6166 59s/Msamples
         140000     -1540.3822        35.8        -1525.7981       -14.5840 59s/Msamples
         141000     -1530.8419        35.8        -1511.7965       -19.0454 59s/Msamples
         142000     -1544.0917        35.3        -1525.3696       -18.7220 59s/Msamples
         143000     -1533.8412        34.9        -1516.3770       -17.4642 59s/Msamples
         144000     -1531.1589        34.9        -1521.0813       -10.0775 59s/Msamples
         145000     -1537.2294        34.1        -1522.2427       -14.9866 59s/Msamples
         146000     -1539.2124        33.2        -1524.8074       -14.4049 59s/Msamples
         147000     -1528.2919        33.5        -1513.3472       -14.9446 59s/Msamples
         148000     -1531.4721        33.4        -1520.4928       -10.9792 59s/Msamples
         149000     -1534.9398        33.6        -1524.8983       -10.0415 59s/Msamples
         150000     -1532.2199        33.5        -1519.0637       -13.1562 59s/Msamples
         151000     -1534.8593        33.3        -1530.0299        -4.8293 59s/Msamples
         152000     -1532.6604        33.3        -1520.5116       -12.1488 59s/Msamples
         153000     -1519.2312        34.5        -1513.6377        -5.5935 59s/Msamples
         154000     -1523.0227        35.1        -1515.3057        -7.7170 59s/Msamples
         155000     -1525.3678        35.5        -1516.1844        -9.1833 59s/Msamples
         156000     -1518.5469        36.2        -1508.3581       -10.1887 59s/Msamples
         157000     -1517.8338        36.7        -1514.8377        -2.9961 59s/Msamples
         158000     -1520.5588        36.8        -1514.7119        -5.8469 59s/Msamples
         159000     -1515.3976        37.8        -1512.8593        -2.5382 59s/Msamples
         160000     -1519.5193        37.5        -1507.3238       -12.1954 59s/Msamples
         161000     -1521.3743        37.3        -1515.4085        -5.9658 59s/Msamples
         162000     -1534.4730        38.3        -1523.8528       -10.6201 59s/Msamples
         163000     -1526.6643        38.5        -1517.3184        -9.3459 58s/Msamples
         164000     -1524.4530        38.6        -1516.8165        -7.6364 58s/Msamples
         165000     -1531.0938        39.0        -1530.2551        -0.8386 58s/Msamples
         166000     -1526.2810        39.3        -1521.7593        -4.5216 58s/Msamples
         167000     -1532.9115        39.6        -1527.9841        -4.9274 58s/Msamples
         168000     -1534.3434        39.9        -1526.9812        -7.3621 58s/Msamples
         169000     -1521.0899        41.9        -1515.9763        -5.1136 58s/Msamples
         170000     -1538.7554        42.4        -1530.3165        -8.4388 58s/Msamples
         171000     -1527.2918        42.7        -1520.1496        -7.1421 58s/Msamples
         172000     -1536.2227        42.9        -1525.3743       -10.8484 58s/Msamples
         173000     -1536.3456        42.8        -1524.1234       -12.2222 58s/Msamples
         174000     -1524.5102        43.4        -1519.1684        -5.3417 58s/Msamples
         175000     -1520.1134        44.2        -1515.3378        -4.7755 58s/Msamples
         176000     -1522.8085        44.8        -1512.9790        -9.8294 58s/Msamples
         177000     -1523.4542        45.2        -1512.3356       -11.1185 58s/Msamples
         178000     -1534.8728        45.6        -1523.0107       -11.8620 58s/Msamples
         179000     -1522.7838        47.0        -1515.3683        -7.4154 58s/Msamples
         180000     -1523.9363        47.2        -1517.1421        -6.7942 58s/Msamples
         181000     -1530.0312        47.6        -1519.1105       -10.9207 58s/Msamples
         182000     -1518.5911        48.0        -1512.1615        -6.4296 58s/Msamples
         183000     -1516.6570        48.4        -1508.0810        -8.5759 58s/Msamples
         184000     -1516.6104        48.5        -1513.5113        -3.0990 58s/Msamples
         185000     -1507.4621        48.2        -1509.1985         1.7363 58s/Msamples
         186000     -1517.1852        47.5        -1515.0395        -2.1457 58s/Msamples
         187000     -1515.5192        46.6        -1515.7742         0.2550 58s/Msamples
         188000     -1509.9888        45.0        -1510.5167         0.5278 58s/Msamples
         189000     -1512.8050        43.9        -1517.2624         4.4573 58s/Msamples
         190000     -1498.8912        41.1        -1502.7777         3.8865 58s/Msamples
         191000     -1514.8552        39.4        -1520.1087         5.2535 58s/Msamples
         192000     -1497.2004        36.6        -1509.9103        12.7099 58s/Msamples
         193000     -1491.8003        33.4        -1503.1860        11.3857 58s/Msamples
         194000     -1500.5820        30.9        -1507.1847         6.6026 58s/Msamples
         195000     -1500.8814        28.7        -1512.3656        11.4841 58s/Msamples
         196000     -1492.5984        26.7        -1505.1678        12.5694 58s/Msamples
         197000     -1500.5272        24.9        -1507.3000         6.7728 58s/Msamples
         198000     -1492.7207        22.9        -1509.2912        16.5705 58s/Msamples
         199000     -1501.1479        20.4        -1506.1782         5.0303 58s/Msamples
         200000     -1512.1863        19.7        -1517.1050         4.9187 58s/Msamples
         201000     -1519.1317        19.4        -1523.8279         4.6961 58s/Msamples
         202000     -1517.0753        18.9        -1521.4950         4.4197 58s/Msamples
         203000     -1515.0103        18.4        -1517.3083         2.2980 58s/Msamples
         204000     -1526.3534        18.6        -1518.8249        -7.5284 58s/Msamples
         205000     -1525.6388        18.7        -1518.3826        -7.2561 58s/Msamples
         206000     -1527.9369        19.0        -1519.3771        -8.5598 58s/Msamples
         207000     -1533.1368        19.6        -1522.8592       -10.2776 58s/Msamples
         208000     -1520.4206        19.5        -1518.7283        -1.6923 58s/Msamples
         209000     -1527.9730        19.7        -1520.4411        -7.5319 58s/Msamples
         210000     -1529.3073        19.9        -1518.9750       -10.3323 58s/Msamples
         211000     -1521.3500        20.0        -1516.4991        -4.8508 58s/Msamples
         212000     -1534.8598        20.3        -1525.4635        -9.3963 58s/Msamples
         213000     -1522.1943        20.4        -1512.1203       -10.0740 58s/Msamples
         214000     -1527.2589        20.6        -1511.6166       -15.6422 58s/Msamples
         215000     -1531.5032        20.7        -1519.7632       -11.7399 58s/Msamples
         216000     -1530.1352        20.8        -1516.7462       -13.3889 58s/Msamples
         217000     -1524.3220        20.9        -1516.1466        -8.1753 58s/Msamples
         218000     -1529.8164        21.0        -1517.5283       -12.2880 58s/Msamples
         219000     -1529.9105        20.7        -1521.9220        -7.9884 58s/Msamples
         220000     -1534.8345        20.8        -1523.2625       -11.5719 58s/Msamples
         221000     -1536.1565        20.9        -1526.3956        -9.7608 58s/Msamples
         222000     -1523.7093        21.0        -1522.6117        -1.0975 58s/Msamples
         223000     -1542.3726        21.2        -1530.0945       -12.2780 58s/Msamples
         224000     -1526.4979        21.3        -1524.4135        -2.0844 58s/Msamples
         225000     -1536.8776        21.4        -1520.4388       -16.4387 58s/Msamples
         226000     -1526.6172        21.5        -1518.2063        -8.4108 58s/Msamples
         227000     -1521.2617        21.7        -1509.1987       -12.0629 58s/Msamples
         228000     -1531.8741        21.7        -1518.1332       -13.7409 58s/Msamples
         229000     -1524.8251        21.6        -1512.9049       -11.9202 58s/Msamples
         230000     -1524.6916        21.7        -1511.5157       -13.1759 58s/Msamples
         231000     -1514.6122        22.1        -1503.1041       -11.5081 58s/Msamples
         232000     -1530.0571        22.2        -1514.3214       -15.7356 58s/Msamples
         233000     -1525.6918        22.3        -1521.3855        -4.3062 58s/Msamples
         234000     -1524.2126        22.4        -1515.2842        -8.9284 58s/Msamples
         235000     -1524.0349        22.5        -1520.5370        -3.4979 58s/Msamples
         236000     -1521.8339        22.7        -1518.0536        -3.7803 58s/Msamples
         237000     -1518.0925        22.9        -1514.0170        -4.0755 58s/Msamples
         238000     -1524.7848        23.0        -1514.7978        -9.9869 58s/Msamples
         239000     -1516.4138        22.8        -1506.6104        -9.8033 58s/Msamples
         240000     -1532.6925        23.1        -1528.1829        -4.5095 58s/Msamples
         241000     -1525.4343        23.2        -1519.2839        -6.1503 58s/Msamples
         242000     -1522.5389        23.3        -1510.6558       -11.8830 58s/Msamples
         243000     -1509.4634        23.5        -1500.0794        -9.3840 58s/Msamples
         244000     -1518.2932        23.6        -1511.7651        -6.5280 57s/Msamples
         245000     -1522.6949        23.7        -1514.0860        -8.6089 57s/Msamples
         246000     -1513.9790        23.8        -1503.7199       -10.2591 57s/Msamples
         247000     -1511.0989        23.9        -1507.3637        -3.7352 57s/Msamples
         248000     -1519.3406        24.0        -1516.8714        -2.4692 57s/Msamples
         249000     -1527.2397        23.7        -1521.7155        -5.5242 57s/Msamples
         250000     -1518.4025        23.7        -1515.2400        -3.1624 57s/Msamples
         251000     -1529.1058        23.9        -1519.3029        -9.8029 57s/Msamples
         252000     -1530.0176        24.1        -1527.5412        -2.4763 57s/Msamples
         253000     -1542.2793        24.8        -1534.6141        -7.6652 57s/Msamples
         254000     -1533.9330        25.1        -1522.6651       -11.2678 57s/Msamples
         255000     -1526.6066        25.2        -1517.1690        -9.4375 57s/Msamples
         256000     -1540.1413        25.7        -1523.1292       -17.0121 57s/Msamples
         257000     -1541.9237        26.1        -1520.4190       -21.5047 57s/Msamples
         258000     -1536.6908        26.3        -1521.5434       -15.1473 57s/Msamples
         259000     -1533.3009        26.4        -1520.3332       -12.9676 57s/Msamples
         260000     -1520.9824        26.6        -1517.9566        -3.0258 57s/Msamples
         261000     -1525.9809        26.7        -1521.9613        -4.0195 57s/Msamples
         262000     -1529.6553        26.8        -1522.9273        -6.7279 57s/Msamples
         263000     -1523.7374        26.9        -1518.6676        -5.0697 57s/Msamples
         264000     -1519.2530        27.2        -1512.7772        -6.4757 57s/Msamples
         265000     -1536.8895        27.2        -1528.0709        -8.8185 57s/Msamples
         266000     -1534.9112        27.2        -1520.9556       -13.9555 57s/Msamples
         267000     -1527.4512        27.3        -1517.1268       -10.3244 57s/Msamples
         268000     -1529.1007        27.3        -1517.0411       -12.0595 57s/Msamples
         269000     -1532.4781        27.4        -1517.2016       -15.2765 57s/Msamples
         270000     -1520.6538        27.6        -1508.0948       -12.5589 57s/Msamples
         271000     -1509.5309        28.3        -1503.7339        -5.7969 57s/Msamples
         272000     -1513.2454        28.7        -1511.2922        -1.9531 57s/Msamples
         273000     -1524.7181        28.8        -1522.7932        -1.9249 57s/Msamples
         274000     -1527.3949        28.9        -1521.9706        -5.4243 57s/Msamples
         275000     -1529.0918        29.1        -1524.5254        -4.5664 57s/Msamples
         276000     -1522.5228        29.2        -1526.4765         3.9536 57s/Msamples
         277000     -1524.8410        29.3        -1515.5878        -9.2532 57s/Msamples
         278000     -1524.4540        29.4        -1514.9591        -9.4948 57s/Msamples
         279000     -1514.7497        29.4        -1507.0302        -7.7195 57s/Msamples
         280000     -1520.1226        29.5        -1511.7715        -8.3511 57s/Msamples
         281000     -1512.1891        29.7        -1506.4671        -5.7220 57s/Msamples
         282000     -1527.2580        29.9        -1515.0891       -12.1688 57s/Msamples
         283000     -1530.8841        30.1        -1517.0893       -13.7948 57s/Msamples
         284000     -1520.4158        30.2        -1510.3927       -10.0231 57s/Msamples
         285000     -1521.4299        30.2        -1511.8125        -9.6174 57s/Msamples
         286000     -1524.4867        30.3        -1515.2143        -9.2724 57s/Msamples
         287000     -1528.2189        30.5        -1513.0329       -15.1859 57s/Msamples
         288000     -1522.4866        30.6        -1507.8771       -14.6095 57s/Msamples
         289000     -1515.0997        30.7        -1509.0763        -6.0234 57s/Msamples
         290000     -1529.9897        30.9        -1514.9545       -15.0351 57s/Msamples
         291000     -1523.0732        31.0        -1516.1379        -6.9353 57s/Msamples
         292000     -1514.5995        31.1        -1508.1541        -6.4454 57s/Msamples
         293000     -1520.6710        31.2        -1504.4226       -16.2483 57s/Msamples
         294000     -1516.2378        31.3        -1504.7045       -11.5332 57s/Msamples
         295000     -1519.9602        31.3        -1513.0074        -6.9527 57s/Msamples
         296000     -1524.3346        31.5        -1511.6743       -12.6602 57s/Msamples
         297000     -1516.2695        31.5        -1505.0153       -11.2541 57s/Msamples
         298000     -1518.7041        31.6        -1514.4230        -4.2811 57s/Msamples
         299000     -1521.6436        31.5        -1519.3853        -2.2583 57s/Msamples
         300000     -1517.5401        31.5        -1513.8831        -3.6570 57s/Msamples
         301000     -1505.6359        31.6        -1509.0066         3.3707 57s/Msamples
         302000     -1499.7585        31.8        -1507.7742         8.0156 57s/Msamples
         303000     -1514.2046        31.7        -1517.5097         3.3050 57s/Msamples
         304000     -1521.3331        31.7        -1519.5345        -1.7985 57s/Msamples
         305000     -1512.3868        31.5        -1511.3657        -1.0211 57s/Msamples
         306000     -1519.6425        31.5        -1516.3458        -3.2966 57s/Msamples
         307000     -1522.5811        31.5        -1519.1569        -3.4242 57s/Msamples
         308000     -1532.6332        32.0        -1521.5408       -11.0923 57s/Msamples
         309000     -1519.4899        31.8        -1513.4212        -6.0686 57s/Msamples
         310000     -1533.5150        32.3        -1522.2137       -11.3013 57s/Msamples
         311000     -1531.6239        32.7        -1521.1248       -10.4990 57s/Msamples
         312000     -1529.1482        32.9        -1530.7838         1.6356 57s/Msamples
         313000     -1521.5520        33.0        -1514.2690        -7.2829 57s/Msamples
         314000     -1531.9346        33.3        -1519.0411       -12.8935 57s/Msamples
         315000     -1528.5248        33.5        -1521.9006        -6.6242 57s/Msamples
         316000     -1527.7186        33.7        -1517.7478        -9.9707 57s/Msamples
         317000     -1533.0813        33.9        -1520.7380       -12.3433 57s/Msamples
         318000     -1538.5367        34.2        -1527.3677       -11.1690 57s/Msamples
         319000     -1532.6792        34.1        -1522.1162       -10.5629 57s/Msamples
         320000     -1511.5293        34.7        -1505.4120        -6.1172 57s/Msamples
         321000     -1525.5238        34.8        -1514.2699       -11.2538 57s/Msamples
         322000     -1521.8897        35.0        -1511.7844       -10.1052 57s/Msamples
         323000     -1520.9560        35.1        -1512.2210        -8.7349 57s/Msamples
         324000     -1517.5154        35.4        -1516.0216        -1.4938 57s/Msamples
         325000     -1513.7456        35.8        -1508.2054        -5.5401 57s/Msamples
         326000     -1537.1779        36.1        -1521.0417       -16.1361 57s/Msamples
         327000     -1531.0482        36.2        -1523.5119        -7.5362 57s/Msamples
         328000     -1522.1463        36.4        -1513.7210        -8.4253 57s/Msamples
         329000     -1529.8501        36.4        -1524.6278        -5.2223 57s/Msamples
         330000     -1517.9635        36.6        -1508.5381        -9.4253 57s/Msamples
         331000     -1528.4348        36.8        -1519.4652        -8.9696 57s/Msamples
         332000     -1519.3177        36.9        -1513.7345        -5.5832 57s/Msamples
         333000     -1528.5325        37.1        -1522.7042        -5.8283 57s/Msamples
         334000     -1531.0032        37.3        -1524.4347        -6.5685 57s/Msamples
         335000     -1538.9015        37.7        -1530.9101        -7.9914 57s/Msamples
         336000     -1535.3597        38.0        -1527.8144        -7.5452 57s/Msamples
         337000     -1524.9907        38.1        -1523.5772        -1.4135 57s/Msamples
         338000     -1529.9450        38.2        -1524.4809        -5.4640 57s/Msamples
         339000     -1528.3191        38.0        -1522.8226        -5.4964 57s/Msamples
         340000     -1533.8668        38.1        -1526.5954        -7.2714 57s/Msamples
         341000     -1539.8579        38.2        -1523.9523       -15.9056 57s/Msamples
         342000     -1530.5017        38.3        -1523.6875        -6.8141 57s/Msamples
         343000     -1530.9387        38.3        -1522.1932        -8.7455 56s/Msamples
         344000     -1524.4752        38.5        -1516.2926        -8.1825 56s/Msamples
         345000     -1526.7591        38.6        -1518.0206        -8.7385 56s/Msamples
         346000     -1527.5316        38.6        -1513.7096       -13.8219 56s/Msamples
         347000     -1540.2743        38.6        -1528.0443       -12.2299 56s/Msamples
         348000     -1533.0597        38.6        -1515.7071       -17.3525 56s/Msamples
         349000     -1543.7902        38.3        -1523.1412       -20.6489 56s/Msamples
         350000     -1530.8935        38.3        -1515.4946       -15.3988 56s/Msamples
         351000     -1531.8082        38.2        -1514.6582       -17.1499 56s/Msamples
         352000     -1526.9131        38.3        -1514.3848       -12.5282 56s/Msamples
         353000     -1536.0887        38.2        -1524.1877       -11.9009 56s/Msamples
         354000     -1529.5099        38.2        -1517.6086       -11.9012 56s/Msamples
         355000     -1529.3968        38.3        -1518.9544       -10.4424 56s/Msamples
         356000     -1528.8688        38.3        -1517.8766       -10.9922 57s/Msamples
         357000     -1519.5833        38.6        -1511.8201        -7.7632 56s/Msamples
         358000     -1520.9510        38.9        -1511.6737        -9.2773 56s/Msamples
         359000     -1533.7646        38.5        -1521.4411       -12.3234 57s/Msamples
         360000     -1533.1732        38.5        -1522.0280       -11.1452 56s/Msamples
         361000     -1528.2433        38.5        -1519.2554        -8.9878 56s/Msamples
         362000     -1527.2152        38.6        -1514.8239       -12.3912 56s/Msamples
         363000     -1522.5625        38.8        -1508.0716       -14.4908 56s/Msamples
         364000     -1511.5324        39.4        -1506.4224        -5.1099 56s/Msamples
         365000     -1521.8954        39.6        -1507.0875       -14.8078 56s/Msamples
         366000     -1523.0248        39.7        -1507.9160       -15.1088 56s/Msamples
         367000     -1516.0944        40.0        -1507.4159        -8.6785 56s/Msamples
         368000     -1520.8794        40.1        -1506.8244       -14.0550 56s/Msamples
         369000     -1524.6594        39.6        -1510.5344       -14.1249 56s/Msamples
         370000     -1520.4708        39.7        -1510.2992       -10.1715 56s/Msamples
         371000     -1523.7768        39.8        -1514.0843        -9.6925 56s/Msamples
         372000     -1520.7846        39.9        -1511.7729        -9.0117 56s/Msamples
         373000     -1521.0106        40.0        -1514.0189        -6.9917 56s/Msamples
         374000     -1512.9346        40.2        -1505.4005        -7.5340 56s/Msamples
         375000     -1527.0088        40.3        -1520.9579        -6.0509 56s/Msamples
         376000     -1530.3046        40.6        -1521.3034        -9.0011 56s/Msamples
         377000     -1526.7945        40.7        -1521.5716        -5.2228 56s/Msamples
         378000     -1530.6996        41.0        -1519.1811       -11.5184 56s/Msamples
         379000     -1521.7477        40.9        -1508.0026       -13.7451 56s/Msamples
         380000     -1524.2815        41.0        -1514.6629        -9.6186 56s/Msamples
         381000     -1516.0505        41.1        -1511.9100        -4.1405 56s/Msamples
         382000     -1527.2715        41.2        -1514.4085       -12.8629 56s/Msamples
         383000     -1514.8295        41.4        -1506.2953        -8.5342 56s/Msamples
         384000     -1518.3249        41.5        -1504.4133       -13.9115 56s/Msamples
         385000     -1523.4614        41.6        -1510.5298       -12.9316 56s/Msamples
         386000     -1525.7772        41.7        -1514.4147       -11.3624 56s/Msamples
         387000     -1516.4867        41.8        -1509.0358        -7.4509 56s/Msamples
         388000     -1528.1527        42.0        -1515.7015       -12.4511 56s/Msamples
         389000     -1525.5065        41.9        -1509.6705       -15.8359 56s/Msamples
         390000     -1519.2610        42.0        -1508.0722       -11.1887 56s/Msamples
         391000     -1528.1243        42.1        -1517.3261       -10.7982 56s/Msamples
         392000     -1535.4064        42.5        -1518.8925       -16.5139 56s/Msamples
         393000     -1531.2895        42.8        -1518.6992       -12.5902 56s/Msamples
         394000     -1525.6755        42.9        -1516.0797        -9.5958 56s/Msamples
         395000     -1532.0346        43.1        -1527.0871        -4.9474 56s/Msamples
         396000     -1523.6049        43.2        -1517.1850        -6.4199 56s/Msamples
         397000     -1521.3820        43.4        -1509.6221       -11.7598 56s/Msamples
         398000     -1514.8121        43.6        -1516.3910         1.5789 56s/Msamples
         399000     -1523.0754        43.4        -1515.8379        -7.2374 56s/Msamples
         400000     -1531.0173        43.6        -1522.2410        -8.7763 56s/Msamples
         401000     -1527.1962        43.7        -1522.5424        -4.6538 56s/Msamples
         402000     -1526.0397        43.8        -1523.3680        -2.6716 56s/Msamples
         403000     -1527.1083        43.9        -1523.7507        -3.3575 56s/Msamples
         404000     -1523.7427        44.1        -1524.8653         1.1225 56s/Msamples
         405000     -1532.5272        44.2        -1527.5187        -5.0084 56s/Msamples
         406000     -1521.7639        44.4        -1518.2022        -3.5616 56s/Msamples
         407000     -1536.3082        44.7        -1522.5246       -13.7836 56s/Msamples
         408000     -1528.6827        44.8        -1517.1703       -11.5123 56s/Msamples
         409000     -1535.3577        44.9        -1517.4462       -17.9114 56s/Msamples
         410000     -1530.5448        45.0        -1516.8434       -13.7013 56s/Msamples
         411000     -1515.2922        45.3        -1510.3949        -4.8973 56s/Msamples
         412000     -1525.1459        45.5        -1508.8681       -16.2778 56s/Msamples
         413000     -1528.3929        45.6        -1513.5007       -14.8921 56s/Msamples
         414000     -1526.8609        45.7        -1516.8651        -9.9957 56s/Msamples
         415000     -1519.1597        45.9        -1510.5262        -8.6335 56s/Msamples
         416000     -1518.2979        46.2        -1512.9430        -5.3548 56s/Msamples
         417000     -1517.8337        46.5        -1519.3603         1.5265 56s/Msamples
         418000     -1514.7368        46.8        -1508.4513        -6.2854 56s/Msamples
         419000     -1528.8930        46.7        -1525.4136        -3.4793 56s/Msamples
         420000     -1534.3194        47.0        -1524.8020        -9.5174 56s/Msamples
         421000     -1527.1305        47.1        -1517.3703        -9.7602 56s/Msamples
         422000     -1533.0977        47.3        -1521.8059       -11.2917 56s/Msamples
         423000     -1527.1754        47.4        -1520.8456        -6.3297 56s/Msamples
         424000     -1526.3447        47.6        -1520.8847        -5.4599 56s/Msamples
         425000     -1540.4482        48.1        -1536.1539        -4.2942 56s/Msamples
         426000     -1527.1535        48.2        -1523.4484        -3.7050 56s/Msamples
         427000     -1526.3754        48.3        -1524.7952        -1.5802 56s/Msamples
         428000     -1522.9051        48.5        -1522.9382         0.0331 56s/Msamples
         429000     -1526.3292        48.5        -1520.3433        -5.9858 56s/Msamples
         430000     -1517.4622        48.8        -1518.7865         1.3242 56s/Msamples
         431000     -1524.2409        48.9        -1521.1480        -3.0929 56s/Msamples
         432000     -1520.7772        49.1        -1519.0290        -1.7482 56s/Msamples
         433000     -1519.7704        49.4        -1512.8165        -6.9539 56s/Msamples
         434000     -1518.9709        49.6        -1507.7207       -11.2501 56s/Msamples
         435000     -1530.1092        49.8        -1516.1676       -13.9416 56s/Msamples
         436000     -1525.5252        49.9        -1521.3851        -4.1401 56s/Msamples
         437000     -1512.2097        50.3        -1510.7350        -1.4746 56s/Msamples
         438000     -1507.0537        50.8        -1509.2111         2.1574 56s/Msamples
         439000     -1514.9120        50.9        -1511.1316        -3.7804 56s/Msamples
         440000     -1525.4767        51.0        -1525.7369         0.2602 56s/Msamples
         441000     -1531.2394        51.3        -1523.9734        -7.2659 56s/Msamples
         442000     -1521.0119        51.4        -1511.4891        -9.5227 56s/Msamples
         443000     -1516.9022        51.4        -1514.3457        -2.5564 56s/Msamples
         444000     -1515.8938        51.4        -1515.4018        -0.4919 56s/Msamples
         445000     -1521.9487        51.4        -1523.4304         1.4817 56s/Msamples
         446000     -1523.6576        51.5        -1518.0247        -5.6328 56s/Msamples
         447000     -1510.1619        51.5        -1505.3784        -4.7835 56s/Msamples
         448000     -1514.0814        51.4        -1514.9561         0.8746 56s/Msamples
         449000     -1511.4784        51.2        -1511.2527        -0.2256 56s/Msamples
         450000     -1519.6697        51.2        -1512.9152        -6.7544 56s/Msamples
         451000     -1523.9728        51.2        -1521.5453        -2.4275 56s/Msamples
         452000     -1525.3302        51.4        -1524.1318        -1.1984 56s/Msamples
         453000     -1538.6656        52.2        -1531.1525        -7.5131 56s/Msamples
         454000     -1532.5648        52.6        -1523.1234        -9.4413 56s/Msamples
         455000     -1537.8763        53.2        -1527.5635       -10.3128 56s/Msamples
         456000     -1518.4180        53.3        -1514.8316        -3.5864 56s/Msamples
         457000     -1522.8510        53.4        -1514.4134        -8.4376 56s/Msamples
         458000     -1527.1558        53.6        -1520.6219        -6.5338 56s/Msamples
         459000     -1524.3875        53.6        -1513.4727       -10.9148 56s/Msamples
         460000     -1528.5493        53.8        -1517.7109       -10.8384 56s/Msamples
         461000     -1518.6939        54.0        -1517.7785        -0.9153 56s/Msamples
         462000     -1527.6703        54.1        -1518.8526        -8.8176 56s/Msamples
         463000     -1540.0620        54.5        -1528.7316       -11.3304 56s/Msamples
         464000     -1527.3739        54.6        -1515.9138       -11.4600 56s/Msamples
         465000     -1526.3024        54.8        -1518.9667        -7.3357 56s/Msamples
         466000     -1517.3263        55.2        -1512.0028        -5.3234 56s/Msamples
         467000     -1529.6391        55.2        -1519.1442       -10.4948 56s/Msamples
         468000     -1528.3152        55.3        -1520.8127        -7.5024 56s/Msamples
         469000     -1526.2099        55.3        -1518.4108        -7.7991 56s/Msamples
         470000     -1522.7143        55.5        -1512.2219       -10.4923 56s/Msamples
         471000     -1530.0765        55.6        -1518.1263       -11.9502 56s/Msamples
         472000     -1528.4542        55.7        -1512.7713       -15.6829 56s/Msamples
         473000     -1521.9706        55.9        -1503.7626       -18.2079 56s/Msamples
         474000     -1529.4648        56.0        -1515.3561       -14.1087 56s/Msamples
         475000     -1526.0744        56.1        -1512.9638       -13.1106 56s/Msamples
         476000     -1543.5194        56.5        -1531.7820       -11.7374 56s/Msamples
         477000     -1532.3971        56.6        -1522.2299       -10.1672 56s/Msamples
         478000     -1534.3869        56.7        -1526.4246        -7.9623 56s/Msamples
         479000     -1532.7585        56.1        -1521.0701       -11.6883 56s/Msamples
         480000     -1522.6856        56.3        -1516.1783        -6.5073 56s/Msamples
         481000     -1522.3808        56.6        -1507.2318       -15.1489 56s/Msamples
         482000     -1516.7211        57.0        -1509.2109        -7.5101 56s/Msamples
         483000     -1515.4209        57.5        -1505.7470        -9.6739 56s/Msamples
         484000     -1509.6591        58.2        -1508.9434        -0.7156 56s/Msamples
         485000     -1509.1131        58.8        -1510.9999         1.8867 56s/Msamples
         486000     -1506.5871        59.4        -1509.5166         2.9295 56s/Msamples
         487000     -1510.6630        59.7        -1509.9529        -0.7100 56s/Msamples
         488000     -1506.2408        60.0        -1512.1496         5.9088 56s/Msamples
         489000     -1509.2597        59.9        -1511.3479         2.0882 56s/Msamples
         490000     -1527.4760        60.1        -1518.6991        -8.7768 56s/Msamples
         491000     -1527.1022        60.4        -1524.6060        -2.4962 56s/Msamples
         492000     -1519.0518        60.3        -1516.9772        -2.0745 56s/Msamples
         493000     -1528.0283        60.6        -1520.0008        -8.0274 56s/Msamples
         494000     -1514.7954        60.3        -1512.4892        -2.3062 56s/Msamples
         495000     -1526.0712        60.5        -1522.2440        -3.8271 56s/Msamples
         496000     -1526.5006        60.7        -1518.0166        -8.4840 56s/Msamples
         497000     -1520.6985        60.6        -1516.1673        -4.5312 56s/Msamples
         498000     -1524.8708        60.8        -1514.9590        -9.9118 56s/Msamples
         499000     -1526.3048        60.8        -1517.5553        -8.7495 56s/Msamples
         500000     -1524.0977        60.9        -1514.0581       -10.0396 56s/Msamples
         501000     -1526.4931        61.1        -1521.4506        -5.0424 56s/Msamples
         502000     -1525.4136        61.2        -1519.9535        -5.4601 56s/Msamples
         503000     -1522.7721        61.3        -1516.2613        -6.5107 56s/Msamples
         504000     -1523.6111        61.5        -1510.5551       -13.0560 56s/Msamples
         505000     -1524.2280        61.6        -1514.5225        -9.7054 56s/Msamples
         506000     -1515.8324        61.8        -1507.5106        -8.3217 56s/Msamples
         507000     -1517.7908        61.9        -1509.1228        -8.6680 56s/Msamples
         508000     -1515.6566        62.1        -1507.4962        -8.1604 56s/Msamples
         509000     -1514.0955        61.8        -1514.2704         0.1748 56s/Msamples
         510000     -1514.7882        61.9        -1519.7185         4.9303 56s/Msamples
         511000     -1524.9793        62.1        -1523.0731        -1.9062 56s/Msamples
         512000     -1535.5287        62.6        -1527.6706        -7.8580 56s/Msamples
         513000     -1529.0816        62.9        -1525.0092        -4.0724 56s/Msamples
         514000     -1528.7388        63.1        -1524.1289        -4.6099 56s/Msamples
         515000     -1526.9096        63.3        -1519.4208        -7.4888 56s/Msamples
         516000     -1524.5404        63.4        -1518.4666        -6.0738 56s/Msamples
         517000     -1521.2887        63.5        -1512.4981        -8.7905 56s/Msamples
         518000     -1529.6666        63.8        -1518.4131       -11.2535 56s/Msamples
         519000     -1529.6116        63.9        -1520.0735        -9.5381 56s/Msamples
         520000     -1532.4503        64.2        -1517.8279       -14.6224 56s/Msamples
         521000     -1527.1764        64.4        -1520.0934        -7.0829 56s/Msamples
         522000     -1527.2003        64.5        -1515.7593       -11.4410 56s/Msamples
         523000     -1525.5095        64.6        -1520.3739        -5.1356 56s/Msamples
         524000     -1514.4689        65.1        -1510.9804        -3.4885 56s/Msamples
         525000     -1530.7444        65.2        -1520.9550        -9.7894 56s/Msamples
         526000     -1521.2838        65.4        -1520.5599        -0.7239 56s/Msamples
         527000     -1520.1396        65.7        -1514.5864        -5.5532 56s/Msamples
         528000     -1524.5232        65.8        -1515.8317        -8.6914 56s/Msamples
         529000     -1524.3523        65.7        -1516.3059        -8.0464 56s/Msamples
         530000     -1518.4604        65.9        -1520.1913         1.7309 56s/Msamples
         531000     -1518.3096        66.1        -1511.7281        -6.5815 56s/Msamples
         532000     -1526.3078        66.3        -1517.9246        -8.3832 56s/Msamples
         533000     -1527.0269        66.4        -1521.7067        -5.3202 56s/Msamples
         534000     -1528.9831        66.6        -1514.8636       -14.1195 56s/Msamples
         535000     -1534.1567        67.0        -1521.2025       -12.9542 56s/Msamples
         536000     -1513.6190        67.3        -1509.4063        -4.2126 56s/Msamples
         537000     -1525.8764        67.4        -1523.9826        -1.8937 56s/Msamples
         538000     -1519.8386        67.6        -1521.9605         2.1218 56s/Msamples
         539000     -1521.8021        67.4        -1518.2627        -3.5394 56s/Msamples
         540000     -1527.5296        67.6        -1529.4741         1.9445 56s/Msamples
         541000     -1524.3305        67.8        -1509.9906       -14.3399 56s/Msamples
         542000     -1525.3088        67.9        -1512.7581       -12.5507 56s/Msamples
         543000     -1528.8486        68.1        -1516.3460       -12.5025 56s/Msamples
         544000     -1526.7843        68.2        -1524.3500        -2.4342 56s/Msamples
         545000     -1535.5161        68.6        -1536.8797         1.3635 56s/Msamples
         546000     -1518.6769        68.8        -1521.7070         3.0301 56s/Msamples
         547000     -1522.4352        69.0        -1520.6153        -1.8199 56s/Msamples
         548000     -1518.0904        69.3        -1510.5917        -7.4986 56s/Msamples
         549000     -1526.1239        69.2        -1520.7693        -5.3545 56s/Msamples
         550000     -1525.0147        69.4        -1517.1137        -7.9010 56s/Msamples
         551000     -1519.5969        69.5        -1506.9830       -12.6138 56s/Msamples
         552000     -1516.9785        69.8        -1510.0199        -6.9586 56s/Msamples
         553000     -1528.9478        70.0        -1515.3892       -13.5586 56s/Msamples
         554000     -1526.5063        70.1        -1519.2930        -7.2133 56s/Msamples
         555000     -1522.0004        70.2        -1514.0274        -7.9730 56s/Msamples
         556000     -1522.5827        70.4        -1514.5125        -8.0702 56s/Msamples
         557000     -1516.2183        70.6        -1511.6252        -4.5930 56s/Msamples
         558000     -1521.3782        70.7        -1509.9892       -11.3889 56s/Msamples
         559000     -1509.6071        70.9        -1501.3225        -8.2846 56s/Msamples
         560000     -1523.8754        71.0        -1510.8750       -13.0004 56s/Msamples
         561000     -1523.0423        71.1        -1513.6675        -9.3748 56s/Msamples
         562000     -1524.9469        71.3        -1513.9235       -11.0233 56s/Msamples
         563000     -1524.5662        71.4        -1515.2846        -9.2816 56s/Msamples
         564000     -1525.5480        71.6        -1513.6705       -11.8775 56s/Msamples
         565000     -1527.1066        71.8        -1506.8183       -20.2882 56s/Msamples
         566000     -1526.7994        72.0        -1511.5478       -15.2515 56s/Msamples
         567000     -1540.4498        72.8        -1524.7440       -15.7058 56s/Msamples
         568000     -1525.1094        72.9        -1514.3632       -10.7462 56s/Msamples
         569000     -1524.5531        72.3        -1521.5957        -2.9573 56s/Msamples
         570000     -1529.5263        72.6        -1524.1523        -5.3740 56s/Msamples
         571000     -1531.3236        72.8        -1521.7159        -9.6076 56s/Msamples
         572000     -1523.0508        73.0        -1515.5820        -7.4687 56s/Msamples
         573000     -1524.7840        73.1        -1516.3686        -8.4153 56s/Msamples
         574000     -1525.2674        73.2        -1518.5739        -6.6934 56s/Msamples
         575000     -1532.3072        73.3        -1525.8730        -6.4342 56s/Msamples
         576000     -1529.8568        73.4        -1522.9076        -6.9492 56s/Msamples
         577000     -1524.8111        73.6        -1515.5263        -9.2848 56s/Msamples
         578000     -1522.7661        73.8        -1513.6253        -9.1407 56s/Msamples
         579000     -1523.9493        73.6        -1519.5182        -4.4311 56s/Msamples
         580000     -1523.7399        73.8        -1522.7148        -1.0251 56s/Msamples
         581000     -1537.3598        73.9        -1524.5808       -12.7789 56s/Msamples
         582000     -1535.3796        74.1        -1530.1908        -5.1887 56s/Msamples
         583000     -1533.9087        74.2        -1526.7199        -7.1887 56s/Msamples
         584000     -1531.1118        74.2        -1522.9585        -8.1532 56s/Msamples
         585000     -1521.5473        74.5        -1517.8997        -3.6475 56s/Msamples
         586000     -1532.6923        74.5        -1525.1958        -7.4965 56s/Msamples
         587000     -1533.2451        74.5        -1526.4751        -6.7699 56s/Msamples
         588000     -1521.0519        74.8        -1518.8578        -2.1940 56s/Msamples
         589000     -1523.4026        74.8        -1518.9517        -4.4509 56s/Msamples
         590000     -1537.3942        74.9        -1533.7030        -3.6911 56s/Msamples
         591000     -1523.6401        75.1        -1519.9659        -3.6742 56s/Msamples
         592000     -1528.7961        75.1        -1515.7981       -12.9980 56s/Msamples
         593000     -1521.3652        75.4        -1517.1239        -4.2412 56s/Msamples
         594000     -1539.8856        75.5        -1530.5840        -9.3015 56s/Msamples
         595000     -1516.8643        76.1        -1511.0130        -5.8512 56s/Msamples
         596000     -1524.9501        76.2        -1517.2364        -7.7137 56s/Msamples
         597000     -1520.1543        76.5        -1512.2375        -7.9167 56s/Msamples
         598000     -1529.3899        76.6        -1516.4966       -12.8933 56s/Msamples
         599000     -1535.0894        76.7        -1523.1832       -11.9061 56s/Msamples
         600000     -1536.5061        76.8        -1529.1707        -7.3353 56s/Msamples
         601000     -1534.9073        76.8        -1521.1178       -13.7895 56s/Msamples
         602000     -1521.9249        77.1        -1515.5294        -6.3954 56s/Msamples
         603000     -1526.6066        77.2        -1508.6696       -17.9369 56s/Msamples
         604000     -1532.8663        77.2        -1520.1736       -12.6926 56s/Msamples
         605000     -1524.9300        77.4        -1513.3984       -11.5315 56s/Msamples
         606000     -1538.2371        77.5        -1524.1292       -14.1079 56s/Msamples
         607000     -1527.9239        77.5        -1516.6883       -11.2356 56s/Msamples
         608000     -1523.2622        77.7        -1515.4694        -7.7927 56s/Msamples
         609000     -1520.5843        77.8        -1511.0886        -9.4956 56s/Msamples
         610000     -1522.7036        78.1        -1512.3573       -10.3463 56s/Msamples
         611000     -1536.0883        78.1        -1520.0342       -16.0540 56s/Msamples
         612000     -1526.5469        78.2        -1514.3071       -12.2397 56s/Msamples
         613000     -1526.4656        78.3        -1518.4335        -8.0321 56s/Msamples
         614000     -1527.4380        78.4        -1510.8056       -16.6324 56s/Msamples
         615000     -1531.1041        78.5        -1512.5509       -18.5531 56s/Msamples
         616000     -1531.9685        78.5        -1517.1906       -14.7778 56s/Msamples
         617000     -1518.2296        79.0        -1507.4062       -10.8233 56s/Msamples
         618000     -1527.6999        79.1        -1517.6480       -10.0518 56s/Msamples
         619000     -1518.6686        79.3        -1514.8339        -3.8346 56s/Msamples
         620000     -1526.0413        79.4        -1512.8504       -13.1908 56s/Msamples
         621000     -1526.7025        79.5        -1515.8258       -10.8766 56s/Msamples
         622000     -1536.9984        79.8        -1525.8532       -11.1451 56s/Msamples
         623000     -1519.4767        80.1        -1512.0907        -7.3860 56s/Msamples
         624000     -1521.3588        80.4        -1512.4320        -8.9267 56s/Msamples
         625000     -1528.8230        80.5        -1517.2512       -11.5718 56s/Msamples
         626000     -1524.3033        80.6        -1517.1399        -7.1633 56s/Msamples
         627000     -1520.1301        80.9        -1509.3232       -10.8068 56s/Msamples
         628000     -1526.2906        81.0        -1522.7176        -3.5729 56s/Msamples
         629000     -1531.1420        80.7        -1516.4572       -14.6848 56s/Msamples
         630000     -1528.4148        80.8        -1508.1503       -20.2645 56s/Msamples
         631000     -1535.9423        81.1        -1518.0728       -17.8694 56s/Msamples
         632000     -1528.3879        81.3        -1516.5715       -11.8164 56s/Msamples
         633000     -1527.5840        81.4        -1517.1447       -10.4392 56s/Msamples
         634000     -1535.9118        81.5        -1521.0644       -14.8473 56s/Msamples
         635000     -1531.1041        81.6        -1521.0324       -10.0717 56s/Msamples
         636000     -1536.0363        81.7        -1528.7653        -7.2709 56s/Msamples
         637000     -1533.0099        81.7        -1521.7146       -11.2953 56s/Msamples
         638000     -1534.3377        81.7        -1520.6463       -13.6914 56s/Msamples
         639000     -1526.7661        81.7        -1516.7509       -10.0151 56s/Msamples
         640000     -1540.8150        81.6        -1529.1930       -11.6220 56s/Msamples
         641000     -1529.9587        81.6        -1520.7525        -9.2061 56s/Msamples
         642000     -1520.9288        82.0        -1507.1659       -13.7629 56s/Msamples
         643000     -1519.9890        82.5        -1513.1118        -6.8771 56s/Msamples
         644000     -1513.2592        83.5        -1500.4862       -12.7729 56s/Msamples
         645000     -1531.4285        83.4        -1517.1383       -14.2901 56s/Msamples
         646000     -1520.6774        83.8        -1516.5057        -4.1716 56s/Msamples
         647000     -1533.4914        83.8        -1519.5410       -13.9504 56s/Msamples
         648000     -1521.4647        84.1        -1511.3523       -10.1124 56s/Msamples
         649000     -1516.6524        84.5        -1511.9495        -4.7028 56s/Msamples
         650000     -1521.3013        84.8        -1512.9138        -8.3875 56s/Msamples
         651000     -1520.8833        85.0        -1511.8204        -9.0628 56s/Msamples
         652000     -1535.1322        85.3        -1529.5446        -5.5876 56s/Msamples
         653000     -1524.8295        85.5        -1519.8086        -5.0208 56s/Msamples
         654000     -1526.0147        85.6        -1519.4768        -6.5379 56s/Msamples
         655000     -1522.1771        85.7        -1517.1342        -5.0429 56s/Msamples
         656000     -1534.7723        86.2        -1521.8589       -12.9134 56s/Msamples
         657000     -1528.9136        86.4        -1519.0380        -9.8755 56s/Msamples
         658000     -1517.5254        86.7        -1513.9114        -3.6139 56s/Msamples
         659000     -1528.9649        86.8        -1517.6962       -11.2686 56s/Msamples
         660000     -1529.8594        87.0        -1511.5923       -18.2671 56s/Msamples
         661000     -1520.2811        87.2        -1511.0542        -9.2269 56s/Msamples
         662000     -1516.5687        87.4        -1511.4708        -5.0978 56s/Msamples
         663000     -1526.8008        87.6        -1518.6365        -8.1643 56s/Msamples
         664000     -1522.5295        87.8        -1514.4381        -8.0914 56s/Msamples
         665000     -1526.3185        87.9        -1520.1087        -6.2097 56s/Msamples
         666000     -1517.3932        88.2        -1515.1274        -2.2658 56s/Msamples
         667000     -1530.3008        88.5        -1521.9564        -8.3444 56s/Msamples
         668000     -1522.9227        88.6        -1522.9454         0.0227 56s/Msamples
         669000     -1511.3228        88.4        -1510.0552        -1.2676 56s/Msamples
         670000     -1515.7277        88.6        -1508.2330        -7.4947 56s/Msamples
         671000     -1522.2733        88.7        -1511.4308       -10.8425 56s/Msamples
         672000     -1534.5531        89.3        -1525.2470        -9.3061 56s/Msamples
         673000     -1523.9951        89.5        -1518.8952        -5.0998 56s/Msamples
         674000     -1529.4645        89.7        -1523.7487        -5.7157 56s/Msamples
         675000     -1526.9426        89.9        -1524.1640        -2.7786 56s/Msamples
         676000     -1526.7911        90.1        -1525.2964        -1.4946 56s/Msamples
         677000     -1525.7588        90.3        -1519.2824        -6.4763 56s/Msamples
         678000     -1525.0969        90.4        -1518.2404        -6.8564 56s/Msamples
         679000     -1533.6083        89.6        -1524.6065        -9.0018 56s/Msamples
         680000     -1524.5605        89.8        -1525.9818         1.4213 56s/Msamples
         681000     -1524.8832        89.9        -1529.1694         4.2862 56s/Msamples
         682000     -1525.3739        90.1        -1526.0227         0.6487 56s/Msamples
         683000     -1519.6835        90.3        -1518.6170        -1.0664 56s/Msamples
         684000     -1524.4454        90.4        -1518.1968        -6.2485 56s/Msamples
         685000     -1533.0527        90.6        -1535.2742         2.2214 56s/Msamples
         686000     -1525.1670        90.8        -1525.1768         0.0098 56s/Msamples
         687000     -1523.3862        90.9        -1515.3548        -8.0313 56s/Msamples
         688000     -1528.8392        91.1        -1522.5862        -6.2530 56s/Msamples
         689000     -1540.7720        91.5        -1527.6965       -13.0755 56s/Msamples
         690000     -1537.9070        91.7        -1530.4514        -7.4556 56s/Msamples
         691000     -1535.2523        91.8        -1521.0256       -14.2266 56s/Msamples
         692000     -1527.2648        91.9        -1522.1727        -5.0921 56s/Msamples
         693000     -1523.7730        92.1        -1515.1619        -8.6110 56s/Msamples
         694000     -1532.8983        92.1        -1522.0922       -10.8061 56s/Msamples
         695000     -1547.6847        92.5        -1535.5664       -12.1182 56s/Msamples
         696000     -1544.3055        92.4        -1530.3230       -13.9825 56s/Msamples
         697000     -1534.2979        92.2        -1516.5707       -17.7272 56s/Msamples
         698000     -1532.6304        91.9        -1524.2977        -8.3326 56s/Msamples
         699000     -1531.9461        91.7        -1526.9838        -4.9623 56s/Msamples
         700000     -1536.6713        91.3        -1524.9509       -11.7204 56s/Msamples
         701000     -1530.7832        91.0        -1526.1792        -4.6040 56s/Msamples
         702000     -1531.2132        90.7        -1533.4036         2.1903 56s/Msamples
         703000     -1535.6063        90.2        -1538.0975         2.4911 56s/Msamples
         704000     -1530.0269        90.0        -1531.3275         1.3006 56s/Msamples
         705000     -1526.9589        90.1        -1527.0912         0.1323 56s/Msamples
         706000     -1525.5316        90.2        -1524.3900        -1.1415 56s/Msamples
         707000     -1527.2743        90.2        -1517.7969        -9.4773 56s/Msamples
         708000     -1533.5149        89.9        -1526.1028        -7.4120 56s/Msamples
         709000     -1532.2428        89.7        -1528.5900        -3.6528 56s/Msamples
         710000     -1531.3220        89.6        -1518.6987       -12.6233 56s/Msamples
         711000     -1534.5304        89.4        -1525.5763        -8.9540 56s/Msamples
         712000     -1529.1744        89.4        -1521.3120        -7.8624 56s/Msamples
         713000     -1523.9348        89.6        -1522.4289        -1.5058 56s/Msamples
         714000     -1521.5254        90.0        -1518.9350        -2.5904 56s/Msamples
         715000     -1523.5024        90.2        -1520.1978        -3.3045 56s/Msamples
         716000     -1531.2809        90.2        -1524.8554        -6.4255 56s/Msamples
         717000     -1515.9079        90.8        -1517.2181         1.3102 56s/Msamples
         718000     -1527.0024        90.9        -1519.6057        -7.3967 56s/Msamples
         719000     -1517.8754        91.3        -1517.6020        -0.2733 56s/Msamples
         720000     -1521.6158        91.5        -1519.4910        -2.1247 56s/Msamples
         721000     -1522.1066        91.7        -1526.8482         4.7415 56s/Msamples
         722000     -1527.6132        91.8        -1527.0306        -0.5826 56s/Msamples
         723000     -1534.3065        92.1        -1527.3697        -6.9368 56s/Msamples
         724000     -1521.5846        92.3        -1512.1539        -9.4307 56s/Msamples
         725000     -1529.7609        92.5        -1519.2655       -10.4953 56s/Msamples
         726000     -1538.0403        93.0        -1529.8926        -8.1476 56s/Msamples
         727000     -1540.7287        93.6        -1521.6128       -19.1159 56s/Msamples
         728000     -1531.4786        93.7        -1521.5708        -9.9078 56s/Msamples
         729000     -1525.9238        93.7        -1521.7135        -4.2102 56s/Msamples
         730000     -1537.7299        93.9        -1525.6660       -12.0638 56s/Msamples
         731000     -1536.0393        94.1        -1528.3000        -7.7393 56s/Msamples
         732000     -1532.8103        94.0        -1524.6347        -8.1756 56s/Msamples
         733000     -1534.9815        94.0        -1523.7570       -11.2245 56s/Msamples
         734000     -1528.5749        94.0        -1516.8845       -11.6904 56s/Msamples
         735000     -1540.6784        93.8        -1527.8574       -12.8210 56s/Msamples
         736000     -1532.2697        93.6        -1519.8368       -12.4329 56s/Msamples
         737000     -1537.7403        93.2        -1527.1687       -10.5715 56s/Msamples
         738000     -1533.4959        92.9        -1518.4549       -15.0409 56s/Msamples
         739000     -1531.3982        92.1        -1512.8754       -18.5228 56s/Msamples
         740000     -1533.3507        91.8        -1523.0204       -10.3302 56s/Msamples
         741000     -1536.3558        91.4        -1521.3841       -14.9717 56s/Msamples
         742000     -1527.6820        91.4        -1511.7912       -15.8908 56s/Msamples
         743000     -1532.0434        91.1        -1515.7862       -16.2572 56s/Msamples
         744000     -1537.5503        90.6        -1519.5499       -18.0004 56s/Msamples
         745000     -1526.2919        90.7        -1516.0538       -10.2380 56s/Msamples
         746000     -1525.5687        90.9        -1515.3737       -10.1950 56s/Msamples
         747000     -1526.9565        90.9        -1516.5783       -10.3782 56s/Msamples
         748000     -1512.7034        92.2        -1502.9213        -9.7820 56s/Msamples
         749000     -1526.0566        92.3        -1508.5906       -17.4660 56s/Msamples
         750000     -1522.3697        92.5        -1511.3021       -11.0676 56s/Msamples
         751000     -1517.3118        93.1        -1509.6034        -7.7084 56s/Msamples
         752000     -1521.5997        93.3        -1511.2944       -10.3052 56s/Msamples
         753000     -1519.5939        93.6        -1507.8581       -11.7358 56s/Msamples
         754000     -1517.3767        93.9        -1510.9768        -6.3998 56s/Msamples
         755000     -1520.2503        94.1        -1512.0557        -8.1946 56s/Msamples
         756000     -1531.4193        94.3        -1511.7210       -19.6982 56s/Msamples
         757000     -1527.8404        94.5        -1517.9432        -9.8971 56s/Msamples
         758000     -1537.1191        95.1        -1526.1646       -10.9544 56s/Msamples
         759000     -1541.0091        95.9        -1528.3761       -12.6330 56s/Msamples
         760000     -1537.8559        96.4        -1527.5778       -10.2780 56s/Msamples
         761000     -1541.1058        97.0        -1530.1340       -10.9718 56s/Msamples
         762000     -1531.2998        97.1        -1522.9595        -8.3403 56s/Msamples
         763000     -1543.5329        97.5        -1536.2085        -7.3244 56s/Msamples
         764000     -1534.4345        97.5        -1530.1267        -4.3077 56s/Msamples
         765000     -1524.9116        97.7        -1520.6307        -4.2809 56s/Msamples
         766000     -1524.9924        97.9        -1523.1378        -1.8546 56s/Msamples
         767000     -1525.7126        98.0        -1518.8673        -6.8452 56s/Msamples
         768000     -1537.1852        97.8        -1530.2428        -6.9423 56s/Msamples
         769000     -1538.0711        97.4        -1532.2033        -5.8678 56s/Msamples
         770000     -1531.1508        97.2        -1525.5002        -5.6505 56s/Msamples
         771000     -1538.2638        96.8        -1528.2027       -10.0611 56s/Msamples
         772000     -1527.7702        96.8        -1517.4214       -10.3488 56s/Msamples
         773000     -1533.1581        96.5        -1516.6354       -16.5226 56s/Msamples
         774000     -1533.5092        96.2        -1523.0779       -10.4312 56s/Msamples
         775000     -1535.3087        96.0        -1523.3636       -11.9450 56s/Msamples
         776000     -1526.8545        96.0        -1516.6636       -10.1909 56s/Msamples
         777000     -1526.0506        96.2        -1522.7736        -3.2770 56s/Msamples
         778000     -1531.0080        96.1        -1522.8296        -8.1784 56s/Msamples
         779000     -1534.0591        95.5        -1522.6223       -11.4367 56s/Msamples
         780000     -1543.9618        95.3        -1540.4760        -3.4858 56s/Msamples
         781000     -1525.8845        95.4        -1523.0445        -2.8399 56s/Msamples
         782000     -1513.0482        96.6        -1506.3950        -6.6531 56s/Msamples
         783000     -1533.6847        96.5        -1515.1708       -18.5138 56s/Msamples
         784000     -1533.7052        96.3        -1519.5905       -14.1147 56s/Msamples
         785000     -1522.1755        96.6        -1511.9249       -10.2506 56s/Msamples
         786000     -1513.2795        97.6        -1507.1248        -6.1546 56s/Msamples
         787000     -1523.1627        97.9        -1514.9037        -8.2589 56s/Msamples
         788000     -1515.0474        98.5        -1514.2118        -0.8356 56s/Msamples
         789000     -1519.1114        98.8        -1510.9790        -8.1323 56s/Msamples
         790000     -1525.1914        98.9        -1510.7130       -14.4784 56s/Msamples
         791000     -1536.3452        99.2        -1520.7499       -15.5952 56s/Msamples
         792000     -1530.7942        99.4        -1513.5642       -17.2300 56s/Msamples
         793000     -1527.4712        99.5        -1519.0120        -8.4592 56s/Msamples
         794000     -1525.3084        99.6        -1515.8110        -9.4973 56s/Msamples
         795000     -1525.2518        99.8        -1508.7020       -16.5498 56s/Msamples
         796000     -1524.7340        99.9        -1511.3828       -13.3511 56s/Msamples
         797000     -1528.5661       100.1        -1512.6954       -15.8706 56s/Msamples
         798000     -1539.6648       100.7        -1515.5792       -24.0855 56s/Msamples
         799000     -1514.0678       101.0        -1505.2190        -8.8488 56s/Msamples
         800000     -1517.3138       101.2        -1510.3055        -7.0082 56s/Msamples
         801000     -1518.0476       101.5        -1508.4347        -9.6129 56s/Msamples
         802000     -1524.6280       101.6        -1514.1061       -10.5218 56s/Msamples
         803000     -1534.4453       101.9        -1520.6230       -13.8223 56s/Msamples
         804000     -1516.0197       102.2        -1511.2266        -4.7930 56s/Msamples
         805000     -1527.7801       102.4        -1512.0975       -15.6825 56s/Msamples
         806000     -1534.8876       102.7        -1516.1466       -18.7409 56s/Msamples
         807000     -1525.8130       102.8        -1507.3295       -18.4835 56s/Msamples
         808000     -1527.5452       103.0        -1507.3840       -20.1612 56s/Msamples
         809000     -1528.8815       103.0        -1517.6996       -11.1819 56s/Msamples
         810000     -1530.7114       103.2        -1509.4725       -21.2389 56s/Msamples
         811000     -1528.2298       103.3        -1513.4734       -14.7563 56s/Msamples
         812000     -1525.9349       103.5        -1510.7738       -15.1611 56s/Msamples
         813000     -1527.2283       103.6        -1514.4176       -12.8107 56s/Msamples
         814000     -1537.4442       104.0        -1525.4542       -11.9899 56s/Msamples
         815000     -1534.1424       104.1        -1519.5664       -14.5760 56s/Msamples
         816000     -1532.7956       104.2        -1518.7735       -14.0220 56s/Msamples
         817000     -1525.9477       104.3        -1510.8294       -15.1183 56s/Msamples
         818000     -1520.3382       104.7        -1512.3493        -7.9888 56s/Msamples
         819000     -1518.2410       105.0        -1511.6926        -6.5483 56s/Msamples
         820000     -1517.9197       105.5        -1518.0395         0.1198 56s/Msamples
         821000     -1510.9453       106.2        -1511.7056         0.7602 56s/Msamples
         822000     -1516.6023       106.6        -1510.1037        -6.4985 56s/Msamples
         823000     -1508.2739       107.2        -1508.6776         0.4036 56s/Msamples
         824000     -1514.5515       107.4        -1509.4071        -5.1444 56s/Msamples
         825000     -1515.1913       107.5        -1513.4163        -1.7750 56s/Msamples
         826000     -1513.3603       107.5        -1513.9336         0.5733 56s/Msamples
         827000     -1516.3787       107.4        -1513.1951        -3.1836 56s/Msamples
         828000     -1516.3148       107.2        -1508.4068        -7.9079 56s/Msamples
         829000     -1513.5706       106.7        -1513.9723         0.4016 56s/Msamples
         830000     -1506.9636       106.1        -1503.5968        -3.3668 56s/Msamples
         831000     -1524.9468       106.1        -1518.3010        -6.6457 56s/Msamples
         832000     -1513.3891       105.4        -1508.4525        -4.9366 56s/Msamples
         833000     -1518.8170       105.0        -1512.3055        -6.5115 56s/Msamples
         834000     -1516.0002       104.5        -1511.2772        -4.7229 56s/Msamples
         835000     -1521.2396       104.2        -1514.2642        -6.9753 56s/Msamples
         836000     -1523.3596       104.2        -1515.4561        -7.9034 56s/Msamples
         837000     -1523.0836       104.1        -1515.8698        -7.2138 56s/Msamples
         838000     -1518.5251       103.8        -1511.3942        -7.1308 56s/Msamples
         839000     -1526.5130       104.0        -1517.8718        -8.6411 56s/Msamples
         840000     -1542.9055       105.7        -1523.6277       -19.2778 56s/Msamples
         841000     -1542.5155       107.2        -1528.8210       -13.6945 56s/Msamples
         842000     -1529.9795       107.5        -1520.1296        -9.8498 56s/Msamples
         843000     -1537.0265       108.2        -1528.8018        -8.2247 56s/Msamples
         844000     -1534.7346       108.5        -1517.4487       -17.2859 56s/Msamples
         845000     -1538.6040       108.9        -1527.7828       -10.8212 56s/Msamples
         846000     -1534.7467       109.0        -1516.9647       -17.7820 56s/Msamples
         847000     -1534.5359       109.0        -1517.2867       -17.2491 56s/Msamples
         848000     -1526.9284       109.1        -1511.7452       -15.1831 56s/Msamples
         849000     -1536.3442       108.9        -1517.9641       -18.3800 56s/Msamples
         850000     -1534.3788       108.7        -1519.5727       -14.8061 56s/Msamples
         851000     -1541.8325       108.3        -1524.5997       -17.2328 56s/Msamples
         852000     -1531.3113       108.1        -1516.5452       -14.7660 56s/Msamples
         853000     -1536.2345       107.7        -1519.2738       -16.9607 56s/Msamples
         854000     -1534.0900       107.2        -1518.3265       -15.7634 56s/Msamples
         855000     -1522.3578       107.7        -1516.4958        -5.8620 56s/Msamples
         856000     -1548.3973       107.2        -1534.9776       -13.4196 56s/Msamples
         857000     -1535.5665       106.8        -1516.3946       -19.1719 56s/Msamples
         858000     -1538.8833       106.3        -1527.4546       -11.4287 56s/Msamples
         859000     -1518.7695       106.7        -1506.2136       -12.5558 56s/Msamples
         860000     -1528.9411       106.6        -1518.7180       -10.2230 56s/Msamples
         861000     -1537.0223       106.3        -1526.9719       -10.0503 56s/Msamples
         862000     -1520.1335       106.9        -1513.7988        -6.3347 56s/Msamples
         863000     -1524.6656       107.1        -1512.8197       -11.8458 56s/Msamples
         864000     -1523.8646       107.3        -1513.4896       -10.3749 56s/Msamples
         865000     -1533.1329       107.2        -1515.0192       -18.1136 56s/Msamples
         866000     -1529.7415       107.2        -1519.8339        -9.9075 56s/Msamples
         867000     -1528.6143       107.3        -1512.5072       -16.1071 56s/Msamples
         868000     -1514.0064       108.1        -1508.2524        -5.7540 56s/Msamples
         869000     -1527.4461       108.1        -1525.2601        -2.1859 56s/Msamples
         870000     -1526.0511       108.2        -1517.2101        -8.8409 56s/Msamples
         871000     -1523.1384       108.4        -1517.5743        -5.5640 56s/Msamples
         872000     -1529.4854       108.5        -1518.1316       -11.3537 56s/Msamples
         873000     -1521.5801       108.7        -1505.9106       -15.6694 56s/Msamples
         874000     -1522.4762       108.9        -1513.1258        -9.3503 56s/Msamples
         875000     -1526.2412       109.0        -1512.5812       -13.6599 56s/Msamples
         876000     -1527.8487       109.2        -1513.1889       -14.6598 56s/Msamples
         877000     -1524.1824       109.3        -1509.0729       -15.1095 56s/Msamples
         878000     -1523.6945       109.5        -1508.9999       -14.6945 56s/Msamples
         879000     -1532.6363       109.4        -1524.1486        -8.4876 56s/Msamples
         880000     -1523.1258       109.6        -1511.4455       -11.6802 56s/Msamples
         881000     -1530.1284       109.8        -1520.3413        -9.7870 56s/Msamples
         882000     -1517.6897       110.0        -1506.5038       -11.1859 56s/Msamples
         883000     -1520.9959       110.1        -1507.5143       -13.4816 56s/Msamples
         884000     -1529.0279       110.3        -1517.7554       -11.2724 56s/Msamples
         885000     -1529.3461       110.5        -1513.0337       -16.3124 56s/Msamples
         886000     -1521.6791       110.7        -1511.3144       -10.3646 56s/Msamples
         887000     -1536.0792       111.0        -1522.6782       -13.4009 56s/Msamples
         888000     -1535.5866       111.3        -1521.9383       -13.6482 56s/Msamples
         889000     -1528.9210       111.4        -1521.1375        -7.7835 56s/Msamples
         890000     -1521.9863       111.6        -1508.7309       -13.2553 56s/Msamples
         891000     -1523.8097       111.8        -1509.7100       -14.0997 56s/Msamples
         892000     -1526.5359       111.9        -1518.1187        -8.4171 56s/Msamples
         893000     -1534.2082       112.1        -1528.4613        -5.7468 56s/Msamples
         894000     -1521.7477       112.3        -1514.9030        -6.8447 56s/Msamples
         895000     -1523.0037       112.5        -1517.5796        -5.4240 56s/Msamples
         896000     -1534.6912       112.7        -1529.5573        -5.1339 56s/Msamples
         897000     -1533.7428       112.8        -1520.8817       -12.8611 56s/Msamples
         898000     -1520.8873       113.1        -1510.7407       -10.1465 56s/Msamples
         899000     -1522.5733       113.3        -1515.9088        -6.6644 56s/Msamples
         900000     -1522.1048       113.5        -1513.0892        -9.0155 56s/Msamples
         901000     -1518.0973       113.9        -1512.7576        -5.3396 56s/Msamples
         902000     -1519.0685       114.1        -1516.3575        -2.7109 56s/Msamples
         903000     -1525.7194       114.3        -1516.7562        -8.9632 56s/Msamples
         904000     -1521.8952       114.4        -1516.5974        -5.2977 56s/Msamples
         905000     -1518.1823       114.6        -1513.8041        -4.3782 56s/Msamples
         906000     -1519.9404       114.7        -1514.7512        -5.1891 56s/Msamples
         907000     -1521.1399       114.8        -1514.3963        -6.7436 56s/Msamples
         908000     -1517.9123       114.9        -1516.6237        -1.2886 56s/Msamples
         909000     -1538.1826       115.5        -1529.5072        -8.6754 56s/Msamples
         910000     -1528.9077       115.8        -1527.5068        -1.4009 56s/Msamples
         911000     -1522.0624       115.8        -1520.5655        -1.4968 56s/Msamples
         912000     -1541.2774       116.9        -1537.6475        -3.6298 56s/Msamples
         913000     -1536.6685       117.4        -1532.7893        -3.8792 56s/Msamples
         914000     -1519.9300       117.6        -1517.3976        -2.5324 56s/Msamples
         915000     -1519.6904       117.7        -1517.6045        -2.0858 56s/Msamples
         916000     -1529.2478       117.9        -1525.6066        -3.6411 56s/Msamples
         917000     -1533.8620       118.2        -1527.6879        -6.1740 56s/Msamples
         918000     -1532.8194       118.4        -1530.1287        -2.6906 56s/Msamples
         919000     -1519.2997       118.5        -1517.5936        -1.7061 56s/Msamples
         920000     -1527.6839       118.7        -1521.2579        -6.4259 56s/Msamples
         921000     -1537.1614       118.9        -1523.8697       -13.2916 56s/Msamples
         922000     -1524.6215       119.0        -1516.1438        -8.4777 56s/Msamples
         923000     -1528.5718       119.1        -1515.8398       -12.7320 56s/Msamples
         924000     -1536.3312       119.2        -1524.8705       -11.4606 56s/Msamples
         925000     -1535.5732       119.2        -1525.6267        -9.9464 56s/Msamples
         926000     -1530.9594       119.2        -1517.2383       -13.7210 56s/Msamples
         927000     -1524.7986       119.4        -1513.0739       -11.7246 56s/Msamples
         928000     -1522.6228       119.7        -1516.3242        -6.2985 56s/Msamples
         929000     -1533.1082       119.2        -1527.1676        -5.9405 56s/Msamples
         930000     -1540.9804       119.3        -1531.9695        -9.0109 56s/Msamples
         931000     -1538.4611       119.2        -1528.1017       -10.3593 56s/Msamples
         932000     -1548.1336       119.3        -1529.3225       -18.8111 55s/Msamples
         933000     -1533.8410       119.1        -1524.1623        -9.6786 55s/Msamples
         934000     -1543.7265       118.7        -1528.6116       -15.1149 55s/Msamples
         935000     -1537.6545       118.3        -1530.0175        -7.6370 55s/Msamples
         936000     -1528.5434       118.3        -1522.1526        -6.3907 55s/Msamples
         937000     -1545.7454       117.7        -1540.9006        -4.8447 55s/Msamples
         938000     -1536.4161       117.2        -1526.1466       -10.2695 55s/Msamples
         939000     -1543.8714       116.4        -1536.9492        -6.9222 55s/Msamples
         940000     -1530.4155       116.2        -1526.0746        -4.3408 55s/Msamples
         941000     -1530.1305       116.0        -1527.4696        -2.6609 55s/Msamples
         942000     -1541.7992       115.3        -1537.5111        -4.2881 55s/Msamples
         943000     -1533.1760       114.8        -1532.5317        -0.6442 55s/Msamples
         944000     -1534.9358       114.3        -1537.3092         2.3733 55s/Msamples
         945000     -1533.7372       113.8        -1527.0000        -6.7372 55s/Msamples
         946000     -1532.1855       113.5        -1529.2915        -2.8939 55s/Msamples
         947000     -1545.5741       112.9        -1532.4340       -13.1401 55s/Msamples
         948000     -1532.7920       112.5        -1520.4644       -12.3276 55s/Msamples
         949000     -1539.2746       111.7        -1523.6403       -15.6343 55s/Msamples
         950000     -1537.0116       111.1        -1525.2712       -11.7403 55s/Msamples
         951000     -1529.8254       111.0        -1516.1194       -13.7059 55s/Msamples
         952000     -1523.8445       111.3        -1513.3329       -10.5115 55s/Msamples
         953000     -1518.4286       112.1        -1514.4861        -3.9425 55s/Msamples
         954000     -1513.2434       113.3        -1511.6978        -1.5455 55s/Msamples
         955000     -1514.6858       114.1        -1512.8419        -1.8439 55s/Msamples
         956000     -1521.3804       114.5        -1517.7970        -3.5834 55s/Msamples
         957000     -1516.6940       115.0        -1509.0932        -7.6008 56s/Msamples
         958000     -1527.4674       115.1        -1519.4321        -8.0353 55s/Msamples
         959000     -1516.6151       115.5        -1508.3142        -8.3008 56s/Msamples
         960000     -1528.1425       115.7        -1516.2681       -11.8743 56s/Msamples
         961000     -1529.8542       115.8        -1522.3628        -7.4914 56s/Msamples
         962000     -1537.6686       116.3        -1520.4336       -17.2349 56s/Msamples
         963000     -1528.1178       116.4        -1517.2281       -10.8896 56s/Msamples
         964000     -1530.3585       116.7        -1514.0445       -16.3139 56s/Msamples
         965000     -1516.3315       116.8        -1510.8822        -5.4492 56s/Msamples
         966000     -1517.2081       116.9        -1512.2417        -4.9663 56s/Msamples
         967000     -1530.4908       117.2        -1513.5753       -16.9154 56s/Msamples
         968000     -1537.4091       117.7        -1522.8837       -14.5253 56s/Msamples
         969000     -1524.0699       117.9        -1511.0458       -13.0240 55s/Msamples
         970000     -1530.5378       118.1        -1517.8352       -12.7026 55s/Msamples
         971000     -1539.4900       118.5        -1522.3339       -17.1560 56s/Msamples
         972000     -1531.1313       118.6        -1515.8626       -15.2687 56s/Msamples
         973000     -1524.7745       118.7        -1516.1536        -8.6208 55s/Msamples
         974000     -1524.7998       118.9        -1513.2648       -11.5349 55s/Msamples
         975000     -1534.5603       119.0        -1514.7821       -19.7782 55s/Msamples
         976000     -1531.8441       119.1        -1512.4718       -19.3723 55s/Msamples
         977000     -1527.1445       119.2        -1510.9735       -16.1709 55s/Msamples
         978000     -1528.9092       119.3        -1517.1065       -11.8026 55s/Msamples
         979000     -1525.3750       119.4        -1512.7932       -12.5818 55s/Msamples
         980000     -1532.8154       119.5        -1519.4135       -13.4018 55s/Msamples
         981000     -1529.4511       119.6        -1519.5504        -9.9007 55s/Msamples
         982000     -1539.5957       119.6        -1527.6508       -11.9448 55s/Msamples
         983000     -1534.9939       119.6        -1528.6387        -6.3552 55s/Msamples
         984000     -1534.5570       119.5        -1519.3646       -15.1923 55s/Msamples
         985000     -1515.3759       120.3        -1509.4876        -5.8883 55s/Msamples
         986000     -1533.7743       120.3        -1522.2687       -11.5055 55s/Msamples
         987000     -1527.1406       120.4        -1518.8293        -8.3112 55s/Msamples
         988000     -1549.8332       120.8        -1538.3992       -11.4339 55s/Msamples
         989000     -1555.7408       121.1        -1543.7454       -11.9953 55s/Msamples
         990000     -1545.8448       120.9        -1533.3038       -12.5410 55s/Msamples
         991000     -1535.1003       120.6        -1524.9741       -10.1262 55s/Msamples
         992000     -1535.3768       120.3        -1518.2653       -17.1114 55s/Msamples
         993000     -1539.9074       119.8        -1523.3627       -16.5446 55s/Msamples
         994000     -1532.2778       119.6        -1519.1901       -13.0877 55s/Msamples
         995000     -1542.6660       118.9        -1528.2493       -14.4167 55s/Msamples
         996000     -1539.0518       118.3        -1524.8863       -14.1654 55s/Msamples
         997000     -1534.2787       118.0        -1519.8636       -14.4150 55s/Msamples
         998000     -1533.6119       117.6        -1516.3112       -17.3006 55s/Msamples
         999000     -1530.3720       117.3        -1512.0572       -18.3147 55s/Msamples
        1000000     -1528.2870       117.3        -1517.8361       -10.4508 55s/Msamples
Operator                                                              Tuning	#accept	#reject	#total	acceptance rate
beast.evolution.operators.ScaleOperator_YuleBirthRateScaler.t:s_dat   0.470 	8077	18991	27068	0.298 
beast.evolution.operators.ScaleOperator_treeScaler.t:s_dat            0.741 	4939	21703	26642	0.185 
beast.evolution.operators.ScaleOperator_treeRootScaler.t:s_dat        0.475 	1464	25572	27036	0.054 Try setting scaleFactor to about 0.689
beast.evolution.operators.Uniform_UniformOperator.t:s_dat                   	144914	122639	267553	0.542 
beast.evolution.operators.SubtreeSlide_SubtreeSlide.t:s_dat           1.879 	5494	128442	133936	0.041 Try decreasing size to about 0.94
beast.evolution.operators.Exchange_narrow.t:s_dat                           	50389	83296	133685	0.377 
beast.evolution.operators.Exchange_wide.t:s_dat                             	480	26192	26672	0.018 
beast.evolution.operators.WilsonBalding_WilsonBalding.t:s_dat               	1242	25546	26788	0.046 
beast.evolution.operators.ScaleOperator_mutationRateScaler.s:s_dat    0.601 	122	737	859	0.142 
beast.evolution.operators.ScaleOperator_ucldStdevScaler.c:s_dat       0.155 	7125	19858	26983	0.264 
beast.evolution.operators.IntRandomWalkOperator_CategoriesRandomWalk.c:s_dat      	58367	30449	88816	0.657 
beast.evolution.operators.SwapOperator_CategoriesSwapOperator.c:s_dat       	80356	8741	89097	0.902 
beast.evolution.operators.UniformOperator_CategoriesUniform.c:s_dat         	82716	6220	88936	0.93 
beast.evolution.operators.ScaleOperator_ucldMeanScaler.c:s_dat        0.652 	1988	6992	8980	0.221 
beast.evolution.operators.UpDownOperator_relaxedUpDownOperator.c:s_dat0.685 	5577	21373	26950	0.207 
Total calculation time: 56.514 seconds
End likelihood: -1528.2870166440305

       TreeAnnotator v2.1.2 Prerelease r$, 2002-2014
                    MCMC Output analysis
                             by
           Andrew Rambaut and Alexei J. Drummond

             Institute of Evolutionary Biology
                  University of Edinburgh
                     a.rambaut@ed.ac.uk

               Department of Computer Science
                   University of Auckland
                  alexei@cs.auckland.ac.nz


0              25             50             75            100
|--------------|--------------|--------------|--------------|
*************************************************************
901 trees read.


Total trees read: 911
Ignoring first 10 trees.
Total unique clades: 4575

Finding maximum credibility tree...
Analyzing 901 trees...
0              25             50             75            100
|--------------|--------------|--------------|--------------|
************************************************************

Highest Log Clade Credibility: -54.689824810436306
Collecting node information...
0              25             50             75            100
|--------------|--------------|--------------|--------------|
************************************************************

Annotating target tree...
Setting node heights...
0              25             50             75            100
|--------------|--------------|--------------|--------------|
************************************************************

Writing annotated tree....
Error in rerootingMethod(run_temp$est_tree, x = sim_dat$tip_states) : 
  could not find function "hasArg"
Execution halted
