#
#model:
#
#<?xml version="1.0" encoding="UTF-8" standalone="no"?><input id="posterior" spec="beast.core.util.CompoundDistribution">
#    <distribution id="prior" spec="beast.core.util.CompoundDistribution">
#        <distribution id="YuleModel.t:s_dat" spec="beast.evolution.speciation.YuleModel">
#            <parameter id="birthRate.t:s_dat" name="birthDiffRate">1.0</parameter>
#            <tree id="Tree.t:s_dat">
#                <taxonset id="TaxonSet.s_dat" spec="beast.evolution.alignment.TaxonSet">
#                </taxonset>
#            </tree>
#        </distribution>
#        <prior id="YuleBirthRatePrior.t:s_dat" name="distribution" x="@birthRate.t:s_dat">
#            <Uniform id="Uniform.0" name="distr" upper="Infinity"/>
#        </prior>
#        <prior id="MutationRatePrior.s:s_dat" name="distribution">
#            <parameter id="mutationRate.s:s_dat" name="x">1.0</parameter>
#            <OneOnX id="OneOnX.0" name="distr"/>
#        </prior>
#        <prior id="MeanRatePrior.c:s_dat" name="distribution">
#            <parameter id="ucldMean.c:s_dat" name="x">1.0</parameter>
#            <Uniform id="Uniform.01" name="distr" upper="Infinity"/>
#        </prior>
#        <prior id="ucldStdevPrior.c:s_dat" name="distribution">
#            <parameter id="ucldStdev.c:s_dat" lower="0.0" name="x" upper="5.0">0.5</parameter>
#            <Exponential id="Exponential.0" name="distr">
#                <parameter estimate="false" id="RealParameter.0" name="mean">0.3333</parameter>
#            </Exponential>
#        </prior>
#        <distribution id="root_age.prior" spec="beast.math.distributions.MRCAPrior" tree="@Tree.t:s_dat">
#            <taxonset id="root_age" spec="beast.evolution.alignment.TaxonSet">
#                <taxon id="t20" spec="beast.evolution.alignment.Taxon"/>
#                <taxon id="t33" spec="beast.evolution.alignment.Taxon"/>
#                <taxon id="t48" spec="beast.evolution.alignment.Taxon"/>
#                <taxon id="t4" spec="beast.evolution.alignment.Taxon"/>
#                <taxon id="t5" spec="beast.evolution.alignment.Taxon"/>
#                <taxon id="t46" spec="beast.evolution.alignment.Taxon"/>
#                <taxon id="t1" spec="beast.evolution.alignment.Taxon"/>
#                <taxon id="t25" spec="beast.evolution.alignment.Taxon"/>
#                <taxon id="t19" spec="beast.evolution.alignment.Taxon"/>
#                <taxon id="t39" spec="beast.evolution.alignment.Taxon"/>
#                <taxon id="t3" spec="beast.evolution.alignment.Taxon"/>
#                <taxon id="t24" spec="beast.evolution.alignment.Taxon"/>
#                <taxon id="t18" spec="beast.evolution.alignment.Taxon"/>
#                <taxon id="t43" spec="beast.evolution.alignment.Taxon"/>
#                <taxon id="t45" spec="beast.evolution.alignment.Taxon"/>
#                <taxon id="t13" spec="beast.evolution.alignment.Taxon"/>
#                <taxon id="t17" spec="beast.evolution.alignment.Taxon"/>
#                <taxon id="t31" spec="beast.evolution.alignment.Taxon"/>
#                <taxon id="t29" spec="beast.evolution.alignment.Taxon"/>
#                <taxon id="t47" spec="beast.evolution.alignment.Taxon"/>
#                <taxon id="t11" spec="beast.evolution.alignment.Taxon"/>
#                <taxon id="t41" spec="beast.evolution.alignment.Taxon"/>
#                <taxon id="t27" spec="beast.evolution.alignment.Taxon"/>
#                <taxon id="t49" spec="beast.evolution.alignment.Taxon"/>
#                <taxon id="t9" spec="beast.evolution.alignment.Taxon"/>
#                <taxon id="t37" spec="beast.evolution.alignment.Taxon"/>
#                <taxon id="t15" spec="beast.evolution.alignment.Taxon"/>
#                <taxon id="t21" spec="beast.evolution.alignment.Taxon"/>
#                <taxon id="t10" spec="beast.evolution.alignment.Taxon"/>
#                <taxon id="t16" spec="beast.evolution.alignment.Taxon"/>
#                <taxon id="t40" spec="beast.evolution.alignment.Taxon"/>
#                <taxon id="t42" spec="beast.evolution.alignment.Taxon"/>
#                <taxon id="t14" spec="beast.evolution.alignment.Taxon"/>
#                <taxon id="t30" spec="beast.evolution.alignment.Taxon"/>
#                <taxon id="t32" spec="beast.evolution.alignment.Taxon"/>
#                <taxon id="t38" spec="beast.evolution.alignment.Taxon"/>
#                <taxon id="t2" spec="beast.evolution.alignment.Taxon"/>
#                <taxon id="t6" spec="beast.evolution.alignment.Taxon"/>
#                <taxon id="t36" spec="beast.evolution.alignment.Taxon"/>
#                <taxon id="t22" spec="beast.evolution.alignment.Taxon"/>
#                <taxon id="t7" spec="beast.evolution.alignment.Taxon"/>
#                <taxon id="t8" spec="beast.evolution.alignment.Taxon"/>
#                <taxon id="t23" spec="beast.evolution.alignment.Taxon"/>
#                <taxon id="t50" spec="beast.evolution.alignment.Taxon"/>
#                <taxon id="t44" spec="beast.evolution.alignment.Taxon"/>
#                <taxon id="t28" spec="beast.evolution.alignment.Taxon"/>
#                <taxon id="t12" spec="beast.evolution.alignment.Taxon"/>
#                <taxon id="t26" spec="beast.evolution.alignment.Taxon"/>
#                <taxon id="t35" spec="beast.evolution.alignment.Taxon"/>
#                <taxon id="t34" spec="beast.evolution.alignment.Taxon"/>
#            </taxonset>
#            <Uniform id="Uniform.02" lower="0.9" name="distr" upper="1.1"/>
#        </distribution>
#    </distribution>
#    <distribution id="likelihood" spec="beast.core.util.CompoundDistribution">
#        <distribution data="@s_dat" id="treeLikelihood.s_dat" spec="beast.evolution.likelihood.TreeLikelihood" tree="@Tree.t:s_dat">
#            <siteModel id="SiteModel.s:s_dat" mutationRate="@mutationRate.s:s_dat" spec="beast.evolution.sitemodel.SiteModel">
#                <parameter estimate="false" id="gammaShape.s:s_dat" name="shape">1.0</parameter>
#                <parameter estimate="false" id="proportionInvariant.s:s_dat" lower="0.0" name="proportionInvariant" upper="1.0">0.0</parameter>
#                <substModel id="JC69.s:s_dat" spec="beast.evolution.substitutionmodel.JukesCantor"/>
#            </siteModel>
#            <branchRateModel clock.rate="@ucldMean.c:s_dat" id="RelaxedClock.c:s_dat" spec="beast.evolution.branchratemodel.UCRelaxedClockModel" tree="@Tree.t:s_dat">
#                <LogNormal S="@ucldStdev.c:s_dat" id="LogNormalDistributionModel.c:s_dat" meanInRealSpace="true" name="distr">
#                    <parameter estimate="false" id="RealParameter.01" lower="0.0" name="M" upper="1.0">1.0</parameter>
#                </LogNormal>
#                <rateCategories dimension="98" id="rateCategories.c:s_dat" spec="beast.core.parameter.IntegerParameter">1</rateCategories>
#            </branchRateModel>
#        </distribution>
#    </distribution>
#</input>
#
Sample	posterior	likelihood	prior	treeLikelihood	TreeHeight	YuleModel	birthRate	mutationRate	ucldStdev	rate.mean	rate.variance	rate.coefficientOfVariation	monophyletic(root_age)	logP(mrca(root_age))	mrcatime(root_age)	ucldMean	
0	-3555.9668760157465	-3550.1085992895487	-5.858276726197937	-3550.1085992895487	0.9636857174382528	-7.066276917298981	1.0	1.0	0.5	1.088523372890213	0.273265450271931	0.523823194389397	1	1.6094379124341	0.9636857174382528	1.0	
1000	-2287.514895618532	-2311.0645951316983	23.549699513166157	-2311.0645951316983	0.9228723797610481	22.17819263061393	3.974863166884695	1.0	0.44550321973931944	0.47081172004878563	0.052658431540448684	0.4385355945562839	1	1.6094379124341	0.9228723797610481	0.5407869660379513	
2000	-2134.257248490169	-2152.527938292661	18.270689802492242	-2152.527938292661	0.9061777317967581	17.102148485797834	4.237312056980136	0.9467692776910708	0.5313831029919796	0.39342618562881815	0.05974050354911302	0.5590919988368744	1	1.6094379124341	0.9061777317967581	0.4506768621012159	
3000	-2033.2995790085886	-2045.0834504327108	11.78387142412226	-2045.0834504327108	1.0127495073820767	10.897977473565376	3.1651673801312383	0.9467692776910708	0.6255894701256155	0.3353254050398818	0.06702706946163028	0.6643872223436659	1	1.6094379124341	1.0127495073820767	0.4074622378923094	
4000	-1965.2638947776484	-1978.8500967955013	13.586202017852798	-1978.8500967955013	0.9866358233140557	12.639000382873087	4.565228464747136	0.9467692776910708	0.6051556189074877	0.318322652116164	0.05178545786610181	0.6880361880936556	1	1.6094379124341	0.9866358233140557	0.35887044445762273	
5000	-1873.2316396890833	-1885.5572560259895	12.325616336906258	-1885.5572560259895	0.9429706798717229	11.307760528474759	3.0938277047924085	0.9467692776910708	0.5816065828960069	0.25777821886006774	0.03234014942542727	0.6783757660373242	1	1.6094379124341	0.9429706798717229	0.2662831740008171	
6000	-1822.1057296223373	-1834.1751476849427	12.06941806260523	-1834.1751476849427	0.9866362601623734	10.843807664678327	3.2257819353291857	0.9467692776910708	0.5123619782171883	0.25964522530610246	0.02299330393059269	0.586788604719443	1	1.6094379124341	0.9866362601623734	0.25452586345489187	
7000	-1761.6498288759835	-1772.171237189759	10.521408313775455	-1772.171237189759	0.9421212283757026	8.831337723622394	3.643134888015608	0.9467692776910708	0.35755739614820986	0.2367370631999844	0.0085830698688055	0.3902347005739561	1	1.6094379124341	0.9421212283757026	0.23381280828871812	
8000	-1735.7385595630074	-1747.199202561101	11.46064299809351	-1747.199202561101	0.9310211573369632	9.848489821095981	3.1665745529433686	0.9467692776910708	0.3835272699529488	0.22903263742766056	0.008660049323056038	0.41052876503823965	1	1.6094379124341	0.9310211573369632	0.227067492863636	
9000	-1741.7548566511102	-1749.2417728929477	7.48691624183752	-1749.2417728929477	1.0419146669257264	5.990949425588801	3.1077439349056672	0.9467692776910708	0.42225218399052766	0.21777118291731987	0.008060973794024517	0.4153305483897283	1	1.6094379124341	1.0419146669257264	0.21749766596864392	
10000	-1740.5125875165477	-1751.724422159471	11.211834642923275	-1751.724422159471	0.9626088066947672	9.261224098391926	2.899914399732169	0.9467692776910708	0.27071942935392634	0.22881945465148354	0.00442441512844533	0.2897361251232475	1	1.6094379124341	0.9626088066947672	0.22400973772363605	
11000	-1722.7514243758785	-1731.9597605048073	9.208336128928842	-1731.9597605048073	0.9824683150361093	7.397688898482535	3.5670640524916304	0.9467692776910708	0.3173692019384713	0.22386728029706035	0.004952024145848416	0.3165653883137989	1	1.6094379124341	0.9824683150361093	0.2335777375618148	
12000	-1698.4518533275138	-1712.2363962702063	13.78454294269244	-1712.2363962702063	0.9209180927985102	12.1347026659235	3.674475071045274	0.9467692776910708	0.37096615959913737	0.2600618751557356	0.00966937661818128	0.3833891897577618	1	1.6094379124341	0.9209180927985102	0.2681666410696288	
13000	-1702.638887661767	-1706.61265680554	3.9737691437728437	-1706.61265680554	1.0645489195002054	3.0844796866073514	3.0208569154909086	0.9467692776910708	0.6244577477729669	0.17942747173104895	0.011653183523942536	0.5999790449151076	1	1.6094379124341	1.0645489195002054	0.199900466434649	
14000	-1708.014240550224	-1720.289760917314	12.275520367089895	-1720.289760917314	0.9534389938723432	11.224207064149684	3.511839262594034	0.9467692776910708	0.5704551999762534	0.24709534311840636	0.01611496415391117	0.5424118553788324	1	1.6094379124341	0.9534389938723432	0.24843432235227575	
15000	-1663.2862755289614	-1674.4096949615894	11.123419432628104	-1674.4096949615894	0.9873499084250219	9.67024373459389	4.055204300520969	0.9541331215954015	0.4339321307407201	0.21441656296074105	0.007041326308400208	0.3959938135094721	1	1.6094379124341	0.9873499084250219	0.23175741220619514	
16000	-1659.1824033176006	-1666.5139753417652	7.331572024164631	-1666.5139753417652	0.9880930922877507	5.828113575076166	3.720058518830285	0.9541331215954015	0.41717288981433814	0.18036494705527184	0.0055522601600564445	0.4065931995395316	1	1.6094379124341	0.9880930922877507	0.1958222938164026	
17000	-1645.1903279047363	-1650.752162290274	5.561834385537936	-1650.752162290274	0.9077315672553602	4.2493167121932585	2.7435266947986525	0.9541331215954015	0.48081345036974227	0.21624829004979326	0.011882465297465866	0.4906404502112615	1	1.6094379124341	0.9077315672553602	0.22256880497960296	
18000	-1633.7064123869586	-1636.4682415628854	2.761829175926775	-1636.4682415628854	1.0661905290151807	1.265942732893488	2.651069073563845	0.9541331215954015	0.41969663943252883	0.19046848021742693	0.006232083125895074	0.40532110378557484	1	1.6094379124341	1.0661905290151807	0.19515890571483785	
19000	-1608.1670094203198	-1613.4092212204462	5.242211800126325	-1613.4092212204462	0.9303816200403551	3.4904660619384735	3.533892870294211	0.9541331215954015	0.33441873635751257	0.19728675573617974	0.003204438773191352	0.30121813898511285	1	1.6094379124341	0.9303816200403551	0.19208580433518432	
20000	-1585.3028182292253	-1582.9788554020342	-2.323962827190971	-1582.9788554020342	1.0406415502538158	-4.068596045736452	2.820758198467577	0.9541331215954015	0.3367893391543144	0.14657655692497953	0.002286604209746951	0.3343297452690407	1	1.6094379124341	1.0406415502538158	0.1439275717461237	
21000	-1573.6244588387883	-1576.9633573040858	3.3388984652974503	-1576.9633573040858	0.9560182208861744	1.310446222602546	3.0680046604925457	0.9541331215954015	0.2421924584053118	0.15526657024184548	0.0014158321076450948	0.24677951452989344	1	1.6094379124341	0.9560182208861744	0.15131064240407158	
22000	-1582.7187438038775	-1585.442349586949	2.7236057830714806	-1585.442349586949	0.9769174279615095	0.22730917052335542	2.4093115461625807	0.9541331215954015	0.08625992993323342	0.17498352053759345	2.3724074590417835E-4	0.088044705531443	1	1.6094379124341	0.9769174279615095	0.17553800443311435	
23000	-1577.8958736432462	-1576.40883113072	-1.4870425125261262	-1576.40883113072	0.9075461895771473	-3.488060322841262	3.275578585385226	0.9541331215954015	0.2513363547174886	0.1634760409721439	0.001828972577874111	0.2664245226677401	1	1.6094379124341	0.9075461895771473	0.16300723007882553	
24000	-1585.0993067726731	-1583.313238849611	-1.7860679230620775	-1583.313238849611	0.9921387281759343	-4.126150341445318	2.8059399125336104	0.9541331215954015	0.1383261208483892	0.16522774802337659	5.62507276059191E-4	0.14326684434446071	1	1.6094379124341	0.9921387281759343	0.16319542954160887	
25000	-1583.2430010828314	-1583.9841442400225	0.741143157191164	-1583.9841442400225	0.9303679586035143	-1.9282494830370434	2.427088591962864	0.9541331215954015	0.028567023907461908	0.16174528765101007	2.25863873659638E-5	0.029471024867996774	1	1.6094379124341	0.9303679586035143	0.16132529875355198	
26000	-1574.3020097894225	-1581.5586765815585	7.256666792135944	-1581.5586765815585	0.9163658041705199	5.1700892708864155	2.7399882545625878	0.9541331215954015	0.2228193030630557	0.1835762718776222	0.0019388083497276303	0.22692355421894483	1	1.6094379124341	0.9163658041705199	0.1928389865965646	
27000	-1572.3127428215223	-1572.0577775530437	-0.25496526847856993	-1572.0577775530437	1.003860823180647	-2.4833428407333873	2.459295358799769	0.9541331215954015	0.17555734606299284	0.17408344886406432	8.740383690894098E-4	0.17060659111033777	1	1.6094379124341	1.003860823180647	0.16865624685883546	
28000	-1568.711313077125	-1563.9417042883315	-4.769608788793359	-1563.9417042883315	0.9462412112016851	-7.039289669210273	2.184058302342432	0.9541331215954015	0.16179095345256597	0.13772115730381035	4.920422722551385E-4	0.15834695853933065	1	1.6094379124341	0.9462412112016851	0.137901761126161	
29000	-1563.4365614789504	-1553.2203592563694	-10.216202222580902	-1553.2203592563694	0.9915973252858609	-12.265554373800132	2.1075958742227456	0.9541331215954015	0.23522651889415438	0.13496202038245542	8.718499786118633E-4	0.2156966743229051	1	1.6094379124341	0.9915973252858609	0.13701359177562494	
30000	-1573.2572563485414	-1558.5791919480241	-14.678064400517364	-1558.5791919480241	1.0424385245824064	-16.533917211287886	1.5221391217035134	0.9541331215954015	0.2997198490657076	0.12396299336524826	0.0013500811593860577	0.29501382686506616	1	1.6094379124341	1.0424385245824064	0.12365174811018162	
31000	-1585.5578294426712	-1572.471712090434	-13.086117352237164	-1572.471712090434	1.006708440790773	-15.450328832196124	1.7590150667829008	0.9541331215954015	0.13028390462520176	0.13059970122258446	2.5898531358956153E-4	0.12409462022840846	1	1.6094379124341	1.006708440790773	0.13168414605498227	
32000	-1571.4070010356288	-1560.3052865774082	-11.101714458220638	-1560.3052865774082	0.9574512293296609	-13.811978451078655	2.504002746940266	0.9541331215954015	0.014944602075946568	0.12577645941194857	2.9403883726730384E-6	0.013627709464274796	1	1.6094379124341	0.9574512293296609	0.12599153234609675	
33000	-1554.0318847874642	-1546.7607773210661	-7.271107466398091	-1546.7607773210661	0.9538485114942935	-10.00575763960629	2.369556456941921	0.9541331215954015	0.006816688165230559	0.1557025402417183	1.1091468451173912E-6	0.006761737451556785	1	1.6094379124341	0.9538485114942935	0.15574961450503025	
34000	-1560.1452780238878	-1551.1415409587248	-9.003737065163069	-1551.1415409587248	1.0818667085375204	-11.541988639411382	2.249233421235081	0.9541331215954015	0.07227634119856056	0.1364211776441915	1.0057897169524346E-4	0.07264053629684983	1	1.6094379124341	1.0818667085375204	0.13723541068355813	
35000	-1556.3951564166478	-1558.4928993737508	2.0977429571030277	-1558.4928993737508	0.9274000995889566	-0.5628342008446303	2.995979060946572	0.9541331215954015	0.03150522415156902	0.16530826604019253	2.9703549843318364E-5	0.03294165157232184	1	1.6094379124341	0.9274000995889566	0.16503320739180208	
36000	-1552.371692417481	-1554.4217163220408	2.0500239045598883	-1554.4217163220408	0.9308642705816109	-0.5037966946875203	2.4321342286672154	0.9541331215954015	0.06708718516636224	0.15692332290320601	9.659535787995402E-5	0.062329559921245274	1	1.6094379124341	0.9308642705816109	0.1573748684859848	
37000	-1562.3195165993013	-1561.9021392550587	-0.4173773442426749	-1561.9021392550587	0.9231638126127196	-3.033970553847362	3.1733391491222855	0.9541331215954015	0.046165074134281385	0.14905780563378562	3.745827652309616E-5	0.04087708113217297	1	1.6094379124341	0.9231638126127196	0.148618149819312	
38000	-1559.5645017566774	-1559.9989411675144	0.4344394108369718	-1559.9989411675144	1.0107047600933954	-2.1977059495706595	2.356296407447066	0.9541331215954015	0.04098154227165999	0.15792145672341118	3.557777933188664E-5	0.03788360489611386	1	1.6094379124341	1.0107047600933954	0.15655460301587093	
39000	-1546.4071169800684	-1553.4090451207403	7.0019281406719855	-1553.4090451207403	0.9017239322269246	4.659943056911459	3.2971790819553912	0.9718864022005641	0.13154733523673584	0.18847162135557194	6.348796620121995E-4	0.13533823684088728	1	1.6094379124341	0.9017239322269246	0.18461001034925617	
40000	-1548.3300665970635	-1553.1568628564269	4.826796259363393	-1553.1568628564269	0.9735312054015705	2.608765396959365	2.7044351324347606	0.9718864022005641	0.17286127721485658	0.1564338817443348	8.872027590812162E-4	0.1880820748736752	1	1.6094379124341	0.9735312054015705	0.15797759686246352	
41000	-1555.2488103620992	-1557.9922513931433	2.743441031044154	-1557.9922513931433	1.0003071513796546	0.3972907511572643	2.6468768719621116	0.9718864022005641	0.13015907536781882	0.17523101626947485	6.376440157454876E-4	0.14163957781037217	1	1.6094379124341	1.0003071513796546	0.17675976471586904	
42000	-1544.1956727066547	-1547.6094386522952	3.413765945640642	-1547.6094386522952	1.0090874927718163	0.7784161870913913	3.1116444690343035	0.9718864022005641	0.03376888912965394	0.17032522242958045	3.0419517731806545E-5	0.0323582738828423	1	1.6094379124341	1.0090874927718163	0.1700151057162115	
43000	-1565.9887386871653	-1560.262142201231	-5.72659648593439	-1560.262142201231	1.0605717100023135	-8.201091896869197	2.5538971805148036	0.9718864022005641	0.08738164318954855	0.14083601986204522	1.2656089243574665E-4	0.07983316172793778	1	1.6094379124341	1.0605717100023135	0.14156769054162435	
44000	-1549.4966678988749	-1552.4803849389416	2.9837170400666104	-1552.4803849389416	0.9854497887041873	0.36517232261973387	2.649772798849544	0.9718864022005641	0.03937000932907528	0.16531947802798672	3.267396557069044E-5	0.034686427123967835	1	1.6094379124341	0.9854497887041873	0.1654741547428487	
45000	-1554.9415536430643	-1552.4459144387117	-2.4956392043524604	-1552.4459144387117	0.9706566202319528	-5.016100225005276	2.2639585503600466	0.9718864022005641	0.07206130547053556	0.14366671073649534	8.19225458858796E-5	0.06321785350602813	1	1.6094379124341	0.9706566202319528	0.14446680408994073	
46000	-1551.8976824100985	-1552.325897293037	0.42821488293870624	-1552.325897293037	0.9460249888135602	-1.683132241806124	3.036330848803008	0.9718864022005641	0.20841896697666734	0.16502785120313565	0.0013285526130171262	0.22302143895657123	1	1.6094379124341	0.9460249888135602	0.164945583118789	
47000	-1550.8650790877841	-1555.0896285172612	4.224549429476992	-1555.0896285172612	1.0506870910722306	2.2001497540072643	3.2546804154457947	0.9718864022005641	0.23739855182005887	0.15797808351483725	0.0012998089409652172	0.23413846870504407	1	1.6094379124341	1.0506870910722306	0.15121981752537292	
48000	-1558.1172092362735	-1560.2534884691913	2.1362792329177047	-1560.2534884691913	1.0965970585713545	0.11101944038030354	2.5503069700732794	0.9718864022005641	0.2371118748014035	0.17285272240459965	0.0019705469449345495	0.25191820005044857	1	1.6094379124341	1.0965970585713545	0.16928013683575338	
49000	-1546.075809840469	-1544.0905683683754	-1.9852414720936409	-1544.0905683683754	0.9987768009821182	-3.7574967899898537	2.077689891683845	0.92485010419455	0.3379723634925523	0.16050171341300012	0.0033649400870779805	0.35784562423120375	1	1.6094379124341	0.9987768009821182	0.15880551697441916	
50000	-1563.8615979433455	-1558.909000743248	-4.952597200097518	-1558.909000743248	1.0889730683855212	-7.575732173282835	1.9822072683569447	0.92485010419455	0.054374174384694114	0.14479905866240375	5.9588441742043036E-5	0.0532320272349299	1	1.6094379124341	1.0889730683855212	0.14550564614200595	
51000	-1560.8087973685128	-1557.2503935125749	-3.5584038559380784	-1557.2503935125749	0.9858321486100639	-6.116794908761449	2.18421087994555	0.92485010419455	0.07595332304133084	0.15662924990016472	1.3462267744542177E-4	0.0742909539181489	1	1.6094379124341	0.9858321486100639	0.15602892243741298	
52000	-1554.0446884694015	-1557.5091816543231	3.464493184921573	-1557.5091816543231	0.9639927915782235	1.0073593558647351	3.0982750141721977	0.92485010419455	0.10970235572271596	0.18045091853008685	3.569429990714531E-4	0.10659830452531559	1	1.6094379124341	0.9639927915782235	0.18008046462481794	
53000	-1550.3474810188493	-1552.3991617391673	2.051680720317987	-1552.3991617391673	0.9761643412020541	-0.44042104104511015	3.0165061585160102	0.92485010419455	0.09804754388503956	0.1475999386606823	1.8302063017619925E-4	0.09152776824941943	1	1.6094379124341	0.9761643412020541	0.14705568688118972	
54000	-1564.9017636109286	-1559.7608316323722	-5.1409319785564165	-1559.7608316323722	1.0245801250110083	-7.764434426709177	2.250552513139841	0.92485010419455	0.05425169497804517	0.13846350498265803	7.448539584087695E-5	0.06213180236385241	1	1.6094379124341	1.0245801250110083	0.13900398789248067	
55000	-1568.9626664375521	-1565.8975402217675	-3.0651262157846504	-1565.8975402217675	1.001640571296388	-5.738007391578852	3.232892587798367	0.92485010419455	0.03779376505515283	0.1606071185852577	3.276048121083683E-5	0.035664104587234506	1	1.6094379124341	1.001640571296388	0.16057247804638458	
56000	-1570.3978966826096	-1569.9127992967922	-0.4850973858174692	-1569.9127992967922	1.0318920125545994	-2.939194406139638	2.3271306255185267	0.92485010419455	0.11071452407398111	0.15508719922460457	2.912497446639046E-4	0.11007747704371645	1	1.6094379124341	1.0318920125545994	0.15303197602513596	
57000	-1555.3442696069228	-1555.1689036004518	-0.1753660064709699	-1555.1689036004518	0.9411086878992612	-2.930283290643953	2.2341928031456444	0.92485010419455	0.010451130132504672	0.17191525240135047	2.938803182706894E-6	0.009971429708947642	1	1.6094379124341	0.9411086878992612	0.17164560573154808	
58000	-1561.4891201526025	-1560.2883073673818	-1.2008127852207857	-1560.2883073673818	0.9898737434113051	-3.7921224530118502	2.2965489584138075	0.92485010419455	0.06498154867259821	0.17153361881388898	1.1226102418132036E-4	0.062005702745980565	1	1.6094379124341	0.9898737434113051	0.17243475703948796	
59000	-1569.9236467765213	-1565.8296612080662	-4.093985568455038	-1565.8296612080662	1.064892186436286	-6.768215506939983	2.1247196183512616	0.92485010419455	0.037344222450328146	0.1447949401859466	3.2796579836579164E-5	0.03965750434330282	1	1.6094379124341	1.064892186436286	0.144383486042106	
60000	-1565.9228748061685	-1557.1222257664228	-8.800649039745643	-1557.1222257664228	1.0225555313111692	-11.295013358676893	2.1376241612090126	0.92485010419455	0.09729343344757406	0.1472339464670364	2.259309987307421E-4	0.10362332641330799	1	1.6094379124341	1.0225555313111692	0.1446449044129614	
61000	-1565.5903356582292	-1553.457677109645	-12.13265854858412	-1553.457677109645	1.0929719359944983	-14.764517260602151	1.76269125139355	0.92485010419455	0.05146655223175036	0.124150243457326	4.1035365404260976E-5	0.05145938119145655	1	1.6094379124341	1.0929719359944983	0.12389202778500587	
62000	-1559.6987236978314	-1545.7085710091962	-13.990152688635085	-1545.7085710091962	1.0625668528438048	-16.59908610086215	2.084603051278316	0.92485010419455	0.05910755465207979	0.12411780954892125	5.738958788129863E-5	0.06147432755856232	1	1.6094379124341	1.0625668528438048	0.12331783239722448	
63000	-1562.1847030781219	-1555.2980635593408	-6.886639518781147	-1555.2980635593408	0.9561659885765024	-9.407221458968404	2.4499911534353065	0.92485010419455	0.0885551002829469	0.13011117992295426	1.2708998929734783E-4	0.08701030437015342	1	1.6094379124341	0.9561659885765024	0.12944105172311754	
64000	-1558.37769409351	-1552.3258116059337	-6.051882487576302	-1552.3258116059337	0.9075490001335592	-8.090722480721842	2.921810873450001	0.92485010419455	0.24911969123195168	0.14732237329544465	0.0012426985335015155	0.23963235495796056	1	1.6094379124341	0.9075490001335592	0.14853849320151524	
65000	-1564.1284296269898	-1559.0370355935495	-5.091394033440311	-1559.0370355935495	1.0470294780924376	-7.844664942592864	2.5712309892276695	0.92485010419455	0.010999866926813928	0.16967020262049953	3.4316942870178383E-6	0.0109306732273403	1	1.6094379124341	1.0470294780924376	0.1694085793610121	
66000	-1564.8200873512517	-1561.354502774706	-3.465584576545695	-1561.354502774706	1.0110953474843165	-6.173450360257094	2.659903404819894	0.92485010419455	0.026133395236350665	0.16500447707490512	1.793637139969408E-5	0.025724673344032622	1	1.6094379124341	1.0110953474843165	0.1645711319950391	
67000	-1553.1054028186236	-1556.3244973303165	3.219094511692801	-1556.3244973303165	0.9339992281651087	0.5815678945823617	3.312428895110328	0.92485010419455	0.049577439464450576	0.17342911257320126	8.185109179577859E-5	0.05186822943578653	1	1.6094379124341	0.9339992281651087	0.1749726419680192	
68000	-1555.9850693493381	-1556.3350223949205	0.34995304558236073	-1556.3350223949205	0.9498748417738825	-2.2267878654244457	3.27770916588026	0.92485010419455	0.06983731530879138	0.14761347725956034	1.095953141229857E-4	0.07062880997615378	1	1.6094379124341	0.9498748417738825	0.1483958655806911	
69000	-1573.0883512417113	-1564.810196909483	-8.278154332228304	-1564.810196909483	1.092890551559492	-10.900154170184614	1.8389232611450943	0.92485010419455	0.05475251495652182	0.15584374636597959	7.43180141548651E-5	0.055583970870268964	1	1.6094379124341	1.092890551559492	0.15621992938376375	
70000	-1554.8447217845915	-1549.7787350656236	-5.065986718967968	-1549.7787350656236	0.9249043551691597	-7.489198271606809	3.8040740140154456	0.9172181928234446	0.12377047054271266	0.16487569612842806	4.6744180324145997E-4	0.13429358414234685	1	1.6094379124341	0.9249043551691597	0.16400562956668197	
71000	-1556.0458433100403	-1549.3245661334083	-6.721277176632006	-1549.3245661334083	1.055091698202573	-9.311459820682401	1.7598951629836739	0.9172181928234446	0.0681190057752405	0.160522153156099	1.2155997163434115E-4	0.0687919685055838	1	1.6094379124341	1.055091698202573	0.16071794206540405	
72000	-1563.3926636909991	-1554.966187763402	-8.426475927596991	-1554.966187763402	1.0355009221700733	-10.869946471820358	1.7339727117703083	0.9172181928234446	0.11701814864758989	0.14776987262557592	2.533064600332117E-4	0.10831797527366319	1	1.6094379124341	1.0355009221700733	0.1506652422969003	
73000	-1557.1020522441813	-1552.2167813982733	-4.885270845907993	-1552.2167813982733	1.0233068549813789	-7.605527835169302	2.691451043196712	0.9172181928234446	0.024765226516443712	0.15901438365839016	1.6139948228695883E-5	0.025260397557033392	1	1.6094379124341	1.0233068549813789	0.16037754215633696	
74000	-1557.8494604601974	-1550.136882827958	-7.712577632239384	-1550.136882827958	1.0629467839506235	-10.436404466302669	1.7063986477801691	0.9172181928234446	0.02357539724394476	0.13215061854963367	1.2740987395627341E-5	0.026975493691964482	1	1.6094379124341	1.0629467839506235	0.1330800149237554	
75000	-1553.4643939071948	-1550.4327096574611	-3.0316842497336522	-1550.4327096574611	0.9351491311479728	-5.580982958980574	2.6785069353036874	0.9172181928234446	0.08174562124523932	0.13738441630866216	1.1472431481789596E-4	0.07842070694086335	1	1.6094379124341	0.9351491311479728	0.13791288929486942	
76000	-1563.2577432604255	-1559.696924654286	-3.560818606139423	-1559.696924654286	1.0205668707396482	-6.269523480974398	2.5308416631003245	0.9172181928234446	0.028615546254741015	0.17643943272921148	2.497118607585405E-5	0.02821800669894958	1	1.6094379124341	1.0205668707396482	0.17774215116253822	
77000	-1551.4548471591197	-1557.6053821468172	6.150534987697595	-1557.6053821468172	0.935306043888882	4.1234486322771176	2.7641973260255663	0.9172181928234446	0.25579899877559276	0.19980069484271643	0.0022821508916181506	0.23450369277268054	1	1.6094379124341	0.935306043888882	0.20469382872058578	
78000	-1547.1351480319408	-1548.4556495012187	1.3205014692778767	-1548.4556495012187	0.9068528829374015	-1.1121550381954517	2.2014259550720383	0.9172181928234446	0.12062246709637764	0.17056912782088332	4.758846623297517E-4	0.12706496272752726	1	1.6094379124341	0.9068528829374015	0.1748404044563441	
79000	-1566.5220140082006	-1565.6513392001013	-0.8706748080991624	-1565.6513392001013	0.9585614585017269	-3.645204070589874	3.0021269392370744	0.9172181928234446	0.0066762778490838245	0.1901514054338258	1.7865970276459144E-6	0.007031135675303702	1	1.6094379124341	0.9585614585017269	0.1901728832658106	
80000	-1561.8585947540817	-1557.8631540229649	-3.995440731116839	-1557.8631540229649	0.9675517173402807	-6.632797783263953	3.218364661266843	0.9172181928234446	0.052395775556604914	0.16286644953269086	6.706466450328692E-5	0.05051919795535682	1	1.6094379124341	0.9675517173402807	0.16300984212644093	
81000	-1562.685087662797	-1557.0264593816732	-5.658628281123798	-1557.0264593816732	1.090184177199835	-8.318827164430688	2.168274615470981	0.9172181928234446	0.044782593231051236	0.14391953647687533	3.997339420468995E-5	0.04407846935256084	1	1.6094379124341	1.090184177199835	0.14435207775213676	
82000	-1563.2336668478624	-1563.3342346866764	0.10056783881384912	-1563.3342346866764	0.9615563374227124	-2.211981960585193	2.9192232327110736	0.984109205020235	0.13719255073275313	0.15689178753687474	4.3241496474013944E-4	0.13503726265435223	1	1.6094379124341	0.9615563374227124	0.15488357423233748	
83000	-1575.3394239800339	-1573.6576645320797	-1.6817594479542692	-1573.6576645320797	1.0036566762624737	-4.1009554336123	3.1443302256951307	0.984109205020235	0.10164737685263228	0.15054637468794663	1.8119910120254686E-4	0.08915550591318668	1	1.6094379124341	1.0036566762624737	0.1518290838012689	
84000	-1560.2328960788684	-1559.3802477534946	-0.8526483253738251	-1559.3802477534946	0.975965703089745	-3.4319384990242905	2.8266747746155194	0.984109205020235	0.04828798399475374	0.1501554004930996	5.618979746711212E-5	0.04986288665573911	1	1.6094379124341	0.975965703089745	0.150989257007687	
85000	-1570.68433533205	-1570.0624930340443	-0.6218422980057672	-1570.0624930340443	0.9399263750077168	-3.2801791167054244	2.391064331551909	0.984109205020235	0.021941737199858057	0.15070680021619604	1.2586462991612383E-5	0.023545023125277724	1	1.6094379124341	0.9399263750077168	0.15010738903519766	
86000	-1563.963518522029	-1553.5259606780742	-10.437557843954886	-1553.5259606780742	1.0813234871182364	-13.054824909989545	2.510862407868458	0.984109205020235	0.0356302857631017	0.11937551277635396	2.2237139190324008E-5	0.039410905949215286	1	1.6094379124341	1.0813234871182364	0.1190855575406132	
87000	-1546.454424126963	-1544.3613880698379	-2.0930360571252096	-1544.3613880698379	0.9304964678399008	-4.744130064938041	2.3486051152481955	0.984109205020235	0.024355766068437316	0.14938865814558444	1.718183703627529E-5	0.027797510904203855	1	1.6094379124341	0.9304964678399008	0.14888933660674553	
88000	-1549.10241721196	-1549.3025938305022	0.2001766185422813	-1549.3025938305022	0.9044765582634284	-2.407187455494607	2.7039580469529403	0.984109205020235	0.038930952995959126	0.14324683093110815	3.440728937698236E-5	0.04123245551167849	1	1.6094379124341	0.9044765582634284	0.14170847161597921	
89000	-1550.4088551931206	-1546.8995268404728	-3.509328352647912	-1546.8995268404728	0.9736304984772299	-6.011509012490594	2.619311318847804	1.1467964415017884	0.022996764832942745	0.13154997302506757	1.0385071747015641E-5	0.02449330843030223	1	1.6094379124341	0.9736304984772299	0.13174585695119756	
90000	-1546.3498587095532	-1542.01805468264	-4.331804026913263	-1542.01805468264	0.9488330603924554	-6.830481699750877	2.2370868392473353	1.1467964415017884	0.02416431040173159	0.1305091709864264	1.0978765652450143E-5	0.025467939458331368	1	1.6094379124341	0.9488330603924554	0.13045265568041875	
91000	-1551.380967989782	-1547.2983745026886	-4.08259348709346	-1547.2983745026886	1.0803647961595448	-6.530874090499884	2.284428423611266	1.1467964415017884	0.04096165364314699	0.12512016944379306	3.0797891466735E-5	0.04437123672267301	1	1.6094379124341	1.0803647961595448	0.12536310907483125	
92000	-1556.2031080261484	-1548.6756502226276	-7.52745780352064	-1548.6756502226276	1.0739952542001876	-9.588340552027988	2.6523749431744195	1.1467964415017884	0.17008135868100907	0.10154015976536222	2.6903439782838707E-4	0.15727996970140518	1	1.6094379124341	1.0739952542001876	0.10692714745287447	
93000	-1551.349186704952	-1546.4479008114265	-4.9012858935253885	-1546.4479008114265	0.955060575010702	-7.425175871355559	2.352573645101281	1.1467964415017884	0.015761049147712675	0.11218362621201294	2.8721058157063234E-6	0.015109952830110676	1	1.6094379124341	0.955060575010702	0.11220446553251374	
94000	-1556.401402849415	-1553.6609100690189	-2.740492780396201	-1553.6609100690189	0.9953711300486517	-4.698827132445518	2.477211821763488	1.1467964415017884	0.20426073922047092	0.13023781736269624	6.570408290749171E-4	0.19936448633114817	1	1.6094379124341	0.9953711300486517	0.13097994474887942	
95000	-1546.7196259973155	-1541.5551748374337	-5.1644511598817076	-1541.5551748374337	0.9899364732887949	-6.674008845718404	2.457237769359881	1.1467964415017884	0.3538380020691372	0.11328566109490035	0.0011664929328781457	0.31190067775086733	1	1.6094379124341	0.9899364732887949	0.12232514599140988	
96000	-1564.1476368572937	-1556.2627738970293	-7.884862960264297	-1556.2627738970293	0.9748084860592422	-9.60055184228841	2.08016222741639	1.2044827640089275	0.26877681655453267	0.11106412463423455	8.831904417532466E-4	0.26176175501328	1	1.6094379124341	0.9748084860592422	0.12121163484739424	
97000	-1560.221369227026	-1549.1516497582406	-11.069719468785319	-1549.1516497582406	1.080204194806043	-13.201629930768362	2.0618140236387563	1.2044827640089275	0.13005016395422156	0.08991183858548465	1.3619930314501483E-4	0.128548781818398	1	1.6094379124341	1.080204194806043	0.0920828317076039	
98000	-1559.654941429	-1553.592249283798	-6.062692145201975	-1553.592249283798	0.9457900421705705	-8.436476816195304	2.032916132110517	1.2044827640089275	0.04943349009109379	0.11305111540501364	3.1243801161453455E-5	0.04951366185321876	1	1.6094379124341	0.9457900421705705	0.11309313028237628	
99000	-1553.2264042004758	-1547.7101778981369	-5.516226302338897	-1547.7101778981369	0.9616537722830016	-7.93420509606687	2.4206825889507737	1.2044827640089275	0.034703588983636326	0.11581364908678095	1.6652389133069177E-5	0.03510115275292669	1	1.6094379124341	0.9616537722830016	0.1162497455148027	
100000	-1566.1864997960038	-1559.3465513273716	-6.839948468632249	-1559.3465513273716	0.9464736047980765	-8.977238339623664	1.8437153665745072	1.2044827640089275	0.12825720693173148	0.12179713533672028	2.5683731244799233E-4	0.13246161079795118	1	1.6094379124341	0.9464736047980765	0.12224586502621158	
101000	-1559.1450709231729	-1555.3148325760255	-3.8302383471473544	-1555.3148325760255	0.9161794321636416	-6.011048521051892	3.0938434089920412	1.2044827640089275	0.11375188997078768	0.11182862784398981	1.5814070088011797E-4	0.11345016554756722	1	1.6094379124341	0.9161794321636416	0.1123353446800779	
102000	-1563.730183716479	-1558.6760768254076	-5.054106891071454	-1558.6760768254076	0.9557362189861209	-7.135243881251943	2.8513207589672183	1.2044827640089275	0.14697296210601274	0.11600505519908001	3.3061692232914643E-4	0.15664035116160055	1	1.6094379124341	0.9557362189861209	0.11803482962163844	
103000	-1555.5037131578026	-1547.076611814697	-8.42710134310563	-1547.076611814697	1.0554981668916097	-10.822627936386274	1.8492932748390873	1.2044827640089275	0.042186907392731086	0.10268474589581551	1.7961737273511E-5	0.04120662346190674	1	1.6094379124341	1.0554981668916097	0.10347314408261218	
104000	-1556.211899610675	-1553.8688234053345	-2.3430762053404095	-1553.8688234053345	0.9220505061222571	-4.496693307620742	3.2269106206929377	1.2044827640089275	0.12281534074313531	0.12275587816734768	2.2597962194590687E-4	0.12300027407890998	1	1.6094379124341	0.9220505061222571	0.12718454719863906	
105000	-1566.402304307262	-1558.4999385676842	-7.902365739577897	-1558.4999385676842	1.057158503821589	-10.214288040236362	1.8966738036200421	1.2044827640089275	0.07005221812370369	0.10421885082368693	5.2545502821313984E-5	0.06953348775110435	1	1.6094379124341	1.057158503821589	0.10542149037635579	
106000	-1550.9834490881908	-1544.2417605321025	-6.741688556088368	-1544.2417605321025	0.9641264998428073	-8.63232328872482	2.4488345525310455	1.1896850097349811	0.2145875054643542	0.11286844534828633	6.10893501558737E-4	0.21558465979311076	1	1.6094379124341	0.9641264998428073	0.1150422877524978	
107000	-1546.8293030404502	-1543.0802459126528	-3.7490571277975033	-1543.0802459126528	0.9260134479977528	-6.177698658294438	2.114307184791842	1.1896850097349811	0.0352698397374549	0.11749926827925286	1.897557000499604E-5	0.03717597980400628	1	1.6094379124341	0.9260134479977528	0.11744596120200582	
108000	-1556.1047179267816	-1549.7914388920406	-6.313279034741106	-1549.7914388920406	1.080190644742731	-8.716523018122711	2.2502848050252617	1.1896850097349811	0.04373484219099421	0.10184967092607529	1.9192567254973735E-5	0.04311090566718595	1	1.6094379124341	1.080190644742731	0.10300082171930486	
109000	-1546.613535645792	-1548.588036000104	1.9745003543120934	-1548.588036000104	0.9098726073653914	-0.4272335611832432	2.4126026349616	1.1896850097349811	0.04423814781748754	0.13900064186695787	4.286453837138875E-5	0.04706491190298706	1	1.6094379124341	0.9098726073653914	0.1391087982826772	
110000	-1548.9833165860175	-1543.1306151590468	-5.852701426970755	-1543.1306151590468	1.050921269849279	-7.971405448620295	2.1525017863796094	1.1896850097349811	0.13857201143629153	0.11179305813175369	2.8170940329254606E-4	0.15026517509106802	1	1.6094379124341	1.050921269849279	0.11285474950890166	
111000	-1555.648441775114	-1547.207891023809	-8.440550751305008	-1547.207891023809	1.0450253286409898	-10.906864270210564	2.1756891625350687	1.1896850097349811	0.02271376600086122	0.1048392875739811	6.372094645270132E-6	0.02406951297625082	1	1.6094379124341	1.0450253286409898	0.10484695786514181	
112000	-1549.2070545154047	-1548.0834135134041	-1.1236410020006034	-1548.0834135134041	0.9468100710992929	-3.389541408426932	3.0662806446621373	1.1896850097349811	0.08951145639018777	0.12028123457704903	9.990180338830796E-5	0.08367464668791469	1	1.6094379124341	0.9468100710992929	0.11934401265185705	
113000	-1562.8234312935442	-1559.9892727046893	-2.8341585888550154	-1559.9892727046893	0.9082971806642567	-5.218331775798431	2.182986664869907	1.1896850097349811	0.050091138643842716	0.12616364755736287	3.696437370992959E-5	0.04791043043990314	1	1.6094379124341	0.9082971806642567	0.12815533774179946	
114000	-1563.7879445305934	-1554.3818108505207	-9.40613368007275	-1554.3818108505207	1.0022699639376673	-11.874194889641247	2.5321281021086954	1.1896850097349811	0.022131260702903544	0.10916168796110157	6.408165256513399E-6	0.02323643516717731	1	1.6094379124341	1.0022699639376673	0.10918001953649967	
115000	-1556.8612623758654	-1550.3774682718597	-6.4837941040057	-1550.3774682718597	0.9235593016367496	-8.44977542379923	1.9166345231446509	1.1896850097349811	0.18947448796489955	0.120818781236152	5.623972864035801E-4	0.18986667808116162	1	1.6094379124341	0.9235593016367496	0.12520343306927018	
116000	-1570.8615241484897	-1561.663053478483	-9.198470670006513	-1561.663053478483	1.0339746590178487	-10.730012086341372	2.910727897597857	1.1896850097349811	0.33427330778767467	0.11362238560847923	0.0011683916827644992	0.30377011846035246	1	1.6094379124341	1.0339746590178487	0.11084036366988756	
117000	-1566.895449528914	-1558.9556338565637	-7.939815672350207	-1558.9556338565637	0.9049863197201695	-9.67222848153818	2.4881780593422116	1.1896850097349811	0.26732287254973186	0.11725094318009575	8.344449337814653E-4	0.2515629719227131	1	1.6094379124341	0.9049863197201695	0.11343093934045144	
118000	-1576.648412518398	-1561.7886801542684	-14.85973236412952	-1561.7886801542684	1.0841164398509542	-16.703715018399105	1.6224162821418666	1.1896850097349811	0.23013664318403024	0.09282954758348849	5.123458441224777E-4	0.24000074162231053	1	1.6094379124341	1.0841164398509542	0.09533835776484965	
119000	-1564.304138691353	-1554.3098226851087	-9.994316006244416	-1554.3098226851087	1.0172717858160334	-12.02649306395848	1.9913018743502013	1.1896850097349811	0.16741144851598613	0.10240800387786943	3.074534940084059E-4	0.17584728260997123	1	1.6094379124341	1.0172717858160334	0.104069508468138	
120000	-1567.2201767902147	-1558.7450878782363	-8.475088911978489	-1558.7450878782363	0.9430203420907285	-10.873118418843585	1.8895021911752017	1.1896850097349811	0.04547282721394638	0.10627265415061685	2.796102620510704E-5	0.04991555534771856	1	1.6094379124341	0.9430203420907285	0.10657467081387961	
121000	-1575.2254099204517	-1564.5130496427832	-10.712360277668445	-1564.5130496427832	1.0166765154486728	-13.111549634289545	1.8068640144922445	1.1896850097349811	0.04508624929027027	0.10138240429127092	2.046977336630742E-5	0.04452489540728399	1	1.6094379124341	1.0166765154486728	0.10271582162060929	
122000	-1568.3750340098647	-1561.2194956152478	-7.155538394616919	-1561.2194956152478	1.0066202516796285	-9.370599658852004	1.991400316146907	1.179956870214617	0.10919276453932739	0.11043441185456367	1.5867800797561595E-4	0.11442132719602158	1	1.6094379124341	1.0066202516796285	0.11123302792303383	
123000	-1557.1399254501318	-1555.7095615939297	-1.4303638562022125	-1555.7095615939297	0.9718539501440804	-3.847350557216191	2.3085116423709424	1.179956870214617	0.04189101646092241	0.13078945650860213	3.7861209770845E-5	0.0469563783952804	1	1.6094379124341	0.9718539501440804	0.13170606455879472	
124000	-1558.9575761811443	-1553.8101610934982	-5.147415087646092	-1553.8101610934982	1.0186905918963982	-7.689526211133499	2.3274284671244807	1.179956870214617	1.8704645052874952E-4	0.11589045650596591	6.795305561798714E-10	2.2492719338467276E-4	1	1.6094379124341	1.0186905918963982	0.11589732140711105	
