#
#model:
#
#<?xml version="1.0" encoding="UTF-8" standalone="no"?><input id="posterior" spec="beast.core.util.CompoundDistribution">
#    <distribution id="prior" spec="beast.core.util.CompoundDistribution">
#        <distribution id="YuleModel.t:s_dat" spec="beast.evolution.speciation.YuleModel">
#            <parameter id="birthRate.t:s_dat" name="birthDiffRate">1.0</parameter>
#            <tree id="Tree.t:s_dat">
#                <taxonset id="TaxonSet.s_dat" spec="beast.evolution.alignment.TaxonSet">
#                </taxonset>
#            </tree>
#        </distribution>
#        <prior id="YuleBirthRatePrior.t:s_dat" name="distribution" x="@birthRate.t:s_dat">
#            <Uniform id="Uniform.0" name="distr" upper="Infinity"/>
#        </prior>
#        <prior id="MutationRatePrior.s:s_dat" name="distribution">
#            <parameter id="mutationRate.s:s_dat" name="x">1.0</parameter>
#            <OneOnX id="OneOnX.0" name="distr"/>
#        </prior>
#        <prior id="MeanRatePrior.c:s_dat" name="distribution">
#            <parameter id="ucldMean.c:s_dat" name="x">1.0</parameter>
#            <Uniform id="Uniform.01" name="distr" upper="Infinity"/>
#        </prior>
#        <prior id="ucldStdevPrior.c:s_dat" name="distribution">
#            <parameter id="ucldStdev.c:s_dat" lower="0.0" name="x" upper="5.0">0.5</parameter>
#            <Exponential id="Exponential.0" name="distr">
#                <parameter estimate="false" id="RealParameter.0" name="mean">0.3333</parameter>
#            </Exponential>
#        </prior>
#        <distribution id="root_age.prior" spec="beast.math.distributions.MRCAPrior" tree="@Tree.t:s_dat">
#            <taxonset id="root_age" spec="beast.evolution.alignment.TaxonSet">
#                <taxon id="t1" spec="beast.evolution.alignment.Taxon"/>
#                <taxon id="t38" spec="beast.evolution.alignment.Taxon"/>
#                <taxon id="t37" spec="beast.evolution.alignment.Taxon"/>
#                <taxon id="t29" spec="beast.evolution.alignment.Taxon"/>
#                <taxon id="t31" spec="beast.evolution.alignment.Taxon"/>
#                <taxon id="t32" spec="beast.evolution.alignment.Taxon"/>
#                <taxon id="t45" spec="beast.evolution.alignment.Taxon"/>
#                <taxon id="t11" spec="beast.evolution.alignment.Taxon"/>
#                <taxon id="t30" spec="beast.evolution.alignment.Taxon"/>
#                <taxon id="t13" spec="beast.evolution.alignment.Taxon"/>
#                <taxon id="t43" spec="beast.evolution.alignment.Taxon"/>
#                <taxon id="t18" spec="beast.evolution.alignment.Taxon"/>
#                <taxon id="t4" spec="beast.evolution.alignment.Taxon"/>
#                <taxon id="t19" spec="beast.evolution.alignment.Taxon"/>
#                <taxon id="t21" spec="beast.evolution.alignment.Taxon"/>
#                <taxon id="t26" spec="beast.evolution.alignment.Taxon"/>
#                <taxon id="t44" spec="beast.evolution.alignment.Taxon"/>
#                <taxon id="t20" spec="beast.evolution.alignment.Taxon"/>
#                <taxon id="t15" spec="beast.evolution.alignment.Taxon"/>
#                <taxon id="t36" spec="beast.evolution.alignment.Taxon"/>
#                <taxon id="t5" spec="beast.evolution.alignment.Taxon"/>
#                <taxon id="t22" spec="beast.evolution.alignment.Taxon"/>
#                <taxon id="t3" spec="beast.evolution.alignment.Taxon"/>
#                <taxon id="t16" spec="beast.evolution.alignment.Taxon"/>
#                <taxon id="t2" spec="beast.evolution.alignment.Taxon"/>
#                <taxon id="t47" spec="beast.evolution.alignment.Taxon"/>
#                <taxon id="t23" spec="beast.evolution.alignment.Taxon"/>
#                <taxon id="t24" spec="beast.evolution.alignment.Taxon"/>
#                <taxon id="t49" spec="beast.evolution.alignment.Taxon"/>
#                <taxon id="t41" spec="beast.evolution.alignment.Taxon"/>
#                <taxon id="t8" spec="beast.evolution.alignment.Taxon"/>
#                <taxon id="t12" spec="beast.evolution.alignment.Taxon"/>
#                <taxon id="t46" spec="beast.evolution.alignment.Taxon"/>
#                <taxon id="t35" spec="beast.evolution.alignment.Taxon"/>
#                <taxon id="t40" spec="beast.evolution.alignment.Taxon"/>
#                <taxon id="t34" spec="beast.evolution.alignment.Taxon"/>
#                <taxon id="t7" spec="beast.evolution.alignment.Taxon"/>
#                <taxon id="t42" spec="beast.evolution.alignment.Taxon"/>
#                <taxon id="t10" spec="beast.evolution.alignment.Taxon"/>
#                <taxon id="t17" spec="beast.evolution.alignment.Taxon"/>
#                <taxon id="t48" spec="beast.evolution.alignment.Taxon"/>
#                <taxon id="t27" spec="beast.evolution.alignment.Taxon"/>
#                <taxon id="t25" spec="beast.evolution.alignment.Taxon"/>
#                <taxon id="t9" spec="beast.evolution.alignment.Taxon"/>
#                <taxon id="t14" spec="beast.evolution.alignment.Taxon"/>
#                <taxon id="t6" spec="beast.evolution.alignment.Taxon"/>
#                <taxon id="t39" spec="beast.evolution.alignment.Taxon"/>
#                <taxon id="t28" spec="beast.evolution.alignment.Taxon"/>
#                <taxon id="t33" spec="beast.evolution.alignment.Taxon"/>
#                <taxon id="t50" spec="beast.evolution.alignment.Taxon"/>
#            </taxonset>
#            <Uniform id="Uniform.02" lower="0.9" name="distr" upper="1.1"/>
#        </distribution>
#    </distribution>
#    <distribution id="likelihood" spec="beast.core.util.CompoundDistribution">
#        <distribution data="@s_dat" id="treeLikelihood.s_dat" spec="beast.evolution.likelihood.TreeLikelihood" tree="@Tree.t:s_dat">
#            <siteModel id="SiteModel.s:s_dat" mutationRate="@mutationRate.s:s_dat" spec="beast.evolution.sitemodel.SiteModel">
#                <parameter estimate="false" id="gammaShape.s:s_dat" name="shape">1.0</parameter>
#                <parameter estimate="false" id="proportionInvariant.s:s_dat" lower="0.0" name="proportionInvariant" upper="1.0">0.0</parameter>
#                <substModel id="JC69.s:s_dat" spec="beast.evolution.substitutionmodel.JukesCantor"/>
#            </siteModel>
#            <branchRateModel clock.rate="@ucldMean.c:s_dat" id="RelaxedClock.c:s_dat" spec="beast.evolution.branchratemodel.UCRelaxedClockModel" tree="@Tree.t:s_dat">
#                <LogNormal S="@ucldStdev.c:s_dat" id="LogNormalDistributionModel.c:s_dat" meanInRealSpace="true" name="distr">
#                    <parameter estimate="false" id="RealParameter.01" lower="0.0" name="M" upper="1.0">1.0</parameter>
#                </LogNormal>
#                <rateCategories dimension="98" id="rateCategories.c:s_dat" spec="beast.core.parameter.IntegerParameter">1</rateCategories>
#            </branchRateModel>
#        </distribution>
#    </distribution>
#</input>
#
Sample	posterior	likelihood	prior	treeLikelihood	TreeHeight	YuleModel	birthRate	mutationRate	ucldStdev	rate.mean	rate.variance	rate.coefficientOfVariation	monophyletic(root_age)	logP(mrca(root_age))	mrcatime(root_age)	ucldMean	
0	-6.291076629815417	-6.661338147750941E-16	-6.291076629815416	-6.661338147750941E-16	1.0706739363255564	-7.49907682091646	1.0	1.0	0.5	1.3895757969457418	0.273265450271931	0.523823194389397	1	1.6094379124341	1.0706739363255564	1.0	
1000	28.131799173375555	-9.992007221626415E-16	28.131799173375555	-9.992007221626415E-16	0.9922291508651413	28.06019666359015	4.015533598410656	1.0	0.8787613471825023	1.099379482281067	1.1950237613058654	1.005844243579528	1	1.6094379124341	0.9922291508651413	1.068209096137087	
2000	19.02707419417888	-4.440892098500627E-16	19.02707419417888	-4.440892098500627E-16	0.9973675319121494	16.876860625380594	4.295638512299862	1.0	0.1859602812135091	1.7782312536583964	0.1039639634222669	0.1869239558504124	1	1.6094379124341	0.9973675319121494	1.7474617115147313	
3000	12.939855460341013	-3.33066907387547E-16	12.939855460341013	-3.33066907387547E-16	0.9665633553034532	11.565841139587018	3.705382050043878	1.0	0.4446674905866712	3.1997412746790372	2.704184486642097	0.4727201826435451	1	1.6094379124341	0.9665633553034532	3.519344205628787	
4000	11.827051882388645	-5.551115123125785E-16	11.827051882388645	-5.551115123125785E-16	0.9442064948316946	10.168827298187665	3.057808497156786	1.0	0.3499402097797912	8.728545723231894	9.566812880079702	0.34071505381837364	1	1.6094379124341	0.9442064948316946	9.109544550250906	
5000	20.80407162344881	-7.771561172376099E-16	20.80407162344881	-7.771561172376099E-16	0.9951338114067622	19.545325192662794	3.2060278598282443	1.0	0.48308627831299855	2.0768256678499726	1.2641926823977592	0.5376050607712588	1	1.6094379124341	0.9951338114067622	2.196492599711408	
6000	6.495617665286323	2.2204460492503128E-16	6.495617665286323	2.2204460492503128E-16	1.024182792859744	3.7623115867459473	3.398631742221725	0.6986427918042816	0.11114215880299187	4.1781435246590295	0.2174690214391318	0.11211456518069753	1	1.6094379124341	1.024182792859744	4.156928186461246	
7000	10.208197517253582	-4.440892098500627E-16	10.208197517253582	-4.440892098500627E-16	0.9020307599054391	7.56703751208952	3.393951363442609	0.6986427918042816	0.14185444505931719	4.065350806559213	0.27839625108331806	0.13080866019572124	1	1.6094379124341	0.9020307599054391	4.061347887775044	
8000	5.483926395170649	-2.220446049250313E-16	5.483926395170649	-2.220446049250313E-16	1.049938793647464	3.448852571445764	2.6424338252368207	1.2685919267858776	0.1450417663918177	7.495252189987589	1.12875187099028	0.14410240586534875	1	1.6094379124341	1.049938793647464	7.441893906054618	
9000	13.307564642155057	-7.771561172376099E-16	13.307564642155057	-7.771561172376099E-16	0.9428840887571865	13.89528008045238	3.9509732053299067	1.2685919267858776	1.0192174274238197	17.001370876719424	594.7443914905958	1.3289480036704275	1	1.6094379124341	0.9428840887571865	15.992496631354872	
10000	15.21976203834114	-4.440892098500627E-16	15.21976203834114	-4.440892098500627E-16	0.9601466110513234	15.93311290496002	3.735562620740036	1.2685919267858776	1.0610917156833943	31.429404573454754	1053.534404385057	1.039986257089814	1	1.6094379124341	0.9601466110513234	30.40735312154867	
11000	9.063700143718169	-4.440892098500627E-16	9.063700143718169	-4.440892098500627E-16	1.0604015334536456	7.933263871750507	3.0510227351417787	1.2685919267858776	0.4465574623925001	57.33633825594555	691.2557640967184	0.4852125517090459	1	1.6094379124341	1.0604015334536456	50.8522518616848	
12000	0.8990664993068346	-1.3322676295501886E-15	0.8990664993068359	-1.3322676295501886E-15	1.0695752298934702	0.055775305550683996	2.7955395446471556	1.2685919267858776	0.5422629169603965	4.4663343612612465	7.322661431164507	0.5974441736809345	1	1.6094379124341	1.0695752298934702	4.432654721246554	
13000	10.300893894127439	-1.221245327087673E-15	10.30089389412744	-1.221245327087673E-15	0.9680720839679356	8.931226672517287	2.786705526327749	1.2685919267858776	0.3668217868766576	5.939070288262517	6.133511576986915	0.40455799292331684	1	1.6094379124341	0.9680720839679356	6.154920194798384	
14000	10.994861968944281	-1.4432899320127045E-15	10.994861968944283	-1.4432899320127045E-15	0.9303698388241559	9.220586520669888	4.377341843892074	1.2685919267858776	0.23196586492946586	4.778568731237158	1.3132417861650476	0.24118844755547758	1	1.6094379124341	0.9303698388241559	4.940327058170426	
15000	9.023608718600508	-1.776356839400252E-15	9.02360871860051	-1.776356839400252E-15	0.985674380636101	8.005962279180984	2.8874185414590334	1.2685919267858776	0.4841503135807943	7.967150231826203	17.257871648629845	0.5369536008518725	1	1.6094379124341	0.985674380636101	8.29806078392535	
16000	7.094279972256547	-4.440892098500627E-16	7.0942799722565475	-4.440892098500627E-16	0.9472085455980438	8.864865592312436	2.9899514986383937	1.2685919267858776	1.4134680590039495	30.960919293146237	1962.652865713368	2.1347668756039178	1	1.6094379124341	0.9472085455980438	26.24338808323993	
17000	7.400716006188158	-8.881784197001256E-16	7.4007160061881585	-8.881784197001256E-16	1.091157617597905	5.528158422656447	2.9993522497193696	1.2685919267858776	0.19920842924820226	78.29605434790736	218.78816778954672	0.19146195065524108	1	1.6094379124341	1.091157617597905	75.46845035453886	
18000	3.458254711331171	-2.220446049250313E-16	3.458254711331171	-2.220446049250313E-16	0.9420401922286481	1.9830322648937964	3.184620995354662	1.3638959426825725	0.30749674442024555	294.41255094783116	11128.061289751473	0.3448617191333569	1	1.6094379124341	0.9420401922286481	288.3414232884492	
19000	10.962899905053051	0.0	10.962899905053051	0.0	0.9398382390786142	8.891409295430446	2.725629017978643	1.3638959426825725	0.10876056563060785	639.4200641471203	6136.19628447121	0.12142819417153296	1	1.6094379124341	0.9398382390786142	632.9384196447796	
20000	9.928306146911048	0.0	9.928306146911048	0.0	0.9799693927613341	7.937675295058028	2.8875908505220598	1.3638959426825725	0.13571112289521126	701.7723799041446	9028.952742658286	0.1415600435698737	1	1.6094379124341	0.9799693927613341	659.9603011571519	
21000	10.580080905160344	0.0	10.580080905160344	0.0	0.9946608550410386	8.827034965543593	3.1861484364245096	1.3638959426825725	0.21489817414355936	2067.7624802925166	235737.54070723322	0.24382145408420888	1	1.6094379124341	0.9946608550410386	1908.8754993476125	
22000	11.993503044151721	0.0	11.993503044151721	0.0	0.9924232192959421	13.655034793532804	3.4643968035254145	1.3638959426825725	1.3529769178865374	10192.945059962149	4.440961740816746E8	2.042860263582506	1	1.6094379124341	0.9924232192959421	7855.739481410321	
23000	24.84358229431504	0.0	24.84358229431504	0.0	0.9033298768280987	24.13305371047494	3.2593405233977846	1.3638959426825725	0.5623692088239165	20117.156313258376	1.458050158056315E8	0.6077748570519351	1	1.6094379124341	0.9033298768280987	17070.26941095906	
24000	14.164899021568976	0.0	14.164899021568976	0.0	1.0910009556217994	13.114390389684445	3.2070568831338266	1.3638959426825725	0.4490538588107083	24765.139532494457	1.536595556513801E8	0.4834207581876935	1	1.6094379124341	1.0910009556217994	24195.22664287884	
25000	22.060181888758173	0.0	22.060181888758173	0.0	0.9872425102388919	19.985209718301473	4.4322709207585556	1.3638959426825725	0.1076001614046045	48173.63262471314	2.7668982173036903E7	0.10812507899731684	1	1.6094379124341	0.9872425102388919	47531.03711248657	
26000	17.701212933373554	0.0	17.701212933373554	0.0	0.9818305077406771	15.62278480001242	4.851233281028793	1.3638959426825725	0.10644828896855633	288494.60029803566	1.0052188131459138E9	0.11028913584390533	1	1.6094379124341	0.9818305077406771	285589.15479175054	
27000	17.30762852222033	0.0	17.30762852222033	0.0	1.0473663965323077	15.593710961283662	3.715597558483353	1.3638959426825725	0.22793966275763172	408893.5587350886	8.655992362708868E9	0.22417894942856148	1	1.6094379124341	1.0473663965323077	407017.0577861989	
28000	22.652410597383888	0.0	22.652410597383888	0.0	1.0157259008780641	20.742170660058033	3.763464802986538	1.542933779347664	0.12139606355823457	501404.99770502443	3.5959525190220084E9	0.12089704793251065	1	1.6094379124341	1.0157259008780641	490092.374180071	
29000	13.132174290358464	0.0	13.132174290358464	0.0	0.9865559280510323	13.117881048440186	3.175165778175446	1.542933779347664	0.7533150971375806	1944828.2927983627	1.4065313119781062E12	0.6533180828745494	1	1.6094379124341	0.9865559280510323	2234599.917620214	
30000	-3.3571860010554153	0.0	-3.3571860010554153	0.0	1.0024834832630158	-3.761786081140306	3.964513480271756	2.481625728662474	0.46483226041166165	1.245742452158864E7	2.902106753894979E13	0.42922833445842085	1	1.6094379124341	1.0024834832630158	1.3008665692640336E7	
31000	3.1584279394153914	0.0	3.1584279394153914	0.0	0.9903380612236823	2.8852301024396354	3.9322271144343213	2.481625728662474	0.5086286280399358	1.4641209833297212E7	4.941203187760994E13	0.49447165216685873	1	1.6094379124341	0.9903380612236823	1.3181337354977345E7	
32000	7.717876139383806	0.0	7.717876139383806	0.0	0.9067533294933675	9.399341440697222	3.0890039019853357	2.481625728662474	1.1601178520317166	3.625144245784462E7	2.607922257151137E15	1.3481808773511228	1	1.6094379124341	0.9067533294933675	4.0204516159028135E7	
33000	8.3956959091048	0.0	8.3956959091048	0.0	1.0971998971830799	7.876576422474744	3.289485334494119	2.481625728662474	0.4266629422101579	1.6575489064465225E7	6.327860608767743E13	0.46002578229168367	1	1.6094379124341	1.0971998971830799	1.776089577318041E7	
34000	19.694150008442058	0.0	19.694150008442058	0.0	0.9186815698733727	20.314425803197807	5.354689407853136	2.389625258909017	0.8190145712332848	7078324.901510651	4.195000874565127E13	0.880365857786963	1	1.6094379124341	0.9186815698733727	7773598.123416819	
35000	14.806175036171641	0.0	14.806175036171641	0.0	1.0678459271721201	12.631333558540625	3.774074023129722	1.2707785361891821	0.09788320910016327	4240954.97224668	2.0024894602524664E11	0.10471567443729024	1	1.6094379124341	1.0678459271721201	4276258.152914924	
36000	26.48962487068211	0.0	26.48962487068211	0.0	0.9637009930714965	24.047132487903248	4.232091598155373	1.2707785361891821	0.008675162414385899	1.5074408371269964E7	1.8170379167509705E10	0.00894658535340932	1	1.6094379124341	0.9637009930714965	1.505790209215341E7	
37000	26.854125699772514	0.0	26.854125699772514	0.0	0.9582152736108525	23.972143054388425	4.102396848887264	0.7585369837538783	0.03417367663444328	2.759222121560401E7	8.24424813631984E11	0.03281718139895918	1	1.6094379124341	0.9582152736108525	2.772853049733441E7	
38000	30.024883894285132	0.0	30.024883894285132	0.0	0.9311939481367332	26.806913976367543	4.386848852517336	0.577936132383587	0.012822784995351381	8.418312814124353E8	1.2132483184722562E14	0.013066244982179863	1	1.6094379124341	0.9311939481367332	8.418738519675354E8	
39000	30.214890755451997	0.0	30.214890755451997	0.0	1.0136300098105764	28.245989735252333	5.938152798404262	0.597264496346651	0.4181729809031095	2.8083080117708933E8	1.8358166610752236E16	0.48695214234749074	1	1.6094379124341	1.0136300098105764	2.4473173238056886E8	
40000	23.479072819294053	0.0	23.479072819294053	0.0	1.0996488608021175	24.358613337065975	5.19979954778364	4.059140802411332	0.7288335752462092	1.2864595164657373E9	1.52527970701684608E18	0.9735143107222249	1	1.6094379124341	1.0996488608021175	1.1611959142146068E9	
41000	15.863454146246175	0.0	15.863454146246175	0.0	1.0010665721399128	16.65728679917759	4.808783053475613	5.151774656895608	0.620818448661355	1.150160479342195E9	8.4473369510506086E17	0.7645439005574385	1	1.6094379124341	1.0010665721399128	1.1077007945894663E9	
42000	9.761295349569837	0.0	9.761295349569837	0.0	1.0334394378077256	8.69679809687981	2.811226419632184	3.8277274556843315	0.10045051392103642	1.8288700754352753E9	3.6574589794866672E16	0.106348456913113	1	1.6094379124341	1.0334394378077256	1.7754809037982173E9	
43000	6.843934537741054	0.0	6.843934537741054	0.0	1.0583937777990242	6.405605266353733	2.920767414712754	3.8277274556843315	0.30915230208922856	1.1769026030429686E10	1.5515010377452499E19	0.31755145743831564	1	1.6094379124341	1.0583937777990242	1.1808057156983624E10	
44000	10.802902947973381	0.0	10.802902947973381	0.0	1.0297368614497173	9.54753771596909	2.663137820962519	3.8277274556843315	0.036834216415592216	5.3904967305411224E10	2.9087843176929777E18	0.031763698172518486	1	1.6094379124341	1.0297368614497173	5.388272894118378E10	
45000	17.378980324745154	0.0	17.378980324745154	0.0	1.0369898822829484	17.003993547284306	4.36553483133863	3.8277274556843315	0.3302643553149222	1.6342822285136305E13	2.236832348118614E25	0.28744427460301397	1	1.6094379124341	1.0369898822829484	1.7259030463962803E13	
46000	13.490341576050561	0.0	13.490341576050561	0.0	1.002861372773435	12.42403683916097	3.330762233045658	3.8277274556843315	0.09984807943732157	7.644456751543444E15	5.8117446284911165E29	0.10030036809334196	1	1.6094379124341	1.002861372773435	7.572746571450803E15	
47000	11.542420249538612	0.0	11.542420249538612	0.0	0.9369307215343358	11.407402029119748	3.751946741720443	9.833310920500253	0.09577585155024795	2.41648769629892704E17	4.302958824317804E32	0.08470395646549611	1	1.6094379124341	0.9369307215343358	2.48287077965958336E17	
48000	9.22583819113551	0.0	9.22583819113551	0.0	0.9275571334345485	9.482736247832882	3.5016265888890894	16.903213470946802	0.045843586095080886	9.2004299957570447E18	1.693806093888471E35	0.044648702924042584	1	1.6094379124341	0.9275571334345485	9.229871886295056E18	
49000	3.5374000716314424	0.0	3.5374000716314424	0.0	1.0480794164950031	3.5323858341416816	3.1686889182020828	10.741623330865124	0.10965894728475437	2.7480182347902095E20	8.097996675642774E38	0.1037799194208452	1	1.6094379124341	1.0480794164950031	2.757694075360577E20	
50000	10.492001622076488	0.0	10.492001622076488	0.0	0.9358666410104591	12.221237698408547	3.7926824817401696	34.61640258136603	0.2976564479310276	6.970130586691942E20	4.530979510610874E40	0.3028616333032098	1	1.6094379124341	0.9358666410104591	6.904296721349797E20	
51000	1.2319133634401094	0.0	1.2319133634401094	0.0	0.9732718474629869	3.944375595106366	2.9818379490643347	34.61640258136603	0.6253657255039152	7.101606810671884E21	2.0356401005683123E43	0.5830677244730555	1	1.6094379124341	0.9732718474629869	6.720335761010085E21	
52000	4.741156730873708	0.0	4.741156730873708	0.0	0.9376020252089612	6.593191776352414	3.549477542763875	20.287869696479365	0.5166690266089203	2.7762806821158487E21	2.1315071824110434E42	0.5290380314720767	1	1.6094379124341	0.9376020252089612	2.57556721065245E21	
53000	2.435917747696645	0.0	2.435917747696645	0.0	1.0997175928927636	4.462442181770474	3.379608404745974	20.287869696479365	0.5748263398276748	3.2728266280650936E23	2.84718364173263E46	0.5420839416017461	1	1.6094379124341	1.0997175928927636	3.1095401669367304E23	
54000	2.768768673756621	0.0	2.768768673756621	0.0	0.9224207332418817	5.083573271912636	4.176111065379143	20.287869696479365	0.6709101185162677	1.5349083172484966E24	1.1809430057980652E48	0.7376676552196155	1	1.6094379124341	0.9224207332418817	1.4360079460801432E24	
55000	12.835037012034409	0.0	12.835037012034409	0.0	1.0034869493115186	15.701053209635567	3.370670693921129	20.287869696479365	0.8546289446113337	1.689378371004716E24	1.8543034375326412E48	1.0053179042904945	1	1.6094379124341	1.0034869493115186	1.3762131615941459E24	
56000	3.4324260121936288	0.0	3.4324260121936288	0.0	1.0741456951512354	4.217341043884209	2.622676404325745	17.408883604478927	0.21200700047247464	2.709842020627952E24	3.3767282123340622E47	0.21879118476032347	1	1.6094379124341	1.0741456951512354	2.6084403307748015E24	
57000	11.842199079417586	0.0	11.842199079417586	0.0	0.9025457751417839	12.967446274444619	4.568077517522386	17.408883604478927	0.32543971051251364	2.251010157985414E24	6.2528273720538745E47	0.3330538327185937	1	1.6094379124341	0.9025457751417839	2.2779497419447664E24	
58000	15.496253007270525	0.0	15.496253007270525	0.0	0.9077289844718466	16.725767779906242	3.920231863610023	17.408883604478927	0.36019209412948816	2.3181281215463934E25	6.501676548913163E49	0.34467931938422	1	1.6094379124341	0.9077289844718466	2.2834329315529213E25	
59000	6.429452448031414	0.0	6.429452448031414	0.0	0.9572638444921462	6.966316644616019	3.3614359243562015	17.408883604478927	0.12933165713165326	8.153847661717985E24	6.916923476439023E47	0.1022524249512334	1	1.6094379124341	0.9572638444921462	7.995500674406342E24	
60000	7.5254869105228845	0.0	7.5254869105228845	0.0	1.0210378076673658	10.046065590204911	2.6179000435974915	17.408883604478927	0.7905036943480237	2.079587742607014E26	3.844956440446523E52	0.9097058451989299	1	1.6094379124341	1.0210378076673658	2.2219977287215352E26	
61000	11.203935784513178	0.0	11.203935784513178	0.0	1.0912730941262774	12.112027512507808	3.4809047573798026	19.87365572377185	0.20892807589759108	8.271063575456039E27	3.013632864737824E54	0.21464729102642077	1	1.6094379124341	1.0912730941262774	8.105578496772616E27	
62000	6.260066111205537	0.0	6.260066111205537	0.0	1.0640323793730269	6.796479878093868	2.91267703820916	19.87365572377185	0.08504781146086196	1.104003489020054E28	9.357221852128641E53	0.08823653014341144	1	1.6094379124341	1.0640323793730269	1.09198384767262E28	
63000	12.657771212878817	0.0	12.657771212878817	0.0	1.0854323314184702	13.572661630257286	3.285961449635763	19.87365572377185	0.21119407906922485	2.7240242981497345E30	3.614834642484446E59	0.22865381526502968	1	1.6094379124341	1.0854323314184702	2.582229189730195E30	
64000	10.327449153818778	0.0	10.327449153818778	0.0	1.0012535734151025	12.14004790072008	2.965596105099072	62.136907937769706	0.1304565563356837	5.301290898620033E31	5.0472993272982717E61	0.1394905813242825	1	1.6094379124341	1.0012535734151025	4.967636336321014E31	
65000	2.163991919079292	0.0	2.163991919079292	0.0	1.0917910060214078	3.5991025847706624	3.425997034974918	62.136907937769706	0.004639778868413188	4.0553122774424284E32	4.855629955169903E60	0.005433807614933159	1	1.6094379124341	1.0917910060214078	4.055343221729829E32	
66000	10.486074173610998	0.0	10.486074173610998	0.0	1.0976147865972625	11.982103894799238	3.5121712253281747	62.136907937769706	0.024944100065519233	8.0729100173693E32	4.149943586923318E62	0.025198461250563506	1	1.6094379124341	1.0976147865972625	8.0889192313574E32	
67000	1.2960869281117464	0.0	1.2960869281117464	0.0	1.0918425431080618	3.35381940967031	3.1712134839888733	58.404886578958866	0.2328044262391598	6.580843177701449E33	2.2853906286490414E66	0.22634986000214413	1	1.6094379124341	1.0918425431080618	6.863523634907896E33	
68000	2.2647944609579294	0.0	2.2647944609579294	0.0	0.9601088954608359	4.292136666995575	2.4402398502203537	58.404886578958866	0.22267534740803813	2.3777497414198797E35	3.0262368907975993E69	0.23359892789288556	1	1.6094379124341	0.9601088954608359	2.4378357227753437E35	
69000	3.12040978061771	0.0	3.12040978061771	0.0	0.9400523012114531	4.900161566460658	3.3668020890096244	58.404886578958866	0.1401534603571452	1.6956137290660104E36	5.558729024343268E70	0.14000947173202297	1	1.6094379124341	0.9400523012114531	1.638965808394926E36	
70000	0.9322842954012736	0.0	0.9322842954012736	0.0	0.9888897423631337	2.585203932655599	3.299569181896729	58.404886578958866	0.09788030523255732	1.5444535636191787E37	2.363163957739477E72	0.09907354186596831	1	1.6094379124341	0.9888897423631337	1.5266743927614313E37	
71000	1.1942489294463416	0.0	1.1942489294463416	0.0	0.914579407502667	3.0605475419185497	3.3709134912953775	58.404886578958866	0.16899951767267765	9.301758376431015E36	2.6408080605172156E72	0.17269201274245216	1	1.6094379124341	0.914579407502667	9.352500243380389E36	
72000	-0.12054877480535042	0.0	-0.12054877480535042	0.0	0.9878515832725955	1.7646864049595816	2.6647871246697603	73.3828724458329	0.09922168447287148	5.822989613775684E37	3.9575865290130945E73	0.10744592416050514	1	1.6094379124341	0.9878515832725955	5.847445712459749E37	
73000	11.263999743161023	0.0	11.263999743161023	0.0	0.9193193986354574	13.054397242908617	3.421979927573866	73.3828724458329	0.06761228572309283	1.0168247634111587E38	4.481600026849833E73	0.06576270078232033	1	1.6094379124341	0.9193193986354574	1.00276239620381E38	
74000	5.024022588032995	0.0	5.024022588032995	0.0	0.9954238588302956	7.030353113698823	4.650851018680316	73.3828724458329	0.13958276326164004	1.5039567711999805E38	4.0188997524212427E74	0.13176189110012831	1	1.6094379124341	0.9954238588302956	1.5038909058278843E38	
75000	-3.6448501699583686	0.0	-3.6448501699583686	0.0	1.0077574909042	-1.0228085966877307	3.4299635061980793	73.3828724458329	0.3447992554283232	9.788177705665454E37	8.726301088465221E74	0.3100802626401268	1	1.6094379124341	1.0077574909042	9.703482817219568E37	
76000	3.2419145178327717	0.0	3.2419145178327717	0.0	0.931868064053586	5.383480667401705	2.860034130415349	73.3828724458329	0.18465679670854507	1.1760907213264702E39	3.7891099580396295E76	0.1685285953961218	1	1.6094379124341	0.931868064053586	1.1895295088985388E39	
77000	4.998670299303985	0.0	4.998670299303985	0.0	0.9061542620521496	8.389735601009374	3.4244495024697676	73.3828724458329	0.6011148641156256	6.353979066491425E38	1.512968416089616E77	0.6022313378020046	1	1.6094379124341	0.9061542620521496	6.3162762346275396E38	
78000	-1.329236663270141	0.0	-1.329236663270141	0.0	1.0050156649454647	0.9061335098319434	3.199351812132204	73.3828724458329	0.21592167775214433	2.6505208011853597E39	2.9154647405305463E77	0.20194132338236828	1	1.6094379124341	1.0050156649454647	2.795319825108385E39	
79000	3.0477712705421927	0.0	3.0477712705421927	0.0	0.9081873087417526	4.648379394129459	2.4178522568342893	66.7189816805908	0.036086002484477374	1.6630439029135887E41	2.991557065670751E79	0.032944741287913124	1	1.6094379124341	0.9081873087417526	1.669754168701937E41	
80000	-6.0999792430216555	0.0	-6.0999792430216555	0.0	1.0411824730467587	-4.1687142390032115	2.2471278756123407	66.7189816805908	0.1462939407321889	8.325385147678241E41	1.2764227925072698E82	0.1381105080680199	1	1.6094379124341	1.0411824730467587	8.20278180325376E41	
81000	1.6804356637001523	0.0	1.6804356637001523	0.0	0.9301858117424028	3.5429487417368133	3.311854978314389	75.46032046772646	0.08234387237471456	4.7720051147426715E42	1.5106778820820293E83	0.08146804510021369	1	1.6094379124341	0.9301858117424028	4.799785706172224E42	
82000	6.515810457243836	0.0	6.515810457243836	0.0	0.9736269822524907	8.695204518153744	2.944267807744877	75.46032046772646	0.1879603039663677	2.200139954262215E42	1.6693462174956595E83	0.1873668958352956	1	1.6094379124341	0.9736269822524907	2.2272053535466028E42	
83000	-0.3668784705177688	0.0	-0.3668784705177688	0.0	0.9288291954938943	1.6334955985494926	3.1538866480995735	75.46032046772646	0.12829294068521366	5.894997505880665E42	6.695130018528958E83	0.139758928491587	1	1.6094379124341	0.9288291954938943	5.872212294780444E42	
84000	-4.378445409238687	0.0	-4.378445409238687	0.0	0.910138338799904	-2.556516241520954	2.225034646859964	25.641375374194073	0.4285811714190294	6.010417934281395E42	8.734833092793818E84	0.48792930398177514	1	1.6094379124341	0.910138338799904	6.531183494233459E42	
85000	1.0580747511517488	0.0	1.0580747511517488	0.0	0.9100716079801684	1.7230484056577486	2.8500494334498314	25.641375374194073	0.04296789886555885	7.97429070755919E42	1.174235690105272E83	0.042776492060417746	1	1.6094379124341	0.9100716079801684	8.059868224236874E42	
86000	0.5747064254096101	0.0	0.5747064254096101	0.0	0.9051851819225663	1.1419322145941546	2.24838461912512	16.933164021459298	0.1486857726535506	2.536074883772893E43	1.2157725270197093E85	0.1377438369052615	1	1.6094379124341	0.9051851819225663	2.5460299131082816E43	
87000	-3.4405624506820076	0.0	-3.4405624506820076	0.0	1.0151165653747964	-1.8130915466256958	3.688343246993378	16.933164021459298	0.5020654694403106	3.299904293647326E45	2.375618604112245E90	0.45638643321331274	1	1.6094379124341	1.0151165653747964	3.403000262543139E45	
88000	10.638995674281478	0.0	10.638995674281478	0.0	0.9073396565005669	10.50491222215252	3.649733736112864	8.143095679933703	0.15894955065410132	3.1768849120888485E45	2.1512701026922197E89	0.1477657101866605	1	1.6094379124341	0.9073396565005669	3.1181270345904226E45	
89000	2.607401324511796	0.0	2.607401324511796	0.0	0.9156574346364159	2.339646129090055	2.7020618486743913	8.143095679933703	0.11439675861461703	2.574223701173299E46	8.85826579797521E90	0.11770421695626843	1	1.6094379124341	0.9156574346364159	2.500721811557979E46	
90000	2.093526967937604	0.0	2.093526967937604	0.0	1.0012067965443638	2.411938149820081	3.6210669839289675	8.143095679933703	0.3097660121701127	6.712812856034435E47	4.4366558993171606E94	0.30160847516917483	1	1.6094379124341	1.0012067965443638	6.743762541723087E47	
91000	-0.14458803825311173	0.0	-0.14458803825311173	0.0	0.9862038390790057	1.7061756994703243	3.14507479531123	10.640051736070204	0.731356389550646	4.0514513178641257E49	1.1047387712264544E99	0.8454827589560039	1	1.6094379124341	0.9862038390790057	4.219569741949638E49	
92000	-8.89113807712778	0.0	-8.89113807712778	0.0	1.0644121024275446	-8.842634972919239	2.191035305535434	10.640051736070204	0.13066292040013164	8.74686068669497E49	1.3382388088142119E98	0.12947166885214653	1	1.6094379124341	1.0644121024275446	9.034460876805215E49	
93000	0.5387219259350597	0.0	0.5387219259350597	0.0	1.0737816706112757	0.25649212440067704	2.941108429336811	10.640051736070204	0.020429642916015074	1.0277770821654855E51	4.7856383685152265E98	0.021238349515296677	1	1.6094379124341	1.0737816706112757	1.0305925070675661E51	
94000	8.297661595935121	0.0	8.297661595935121	0.0	1.0215286781694153	7.74831022929586	2.9438040285394043	6.7968123830344	0.08077362329243275	5.379863745571512E52	2.0019183273561824E103	0.083747020041999	1	1.6094379124341	1.0215286781694153	5.386833510265846E52	
95000	6.051355227338368	0.0	6.051355227338368	0.0	1.055051946909146	6.079863097072823	3.0323425675180764	6.7968123830344	0.2733741067757923	5.467128532433909E52	3.5050637770911225E104	0.330227646199692	1	1.6094379124341	1.055051946909146	5.764286214379201E52	
96000	-4.852345804197908	0.0	-4.852345804197908	0.0	1.0133386441363368	-5.3457716014780505	3.31053822070072	6.7968123830344	0.09941361555982683	3.7615276868746007E53	1.562831128948172E105	0.10587583596579969	1	1.6094379124341	1.0133386441363368	3.7272509132503037E53	
97000	-0.3704855674956158	0.0	-0.3704855674956158	0.0	0.9824572368667214	-0.3681892830365392	2.445833221099651	6.7968123830344	0.2646377854035087	9.006925925815361E54	5.688571886020072E108	0.27027743371336166	1	1.6094379124341	0.9824572368667214	8.956688587559795E54	
98000	-5.803125986121724	0.0	-5.803125986121724	0.0	1.0879305988441392	-6.492947463571849	2.0375195220679423	6.7968123830344	0.033954935359171545	2.298639506212047E56	5.287002778368243E109	0.03155556456820102	1	1.6094379124341	1.0879305988441392	2.306146787839434E56	
99000	6.927832492640851	0.0	6.927832492640851	0.0	0.9494991432909539	6.165328578542532	2.7739106007732444	6.7968123830344	0.009729879224328584	1.3279221012907286E57	1.672465867084949E110	0.009732793147004244	1	1.6094379124341	0.9494991432909539	1.3288179347977764E57	
100000	0.02438317914375876	0.0	0.02438317914375876	0.0	0.9241989490269318	-0.6638565788717701	2.9736006920888673	6.7968123830344	0.03448212244672273	2.695805120364515E58	9.090574981382029E113	0.035447055823111404	1	1.6094379124341	0.9241989490269318	2.679742164406102E58	
101000	1.080615163409889	0.0	1.080615163409889	0.0	0.9520342138466633	1.0319455645369882	2.8125178695664257	6.7968123830344	0.24765085648896057	1.6897875068075512E59	1.9849567723342858E117	0.26386098956932286	1	1.6094379124341	0.9520342138466633	1.6660734038809825E59	
102000	-1.7032517520822585	0.0	-1.7032517520822585	0.0	1.000295380508817	-2.1889747828424992	2.960395657866434	6.7968123830344	0.10198094764091022	9.783607713232127E61	1.1931588960302984E122	0.11294329426032913	1	1.6094379124341	1.000295380508817	9.696580078325035E61	
103000	2.148949233832039	0.0	2.148949233832039	0.0	1.0610569805513652	1.7860291653674905	2.8775460703977696	6.7968123830344	0.14291117497406444	1.4607912194347346E61	5.251440131823504E120	0.15615177520242143	1	1.6094379124341	1.0610569805513652	1.5192200286235737E61	
104000	-2.362370782537874	0.0	-2.362370782537874	0.0	1.0427390393763372	-1.7506707123465697	2.6857218638354663	6.7968123830344	0.4677520671880601	8.293142211555014E60	1.8277147643099786E121	0.523385723079691	1	1.6094379124341	1.0427390393763372	8.827339972171418E60	
105000	-2.5703955377401493	0.0	-2.5703955377401493	0.0	1.0031920779874237	-1.1694357737143717	2.755010430910221	6.7968123830344	0.73081232314309	8.917601203831824E61	5.605038740116466E123	0.8309762129603802	1	1.6094379124341	1.0031920779874237	8.549726973060642E61	
106000	16.756432270436633	0.0	16.756432270436633	0.0	1.003631868344771	16.28453266932525	3.26931634146836	9.101140512567177	0.009282694394491172	4.238802933750669E62	1.6457682143725368E121	0.009564549801588385	1	1.6094379124341	1.003631868344771	4.236265317569169E62	
107000	18.446054736954512	0.0	18.446054736954512	0.0	1.0107672199610964	19.187940448071103	3.505575387752491	9.101140512567177	0.41383733896007285	1.5008288838480543E62	4.7878980011986944E123	0.4775824529850295	1	1.6094379124341	1.0107672199610964	1.4947199631985394E62	
108000	12.412489500153814	0.0	12.412489500153814	0.0	0.9468905062022038	12.11497102126351	3.749485429175191	9.101140512567177	0.06740392243077573	6.5433516690988075E62	1.8131935074966727E123	0.06531303866714205	1	1.6094379124341	0.9468905062022038	6.5362021072180095E62	
109000	12.231584068038474	0.0	12.231584068038474	0.0	1.0550665179840464	10.893479440150733	2.7258786116434437	2.8067127242421743	0.11266594184597233	3.875659131390114E63	1.995847287414203E125	0.11485597834485767	1	1.6094379124341	1.0550665179840464	3.8240899022115124E63	
110000	7.398813940406548	0.0	7.398813940406548	0.0	1.0798270114447162	5.787185686110707	2.5330565769829514	2.6136505072406497	0.045253489501925696	8.393258635742219E64	1.3487976472439657E127	0.0437175768929092	1	1.6094379124341	1.0798270114447162	8.34447402734296E64	
111000	15.347037325893236	0.0	15.347037325893236	0.0	0.9448784833894861	14.144274157674587	4.003249276656922	2.6136505072406497	0.18152822269145352	5.187277859022238E65	8.648756173990968E129	0.18154597648081738	1	1.6094379124341	0.9448784833894861	5.037216966576872E65	
112000	13.087008586987498	0.0	13.087008586987498	0.0	0.9809072120373575	12.729629753146867	2.990903213008604	2.6136505072406497	0.4632948213396469	4.627817331686652E66	6.498558677012743E132	0.5385105976553117	1	1.6094379124341	0.9809072120373575	4.692004840012724E66	
113000	17.454238447412283	0.0	17.454238447412283	0.0	0.9245042843313837	17.85225654199388	4.694612984334311	2.6136505072406497	0.7150686175827764	2.516010518589598E67	4.279129325613214E134	0.7025025761444569	1	1.6094379124341	0.9245042843313837	3.015497025405634E67	
114000	9.470820354744735	0.0	9.470820354744735	0.0	1.0617298694145028	8.938083945052075	2.8711491926717514	1.5246126811786458	0.5844993436079828	1.410301869853884E68	7.22312956168831E135	0.6204309954092618	1	1.6094379124341	1.0617298694145028	1.3741631779692722E68	
115000	11.089033934592122	0.0	11.089033934592122	0.0	0.9010481529463931	9.13176469304868	2.424519316042498	1.1409782695144932	0.2063110131632562	9.2177674813182E68	3.464210375128611E136	0.20700325278957357	1	1.6094379124341	0.9010481529463931	9.066825113260478E68	
116000	6.637180985557611	0.0	6.637180985557611	0.0	1.049324275175381	4.679834120482132	2.7304009975492654	1.1409782695144932	0.20628514124002814	2.863317464189164E69	3.525979380664398E137	0.20981954241171374	1	1.6094379124341	1.049324275175381	2.7893665193304507E69	
117000	6.478349041741964	0.0	6.478349041741964	0.0	0.9268403396083975	4.67426642520628	2.543022280808276	1.1409782695144932	0.2573681152783416	5.93841335810103E70	2.5503353373320257E140	0.2660703422534862	1	1.6094379124341	0.9268403396083975	5.958845665919216E70	
118000	11.53088019490207	0.0	11.53088019490207	0.0	0.9712892890073134	9.148111100618758	4.564082325713493	1.1409782695144932	0.0644919122450576	1.1615781136055393E71	5.466087486056667E139	0.06369778282088977	1	1.6094379124341	0.9712892890073134	1.1562723068605111E71	
119000	17.13540101302456	0.0	17.13540101302456	0.0	0.9302803942499381	15.569974221822239	3.2206426075477053	1.1409782695144932	0.33691210186195236	4.377182457562476E71	2.433180541143115E142	0.34988785395006106	1	1.6094379124341	0.9302803942499381	4.3000275484000793E71	
120000	12.88852487348715	0.0	12.88852487348715	0.0	0.9599545098038007	13.590794951314322	3.290515218681532	1.1409782695144932	1.0927354683094819	7.341951870046115E71	7.636759572307577E143	1.3882034934279248	1	1.6094379124341	0.9599545098038007	5.605271652455163E71	
121000	5.769799031293397	0.0	5.769799031293397	0.0	1.0704427969322314	6.47206910912057	3.747458159995265	1.1409782695144932	1.0927354683094819	3.5068553036490755E73	1.7709296384342375E147	1.347993057446613	1	1.6094379124341	1.0704427969322314	2.746641198339616E73	
122000	26.52174622457624	0.0	26.52174622457624	0.0	0.9521013477701376	24.007532278825348	4.6832878710603225	1.1409782695144932	0.020681343250913062	1.5250101838642414E74	9.553646179695295E144	0.02026782293145958	1	1.6094379124341	0.9521013477701376	1.5295904528567923E74	
123000	13.600041979018163	0.0	13.600041979018163	0.0	1.038546143794809	11.62644340133059	2.974469582823344	1.1409782695144932	0.2008684454264166	2.0758413140702903E75	1.4099230005897744E149	0.18053969312454132	1	1.6094379124341	1.038546143794809	2.1041568046922935E75	
124000	15.602778372688245	0.0	15.602778372688245	0.0	0.924788671549898	13.958857082830928	2.7754632970553996	0.42728015729616636	0.6381176122110369	4.50087284533565E76	6.271580962399395E152	0.5174359971761197	1	1.6094379124341	0.924788671549898	5.71276906031079E76	
125000	14.73247109607351	0.0	14.73247109607351	0.0	1.053368126018461	11.59664195169599	3.4681213255356806	0.42728015729616636	0.1408647242994529	6.070921379653863E76	6.814208045053666E151	0.13811615020687026	1	1.6094379124341	1.053368126018461	6.20511824354194E76	
126000	21.880334576947895	0.0	21.880334576947895	0.0	0.9588172689810988	19.148636782724044	4.128654153039355	0.42728015729616636	0.2755617033056714	5.765800560173382E78	2.6035025860125054E156	0.28980621370788356	1	1.6094379124341	0.9588172689810988	5.756188426239428E78	
127000	19.870767450873057	0.0	19.870767450873057	0.0	0.9197069409745908	17.809610748151286	3.5666710445215326	0.2522135297302225	0.6747567553902972	1.0494377800511881E79	4.669645780544498E157	0.6550950216361157	1	1.6094379124341	0.9197069409745908	1.2430252805242579E79	
128000	15.621802589998918	0.0	15.621802589998918	0.0	1.0261100874745146	13.03957624439072	3.4892994552414134	0.2522135297302225	0.50108424341625	9.412476179580927E78	2.294079050887395E157	0.5152541503717406	1	1.6094379124341	1.0261100874745146	1.0123323909976921E79	
129000	6.901151089422745	0.0	6.901151089422745	0.0	1.0970138926525017	2.8532508037058513	2.0039878560331035	0.2522135297302225	0.01257511917802159	1.376501947760579E79	2.692018510570389E154	0.011923346273031744	1	1.6094379124341	1.0970138926525017	1.3772787033193603E79	
130000	24.12276435620628	0.0	24.12276435620628	0.0	0.9259980232725814	21.11593997686336	5.350910715849034	0.2522135297302225	0.35956571877246724	1.7733464051320029E78	3.485918663965604E155	0.3508403712907413	1	1.6094379124341	0.9259980232725814	1.7428420200592013E78	
131000	24.426925992935548	0.0	24.426925992935548	0.0	0.9449790189133702	23.06548444857178	3.6844639999506783	0.2522135297302225	0.9079718176710188	1.7354274163430853E79	2.9901978594038533E158	1.0163480297299607	1	1.6094379124341	0.9449790189133702	1.766227909057731E79	
132000	28.235723327909096	0.0	28.235723327909096	0.0	1.001261293082713	24.303096463943817	4.111304546518388	0.2522135297302225	0.050995750647835895	4.3718508223513546E79	5.412351641223838E156	0.053071475084053556	1	1.6094379124341	1.001261293082713	4.3979971076058155E79	
133000	25.474070968983714	0.0	25.474070968983714	0.0	1.0101003272797584	22.066932762175387	3.4560624371397863	0.2522135297302225	0.22614112007824747	4.553707323610757E79	1.0198855550594712E158	0.23548067597087582	1	1.6094379124341	1.0101003272797584	4.217781045701719E79	
134000	30.857975374036762	0.0	30.857975374036762	0.0	0.9734417663625023	28.025332955606892	3.9630020325370845	0.2522135297302225	0.4176205663447868	1.9413512220473815E80	7.246936531072428E159	0.4339474534539742	1	1.6094379124341	0.9734417663625023	1.946767289459902E80	
135000	36.44116346976561	0.0	36.44116346976561	0.0	0.9268090975911475	37.26782978778833	6.476123532912271	0.2522135297302225	1.6372681682044352	7.1569008040293675E81	1.3309909677494586E164	1.5981852291479102	1	1.6094379124341	0.9268090975911475	9.49774529729607E81	
136000	32.35727412277226	0.0	32.35727412277226	0.0	1.0337403705056518	28.083344209505057	4.979582229882678	0.19230866745527905	0.027621853427788216	2.2096431179844065E81	3.476921916223292E159	0.026574922789597655	1	1.6094379124341	1.0337403705056518	2.220749403373958E81	
137000	34.485608084378136	0.0	34.485608084378136	0.0	0.96988577899347	30.818047263794735	6.215690590518723	0.1625127778399931	0.2858340913860334	2.7814878588908393E82	6.495623654196995E163	0.2767008829448006	1	1.6094379124341	0.96988577899347	2.8452174740105943E82	
138000	26.98183646075482	0.0	26.98183646075482	0.0	1.075429276467369	23.425553193701834	4.168674431572284	0.34600889018131276	0.07104547778783447	1.2650533806813E82	9.497305117915222E161	0.07681419291093879	1	1.6094379124341	1.075429276467369	1.2555815589041277E82	
139000	15.498000316945358	0.0	15.498000316945358	0.0	0.9318745342361595	13.156128371493217	3.220052912190629	0.34600889018131276	0.47580877127739524	3.5462993832856224E82	4.050296675325793E164	0.5441307144581525	1	1.6094379124341	0.9318745342361595	3.820475577946756E82	
140000	17.131511692101103	0.0	17.131511692101103	0.0	1.0133405223659657	14.336123599691373	3.174776544728497	0.5593666138934178	0.16455430815034147	7.824076258021909E82	1.379600628393402E164	0.15101237821924338	1	1.6094379124341	1.0133405223659657	7.936184837495668E82	
141000	22.571267708150813	0.0	22.571267708150813	0.0	0.9638815138353835	20.946846997847196	3.5199279563372734	2.207208455156253	0.09732390702575132	8.225821874073698E83	5.531986783183066E165	0.09139891529297274	1	1.6094379124341	0.9638815138353835	8.153761668678809E83	
142000	21.817055412509028	0.0	21.817055412509028	0.0	1.0458657369013526	21.37032477357548	4.851882383923381	2.207208455156253	0.4898480078133944	1.2492790654132502E85	4.211055150092997E169	0.5209688647096925	1	1.6094379124341	1.0458657369013526	1.2187237823652045E85	
143000	30.202710089111342	0.0	30.202710089111342	0.0	0.9549219479423174	28.92581688186312	4.820887191058489	2.207208455156253	0.21315482379411385	3.155237632760461E86	4.8904765490304035E171	0.2143439712401605	1	1.6094379124341	0.9549219479423174	3.203298828836501E86	
144000	24.455842641877144	0.0	24.455842641877144	0.0	0.9073070167597354	23.012167964706833	3.992761438311927	2.207208455156253	0.15756655986908227	3.482377217125825E86	4.012295827083487E171	0.178215423063319	1	1.6094379124341	0.9073070167597354	3.5283570912962866E86	
145000	27.62108038049592	0.0	27.62108038049592	0.0	1.0743986765516242	26.55367923654359	5.168329611923215	4.492719212616851	0.046092366443996495	4.57694185750861E86	4.786643893313104E170	0.04774676013183917	1	1.6094379124341	1.0743986765516242	4.5913705699920164E86	
146000	15.749273900155114	0.0	15.749273900155114	0.0	0.924435724681941	15.811339569893818	3.6170642987911172	3.801886530129157	0.47819166838573945	4.5620886086771505E87	4.392925103650591E174	0.499090607671585	1	1.6094379124341	0.924435724681941	3.9487559698063035E87	
147000	15.32099379176527	0.0	15.32099379176527	0.0	1.0051024911084985	14.226497775053057	3.6269398915786066	3.801886530129157	0.09270965829164893	1.5642732861171509E88	1.9600342819814174E174	0.09046913216061428	1	1.6094379124341	1.0051024911084985	1.5248293003489209E88	
148000	9.578648764100175	0.0	9.578648764100175	0.0	0.933192575071441	10.390089566414058	2.6874661268617195	7.460211609251253	0.5032854093429372	4.5032431291716564E88	4.99372978026427E176	0.48577056732796736	1	1.6094379124341	0.933192575071441	4.4469777808113986E88	
149000	8.038829280215927	0.0	8.038829280215927	0.0	1.0653856869473064	9.642757061996543	4.4804228117377365	7.460211609251253	0.7674213195991987	3.9681605760393375E88	1.0402606567286133E177	0.7207033524028758	1	1.6094379124341	1.0653856869473064	4.900599612808266E88	
150000	7.080688401878314	0.0	7.080688401878314	0.0	0.9717796665584385	9.889522894615876	3.481243647987325	6.251214863507438	1.2279468183106697	1.6931724255576127E88	2.284946502948772E176	0.9254334479313464	1	1.6094379124341	0.9717796665584385	2.3248789260243884E88	
151000	6.1024921115617765	0.0	6.1024921115617765	0.0	1.0694470674424046	5.530975390619517	2.704315084751977	6.251214863507438	0.10127575879118558	2.150780668952594E88	4.126742711783353E174	0.09290376466163194	1	1.6094379124341	1.0694470674424046	2.2157422041046475E88	
152000	13.566767475117643	0.0	13.566767475117643	0.0	0.9691095355427863	14.464135638620075	4.0251090019456	20.480927151520376	0.19532189898603383	1.2124501367360906E89	5.067789444741085E176	0.1854276454279244	1	1.6094379124341	0.9691095355427863	1.2194904705566477E89	
153000	19.783931056265253	0.0	19.783931056265253	0.0	0.9599490151436475	20.359541483899427	3.8616951934198798	20.480927151520376	0.08808004562114395	1.0764580078662682E92	1.073564187216163E182	0.0963256687698889	1	1.6094379124341	0.9599490151436475	1.0771354310153267E92	
154000	10.848439897385807	0.0	10.848439897385807	0.0	1.017007892763953	12.061633401114834	3.3131362252960677	20.480927151520376	0.30058648488355766	1.3066404331322095E95	1.917208831562969E189	0.3221822933103063	1	1.6094379124341	1.017007892763953	1.340865549338477E95	
155000	4.349798539218557	0.0	4.349798539218557	0.0	0.9263551050567083	5.009464172064038	3.713923592492344	20.480927151520376	0.11609564551807251	3.7023296606935526E95	1.9210622071679564E189	0.11734315050333634	1	1.6094379124341	0.9263551050567083	3.7789208081757275E95	
156000	5.3051854089807495	0.0	5.3051854089807495	0.0	0.9893846654281501	4.897016724207804	2.852494646649562	8.934642321366528	0.03667813338783371	1.4085877433920238E96	2.989402710919057E189	0.038667659367824736	1	1.6094379124341	0.9893846654281501	1.4210033267151312E96	
157000	-7.923237141124268	0.0	-7.923237141124268	0.0	1.013524313285213	-8.30334766539445	2.4181475524131146	8.934642321366528	0.04602991828340485	1.755027096588235E97	5.900846682428591E191	0.04389761163905125	1	1.6094379124341	1.013524313285213	1.7539464956838888E97	
158000	-6.9638508127820895	0.0	-6.9638508127820895	0.0	1.0912590547804875	-6.434643443998084	2.1239776145536493	8.934642321366528	0.3491055720383653	1.0295113363212885E100	1.0044371008845543E199	0.3212790816662419	1	1.6094379124341	1.0912590547804875	9.940333213030229E99	
159000	12.684111444162635	0.0	12.684111444162635	0.0	0.9250635260741893	10.244685092910885	2.5658779447189306	0.6714831118079494	0.22230785637000655	7.661049622005535E105	2.694961048157055E210	0.20761414855845456	1	1.6094379124341	0.9250635260741893	7.895867739599873E105	
160000	9.56593886522615	0.0	9.56593886522615	0.0	1.0196404155050385	6.698926144962038	3.0768029835966098	0.23941512544843827	0.423522241219915	8.17555587164747E105	1.0389783762084659E211	0.4001330386950111	1	1.6094379124341	1.0196404155050385	8.229878995614464E105	
161000	3.9287495799467083	0.0	3.9287495799467083	0.0	1.0937140003996337	1.0993827004736216	2.739678714461073	0.23941512544843827	0.43606959995556366	3.774040150630519E106	2.607098441165374E212	0.40621823536438556	1	1.6094379124341	1.0937140003996337	3.951273806431591E106	
162000	2.3948378360380076	0.0	2.3948378360380076	0.0	0.9756516008221363	-0.7020474179425582	3.0469588435663035	0.23941512544843827	0.34690572573222095	1.3103339577661385E107	1.7637736111681138E213	0.30315336456726855	1	1.6094379124341	0.9756516008221363	1.3680451464183334E107	
163000	11.453395046230467	0.0	11.453395046230467	0.0	0.9014544497677275	8.544143750280794	4.018820948118157	0.23941512544843827	0.4094441239439176	2.9394464448412576E108	1.2059912811423302E216	0.3651171854028971	1	1.6094379124341	0.9014544497677275	2.829136262489671E108	
164000	20.006423498062247	0.0	20.006423498062247	0.0	1.000449863229637	16.220362985139367	4.46701323506826	0.23941512544843827	0.11720361192674662	8.312026099011374E107	9.90315969140221E213	0.11954581966921078	1	1.6094379124341	1.000449863229637	8.246486101353919E107	
165000	22.905502555437817	0.0	22.905502555437817	0.0	0.9782127812172104	20.36628789587313	4.638067494725955	0.2723496365083311	0.4898190653082045	3.5495409710381487E108	2.8038548385665255E216	0.48007433055762166	1	1.6094379124341	0.9782127812172104	3.353003322925964E108	
166000	17.9569795008829	0.0	17.9569795008829	0.0	1.0260296336597892	14.43468012258548	3.7676090373491338	0.2723496365083311	0.16215692855458594	5.2179648310301686E110	6.692034483613734E219	0.15495847090379417	1	1.6094379124341	1.0260296336597892	5.190217767502312E110	
167000	27.032592180400826	0.0	27.032592180400826	0.0	0.9048063088761655	25.370272431653266	4.308435568298205	0.2723496365083311	0.7820881390835536	1.0582848243742584E111	7.720630612347358E221	0.7632467089373296	1	1.6094379124341	0.9048063088761655	1.243608199471277E111	
