#
#model:
#
#<?xml version="1.0" encoding="UTF-8" standalone="no"?><input id="posterior" spec="beast.core.util.CompoundDistribution">
#    <distribution id="prior" spec="beast.core.util.CompoundDistribution">
#        <distribution id="YuleModel.t:s_dat" spec="beast.evolution.speciation.YuleModel">
#            <parameter id="birthRate.t:s_dat" name="birthDiffRate">1.0</parameter>
#            <tree id="Tree.t:s_dat">
#                <taxonset id="TaxonSet.s_dat" spec="beast.evolution.alignment.TaxonSet">
#                </taxonset>
#            </tree>
#        </distribution>
#        <prior id="YuleBirthRatePrior.t:s_dat" name="distribution" x="@birthRate.t:s_dat">
#            <Uniform id="Uniform.0" name="distr" upper="Infinity"/>
#        </prior>
#        <prior id="MutationRatePrior.s:s_dat" name="distribution">
#            <parameter id="mutationRate.s:s_dat" name="x">1.0</parameter>
#            <OneOnX id="OneOnX.0" name="distr"/>
#        </prior>
#        <prior id="MeanRatePrior.c:s_dat" name="distribution">
#            <parameter id="ucldMean.c:s_dat" name="x">1.0</parameter>
#            <Uniform id="Uniform.01" name="distr" upper="Infinity"/>
#        </prior>
#        <prior id="ucldStdevPrior.c:s_dat" name="distribution">
#            <parameter id="ucldStdev.c:s_dat" lower="0.0" name="x" upper="5.0">0.5</parameter>
#            <Exponential id="Exponential.0" name="distr">
#                <parameter estimate="false" id="RealParameter.0" name="mean">0.3333</parameter>
#            </Exponential>
#        </prior>
#        <distribution id="root_age.prior" spec="beast.math.distributions.MRCAPrior" tree="@Tree.t:s_dat">
#            <taxonset id="root_age" spec="beast.evolution.alignment.TaxonSet">
#                <taxon id="t4" spec="beast.evolution.alignment.Taxon"/>
#                <taxon id="t41" spec="beast.evolution.alignment.Taxon"/>
#                <taxon id="t30" spec="beast.evolution.alignment.Taxon"/>
#                <taxon id="t16" spec="beast.evolution.alignment.Taxon"/>
#                <taxon id="t7" spec="beast.evolution.alignment.Taxon"/>
#                <taxon id="t29" spec="beast.evolution.alignment.Taxon"/>
#                <taxon id="t20" spec="beast.evolution.alignment.Taxon"/>
#                <taxon id="t36" spec="beast.evolution.alignment.Taxon"/>
#                <taxon id="t22" spec="beast.evolution.alignment.Taxon"/>
#                <taxon id="t39" spec="beast.evolution.alignment.Taxon"/>
#                <taxon id="t5" spec="beast.evolution.alignment.Taxon"/>
#                <taxon id="t6" spec="beast.evolution.alignment.Taxon"/>
#                <taxon id="t38" spec="beast.evolution.alignment.Taxon"/>
#                <taxon id="t2" spec="beast.evolution.alignment.Taxon"/>
#                <taxon id="t13" spec="beast.evolution.alignment.Taxon"/>
#                <taxon id="t10" spec="beast.evolution.alignment.Taxon"/>
#                <taxon id="t43" spec="beast.evolution.alignment.Taxon"/>
#                <taxon id="t21" spec="beast.evolution.alignment.Taxon"/>
#                <taxon id="t8" spec="beast.evolution.alignment.Taxon"/>
#                <taxon id="t15" spec="beast.evolution.alignment.Taxon"/>
#                <taxon id="t49" spec="beast.evolution.alignment.Taxon"/>
#                <taxon id="t44" spec="beast.evolution.alignment.Taxon"/>
#                <taxon id="t14" spec="beast.evolution.alignment.Taxon"/>
#                <taxon id="t24" spec="beast.evolution.alignment.Taxon"/>
#                <taxon id="t45" spec="beast.evolution.alignment.Taxon"/>
#                <taxon id="t34" spec="beast.evolution.alignment.Taxon"/>
#                <taxon id="t12" spec="beast.evolution.alignment.Taxon"/>
#                <taxon id="t1" spec="beast.evolution.alignment.Taxon"/>
#                <taxon id="t31" spec="beast.evolution.alignment.Taxon"/>
#                <taxon id="t35" spec="beast.evolution.alignment.Taxon"/>
#                <taxon id="t37" spec="beast.evolution.alignment.Taxon"/>
#                <taxon id="t48" spec="beast.evolution.alignment.Taxon"/>
#                <taxon id="t46" spec="beast.evolution.alignment.Taxon"/>
#                <taxon id="t47" spec="beast.evolution.alignment.Taxon"/>
#                <taxon id="t3" spec="beast.evolution.alignment.Taxon"/>
#                <taxon id="t17" spec="beast.evolution.alignment.Taxon"/>
#                <taxon id="t40" spec="beast.evolution.alignment.Taxon"/>
#                <taxon id="t50" spec="beast.evolution.alignment.Taxon"/>
#                <taxon id="t9" spec="beast.evolution.alignment.Taxon"/>
#                <taxon id="t19" spec="beast.evolution.alignment.Taxon"/>
#                <taxon id="t25" spec="beast.evolution.alignment.Taxon"/>
#                <taxon id="t33" spec="beast.evolution.alignment.Taxon"/>
#                <taxon id="t26" spec="beast.evolution.alignment.Taxon"/>
#                <taxon id="t27" spec="beast.evolution.alignment.Taxon"/>
#                <taxon id="t11" spec="beast.evolution.alignment.Taxon"/>
#                <taxon id="t32" spec="beast.evolution.alignment.Taxon"/>
#                <taxon id="t42" spec="beast.evolution.alignment.Taxon"/>
#                <taxon id="t23" spec="beast.evolution.alignment.Taxon"/>
#                <taxon id="t28" spec="beast.evolution.alignment.Taxon"/>
#                <taxon id="t18" spec="beast.evolution.alignment.Taxon"/>
#            </taxonset>
#            <Uniform id="Uniform.02" lower="0.9" name="distr" upper="1.1"/>
#        </distribution>
#    </distribution>
#    <distribution id="likelihood" spec="beast.core.util.CompoundDistribution">
#        <distribution data="@s_dat" id="treeLikelihood.s_dat" spec="beast.evolution.likelihood.TreeLikelihood" tree="@Tree.t:s_dat">
#            <siteModel id="SiteModel.s:s_dat" mutationRate="@mutationRate.s:s_dat" spec="beast.evolution.sitemodel.SiteModel">
#                <parameter estimate="false" id="gammaShape.s:s_dat" name="shape">1.0</parameter>
#                <parameter estimate="false" id="proportionInvariant.s:s_dat" lower="0.0" name="proportionInvariant" upper="1.0">0.0</parameter>
#                <substModel id="JC69.s:s_dat" spec="beast.evolution.substitutionmodel.JukesCantor"/>
#            </siteModel>
#            <branchRateModel clock.rate="@ucldMean.c:s_dat" id="RelaxedClock.c:s_dat" spec="beast.evolution.branchratemodel.UCRelaxedClockModel" tree="@Tree.t:s_dat">
#                <LogNormal S="@ucldStdev.c:s_dat" id="LogNormalDistributionModel.c:s_dat" meanInRealSpace="true" name="distr">
#                    <parameter estimate="false" id="RealParameter.01" lower="0.0" name="M" upper="1.0">1.0</parameter>
#                </LogNormal>
#                <rateCategories dimension="98" id="rateCategories.c:s_dat" spec="beast.core.parameter.IntegerParameter">1</rateCategories>
#            </branchRateModel>
#        </distribution>
#    </distribution>
#</input>
#
Sample	posterior	likelihood	prior	treeLikelihood	TreeHeight	YuleModel	birthRate	mutationRate	ucldStdev	rate.mean	rate.variance	rate.coefficientOfVariation	monophyletic(root_age)	logP(mrca(root_age))	mrcatime(root_age)	ucldMean	
0	-1812.8168398327487	-1808.173393627199	-4.64344620554966	-1808.173393627199	0.9169585103251966	-5.851446396650703	1.0	1.0	0.5	1.381570522978569	0.273265450271931	0.523823194389397	1	1.6094379124341	0.9169585103251966	1.0	
1000	-1201.2528441253273	-1235.4836268776069	34.23078275227952	-1235.4836268776069	0.9941150222007865	32.04026216903749	4.738962007834094	1.0	0.17252595329941034	0.6623110381334417	0.014176603235905007	0.17208397464583639	1	1.6094379124341	0.9941150222007865	0.691068042474708	
2000	-1138.0657017845558	-1174.0635996693206	35.997897884764804	-1174.0635996693206	1.0024676335156912	34.00597280212968	5.576166081958848	1.0	0.23871783365169352	0.7003672393202248	0.024455957438551442	0.22073650393656652	1	1.6094379124341	1.0024676335156912	0.7253291742701496	
3000	-1061.419913919016	-1085.346049621597	23.926135702581256	-1085.346049621597	1.0568659210108267	22.884209301545972	4.812015812647311	1.0	0.5553523942289175	0.42812580600335604	0.0552398530267602	0.5476899479575366	1	1.6094379124341	1.0568659210108267	0.44197452108422236	
4000	-994.5134963284471	-1020.4666580779121	25.95316174946506	-1020.4666580779121	1.0367657170713214	25.45222413769198	4.1962221713158305	0.9881873880480416	0.7396245399928297	0.41516856294522675	0.115548203842845	0.7509187038851061	1	1.6094379124341	1.0367657170713214	0.4470653363494542	
5000	-955.6667580595141	-978.446850619001	22.780092559486864	-978.446850619001	1.0484145711395585	21.32328141494162	4.374308584544501	0.9881873880480416	0.42103189151986675	0.39638661336403413	0.02960190865954381	0.4128630214117404	1	1.6094379124341	1.0484145711395585	0.391044198492866	
6000	-932.5852253873303	-953.4704957326292	20.88527034529887	-953.4704957326292	1.0596475377681671	19.310623687536655	3.7450841107293757	0.9881873880480416	0.3817573149646497	0.299613726425432	0.010304640184521372	0.334078941725834	1	1.6094379124341	1.0596475377681671	0.307316314053508	
7000	-903.7381522367394	-918.9210193264141	15.182867089674652	-918.9210193264141	0.9935328875810059	12.637943096859226	4.7685135081792644	0.9881873880480416	0.05836387919141531	0.2870625752800805	1.9005057436348872E-4	0.047589689952323835	1	1.6094379124341	0.9935328875810059	0.2912604209434802	
8000	-861.928486178899	-885.3438297008987	23.415343521999755	-885.3438297008987	1.0282372578762984	21.620568499353933	4.189477993423189	0.9881873880480416	0.30838853094894414	0.31674708162868864	0.009218514495682577	0.2963845377483752	1	1.6094379124341	1.0282372578762984	0.3160728045467826	
9000	-847.7934806162457	-877.7674907444924	29.974010128246675	-877.7674907444924	0.9025866823625263	27.960411549384744	4.430501649130414	0.9881873880480416	0.23545463966211516	0.3399543032828573	0.007394147030749551	0.2536309335151269	1	1.6094379124341	0.9025866823625263	0.3304562183507138	
10000	-841.523229519442	-869.2090253563184	27.685795836876377	-869.2090253563184	0.9273861266460026	25.55570374696333	3.965250203534999	0.9881873880480416	0.19662735242877874	0.33635617061774753	0.003798673097613983	0.18234265119069884	1	1.6094379124341	0.9273861266460026	0.3356910490080705	
11000	-840.1743515139078	-858.7540351651792	18.579683651271324	-858.7540351651792	1.0656562931478424	16.358146105111636	3.7088673439342723	0.9881873880480416	0.16614858186177306	0.24361132587230433	0.002098060850141038	0.18781695516086655	1	1.6094379124341	1.0656562931478424	0.23795392303591653	
12000	-817.7208800340421	-837.3184832832616	19.597603249219468	-837.3184832832616	0.9245809532126373	18.40228861784744	3.565570848692957	0.9881873880480416	0.5081886793605003	0.25187112409065227	0.02824962211064058	0.6187014876435044	1	1.6094379124341	0.9245809532126373	0.2495143070742855	
13000	-791.6183450122045	-808.0372809238008	16.418935911596314	-808.0372809238008	1.0629485754359866	15.153880125904358	3.460265678303932	0.9881873880480416	0.4849439526256685	0.21403168010328097	0.018211531059658132	0.5676212732877945	1	1.6094379124341	1.0629485754359866	0.2097676370560512	
14000	-779.5069292216062	-790.006450671467	10.49952144986069	-790.006450671467	1.0428924504969619	9.033927977291725	3.269909294869177	1.1876838120096618	0.3568148814515958	0.17399499271120455	0.006660635725994685	0.448357673235439	1	1.6094379124341	1.0428924504969619	0.16579833937020874	
15000	-765.5502950209741	-782.9622197350623	17.41192471408817	-782.9622197350623	0.9168244602871867	16.059297451129964	3.427933457065457	1.448616738147197	0.32827177478145797	0.14104099924160976	0.0024045096838905657	0.33985099929573004	1	1.6094379124341	0.9168244602871867	0.1391825664870676	
16000	-786.8197555343559	-794.9085305464904	8.088775012134573	-794.9085305464904	1.0896676808577959	5.693741137197639	3.299084898980986	1.0642584587291926	0.08360432453312497	0.16230067667944942	2.1788041150958657E-4	0.09062851545663701	1	1.6094379124341	1.0896676808577959	0.16195333773083015	
17000	-771.961133093696	-786.1384973077687	14.177364214072638	-786.1384973077687	0.9731596281391234	11.663095060034317	3.016698300837102	1.0642584587291926	0.0438632060086323	0.20728867987710162	9.135100975406007E-5	0.04598375456057428	1	1.6094379124341	0.9731596281391234	0.2071006707987979	
18000	-775.5831986825831	-783.126589507384	7.543390824800916	-783.126589507384	1.0511742450580335	5.502140284849383	3.28077585240943	1.0642584587291926	0.20152031008375915	0.16922742556311438	0.0012709706287346773	0.20966591807059945	1	1.6094379124341	1.0511742450580335	0.1658374508442114	
19000	-769.8876490994205	-774.9381094218509	5.050460322430409	-774.9381094218509	0.9592605800448615	3.0726578287206774	2.583046509048338	1.0642584587291926	0.22266754389615148	0.16391734900864488	0.0012372784034837725	0.21215327250926413	1	1.6094379124341	0.9592605800448615	0.16606565249501612	
20000	-768.5405769907653	-776.0036982998924	7.463121309127134	-776.0036982998924	0.9055820072246038	5.005430063090764	3.3095978736033054	1.0642584587291926	0.06272062274568294	0.17523059286613982	1.3654605133000495E-4	0.06706686920424383	1	1.6094379124341	0.9055820072246038	0.17425528923519878	
21000	-762.7009241882823	-768.2042946673188	5.503370479036493	-768.2042946673188	1.0067715149189242	2.505367737747342	2.6963937804369356	0.7188187879889401	0.013429807296729811	0.2251393217153085	1.1128900768245794E-5	0.014806697308571672	1	1.6094379124341	1.0067715149189242	0.22563688528656975	
22000	-773.4553841756824	-768.1382821979154	-5.317101977767081	-768.1382821979154	1.0599601531574232	-7.9293487385613535	2.347381551330696	0.7188187879889401	0.14200227559567238	0.18115440867533197	6.383414362039989E-4	0.1376336682648476	1	1.6094379124341	1.0599601531574232	0.18543142290274475	
23000	-764.3948619915878	-771.7601065574747	7.365244565886886	-771.7601065574747	0.9008617610000039	5.657012484619247	4.160466003100247	0.7270189828001673	0.43952964780031845	0.3004084851878279	0.016726433850847065	0.4247158999030946	1	1.6094379124341	0.9008617610000039	0.2984405126815837	
24000	-756.1817289838084	-765.5574487142733	9.37571973046484	-765.5574487142733	0.967966920186194	7.384388387854628	3.818523331320803	0.7270189828001673	0.34517266399483837	0.24772131903661707	0.006861442441797818	0.34158536039803117	1	1.6094379124341	0.967966920186194	0.237466954268048	
25000	-757.0296920938623	-764.4067071126525	7.3770150187902015	-764.4067071126525	0.9527889824209567	4.922233831460575	2.626141242881817	0.7270189828001673	0.1907048307498579	0.1855396770415138	0.0012684758426799968	0.19161156464365703	1	1.6094379124341	0.9527889824209567	0.1825821174407605	
26000	-763.7421990279022	-773.022448646765	9.280249618862863	-773.022448646765	0.9273541826096465	6.9372228508809135	2.823520301435886	0.7270189828001673	0.22795257871843905	0.23481876188541137	0.002886198064755233	0.23030154729964164	1	1.6094379124341	0.9273541826096465	0.2381285203497605	
27000	-778.9755848189005	-777.7593044774869	-1.2162803414136047	-777.7593044774869	1.0144917238225168	-3.9489345655576185	2.5234034292653997	0.7270189828001673	0.0980897475796227	0.20651617358738003	3.947026465350304E-4	0.09631971494244047	1	1.6094379124341	1.0144917238225168	0.2049326062196439	
28000	-777.1585982285628	-777.204861440082	0.04626321151922497	-777.204861440082	0.9036417226008635	-2.4311009289375427	2.39197957517887	0.7270189828001673	0.18317793247258177	0.1866258023669776	0.0011626821000754065	0.18429090534125192	1	1.6094379124341	0.9036417226008635	0.18291028045369245	
29000	-782.7534646353264	-778.5523587540981	-4.20110588122828	-778.5523587540981	0.9213282384005194	-6.992369251446673	2.0203719058673513	0.7270189828001673	0.07855531919303166	0.1758588114277137	1.9596419068120604E-4	0.07946972098951806	1	1.6094379124341	0.9213282384005194	0.17458234059246217	
30000	-789.7241165361697	-780.1514185886506	-9.57269794751911	-780.1514185886506	1.0430155324105193	-12.051812566560905	2.2565340496958433	0.7270189828001673	0.18259449796019234	0.15926377919715695	7.632380578836806E-4	0.17249959561757547	1	1.6094379124341	1.0430155324105193	0.15846930983587984	
31000	-785.7915307781282	-772.4536924728651	-13.337838305263016	-772.4536924728651	0.9897485012268379	-15.84335126467035	1.8883422700983767	0.7270189828001673	0.17379593111635835	0.13705553816797705	6.173982437296011E-4	0.17775314772613476	1	1.6094379124341	0.9897485012268379	0.1436334517834814	
32000	-782.3235451180439	-775.6338620291245	-6.689683088919324	-775.6338620291245	0.9253839608138813	-9.568494321379518	2.849518393897883	0.7270189828001673	0.0493756167078398	0.20428037892033965	1.1157606698622042E-4	0.05171050088689556	1	1.6094379124341	0.9253839608138813	0.20508248459998363	
33000	-777.8817174114125	-771.4745017220258	-6.407215689386666	-771.4745017220258	1.0930078721654086	-9.130409710947573	2.8123255215788947	0.7270189828001673	0.10124283310057228	0.16951443114312334	3.6064675527546766E-4	0.11251109099853271	1	1.6094379124341	1.0930078721654086	0.16966943066781728	
34000	-777.698026153868	-769.7255558120734	-7.972470341794601	-769.7255558120734	1.0512270088575828	-10.40778633565872	2.141394057533005	0.7270189828001673	0.19719257973191134	0.1680528702993979	0.0012975224592758415	0.20776081293390716	1	1.6094379124341	1.0512270088575828	0.17343825464348078	
35000	-778.8201408172482	-770.7083635833501	-8.111777233898167	-770.7083635833501	0.9788705325464191	-10.434317381919662	2.7147094532252183	0.7270189828001673	0.23478076915125762	0.17027280617984375	0.0015006593025048089	0.23918262190551054	1	1.6094379124341	0.9788705325464191	0.16551540421847438	
36000	-785.5080870077759	-776.1911220945135	-9.31696491326233	-776.1911220945135	1.0358690852768397	-11.83405366149205	2.4640521963766924	0.7270189828001673	0.1699377207018569	0.1518761146667517	6.419240288025296E-4	0.17290823539801506	1	1.6094379124341	1.0358690852768397	0.14318743719526855	
37000	-769.8941004634188	-763.3564359463383	-6.537664517080501	-763.3564359463383	0.9964347576367101	-8.215174175051336	2.3025283492411015	0.7270189828001673	0.44976943148514287	0.1502982409856631	0.005802921354265901	0.5122288045389248	1	1.6094379124341	0.9964347576367101	0.14800135718362759	
38000	-776.8985272239975	-768.6278593399691	-8.270667884028372	-768.6278593399691	1.0226411834861007	-10.230948156714353	1.7763888894195017	0.7270189828001673	0.35552198560058473	0.17606122272142388	0.004468791757569716	0.372676190598953	1	1.6094379124341	1.0226411834861007	0.1783083421820316	
39000	-775.6167614875205	-768.1833829581709	-7.43337852934968	-768.1833829581709	1.0123101407953095	-10.107819370578532	2.381938322181447	0.7270189828001673	0.11749226810524563	0.16967132388939513	4.8716209657521226E-4	0.12832576811605295	1	1.6094379124341	1.0123101407953095	0.1708577292065105	
40000	-769.1922456698363	-767.3822005725914	-1.8100450972449869	-767.3822005725914	1.0043465557519553	-3.577612949472205	3.3701714692696854	0.7270189828001673	0.4197530353394906	0.19860082323029205	0.006120019020947344	0.38946253448783047	1	1.6094379124341	1.0043465557519553	0.1934867367002194	
41000	-771.4623762854987	-772.5958809880963	1.133504702597517	-772.5958809880963	0.9914985706656579	-1.3383054726186039	2.870706612732144	0.7270189828001673	0.1850290690872894	0.1884506149331343	0.0011888353137281835	0.18485716498089386	1	1.6094379124341	0.9914985706656579	0.1826907510911485	
42000	-753.9008899002436	-769.2061485866898	15.305258686446178	-769.2061485866898	0.9100549259491643	12.392989574683554	3.4644253834171566	0.7270189828001673	0.038224105536339696	0.2998039731445221	1.192423229696444E-4	0.0360872757623438	1	1.6094379124341	0.9100549259491643	0.30249848987312666	
43000	-765.3919777368473	-773.4292679373403	8.037290200493072	-773.4292679373403	1.0617119412425409	5.975098015164776	3.5930407698807247	0.7270189828001673	0.3215547451169018	0.25963541110909305	0.0058413811322809315	0.2894459822003923	1	1.6094379124341	1.0617119412425409	0.2617189001997424	
44000	-752.9563510055347	-771.5494912069466	18.593140201412	-771.5494912069466	0.9017496702858542	16.65448057759065	3.3678452467185784	0.7270189828001673	0.3627281478671655	0.2755530429983626	0.008149222322602935	0.3241089035892235	1	1.6094379124341	0.9017496702858542	0.2754212750787424	
45000	-758.8522047054721	-773.3836332635407	14.531428558068598	-773.3836332635407	0.9910027612132964	12.485256099125785	3.5245175998958596	0.7270189828001673	0.3268941199211825	0.291050220447494	0.00917818851831913	0.3209651575488446	1	1.6094379124341	0.9910027612132964	0.28533791941347647	
46000	-746.9692295705919	-761.7157493931953	14.746519822603421	-761.7157493931953	0.9024280512383538	12.830240411677792	4.396620769815796	0.7270189828001673	0.3701874728253105	0.30861518534739807	0.01560826192667506	0.4007058874210656	1	1.6094379124341	0.9024280512383538	0.2977397275982647	
47000	-741.7934303434469	-758.1889258927928	16.39549554934591	-758.1889258927928	0.9637557304596132	14.72706177168071	3.529380826250985	0.7270189828001673	0.4527944223910113	0.26529886113226153	0.01891288488396985	0.5102547364318855	1	1.6094379124341	0.9637557304596132	0.25249222454527587	
48000	-750.2329192639165	-768.5348901092484	18.30197084533186	-768.5348901092484	0.9792288211973111	16.335544565418793	3.3216912432094574	0.7034686146674509	0.3644488657139424	0.32324392422585124	0.015038506105794776	0.36870124753928446	1	1.6094379124341	0.9792288211973111	0.32171734618786196	
49000	-757.836483158038	-771.8590741528169	14.022590994778888	-771.8590741528169	1.0080629248890205	12.050585639308302	3.5730517182562567	0.7034686146674509	0.3625893598306215	0.28784153613875435	0.00977521912814063	0.3590302723138137	1	1.6094379124341	1.0080629248890205	0.2736019253845002	
50000	-757.1694333710449	-766.204421971742	9.034988600697151	-766.204421971742	1.028238856420629	6.454254237761866	3.2353198745573035	0.7034686146674509	0.15969998164263755	0.22872696204523735	0.001407915245931646	0.16185274239278918	1	1.6094379124341	1.028238856420629	0.23449258559252217	
51000	-773.2449847850203	-772.8502814220793	-0.39470336294095043	-772.8502814220793	1.0096105984506505	-1.8554077735774972	2.8633910600644414	0.7034686146674509	0.5330059647438068	0.21313084396593293	0.011017645080704155	0.4815181623542638	1	1.6094379124341	1.0096105984506505	0.22835018413250016	
52000	-762.3838771851656	-763.0918820837611	0.7080048985955419	-763.0918820837611	1.0202627688363228	-1.2639551984422264	2.5389188597015186	0.7034686146674509	0.36260444446627965	0.21930368143356718	0.005332015017444108	0.3270127682579839	1	1.6094379124341	1.0202627688363228	0.22192847712304084	
53000	-757.2220161570293	-765.6081371094414	8.386120952412028	-765.6081371094414	1.0263414353032534	5.4267185596886405	3.281196874577324	0.6804141620597698	0.04459601253321843	0.2490564928661618	1.117433090836832E-4	0.042432410221028546	1	1.6094379124341	1.0263414353032534	0.24781159277139383	
54000	-759.5669071040309	-770.5040125043226	10.937105400291802	-770.5040125043226	0.967358160814401	8.561174178485228	3.5175586877025724	0.6804141620597698	0.23906695379979223	0.22098486881974763	0.002740260674081004	0.23795287882380367	1	1.6094379124341	0.967358160814401	0.21585641198811406	
55000	-746.9992453217686	-760.1893462419813	13.190100920212686	-760.1893462419813	0.9392465636953697	10.174876267436787	3.0550336260410322	0.7191457476512833	0.007538174872756302	0.25494359857716775	4.158076905638855E-6	0.007998866713709215	1	1.6094379124341	0.9392465636953697	0.254503845588024	
56000	-751.481805205442	-765.7779304150864	14.296125209644421	-765.7779304150864	1.0049501609351001	11.379260951780365	3.369704970882294	0.8109540581313512	2.76580049171672E-4	0.21954553839556532	3.676770486497082E-9	2.7619888419656917E-4	1	1.6094379124341	1.0049501609351001	0.21952727170144712	
57000	-753.4282163616026	-770.7015306041469	17.27331424254427	-770.7015306041469	0.9601567113333273	14.369595035649207	3.212114497401026	0.8109540581313512	0.004657825537136779	0.2477445171664475	1.2053102417325286E-6	0.00443053867045794	1	1.6094379124341	0.9601567113333273	0.24781227499607844	
58000	-777.9980981314878	-775.0188555872235	-2.9792425442643453	-775.0188555872235	1.0698583664947454	-5.873381762507331	2.049131574969661	0.8109540581313512	0.007850835754874578	0.14922339433647214	1.1636036293675338E-6	0.007224915700079902	1	1.6094379124341	1.0698583664947454	0.1491693405590608	
59000	-760.6369407458853	-759.8373240509732	-0.7996166949121326	-759.8373240509732	1.0492841331579086	-3.4076982390816952	2.7394745413081485	0.8109540581313512	0.10319385852354677	0.15979614241121345	2.5163276674746083E-4	0.09889356271406334	1	1.6094379124341	1.0492841331579086	0.15764311215263055	
60000	-770.2467782281134	-766.5607047376519	-3.686073490461443	-766.5607047376519	1.0665446353879104	-6.281079330884985	2.022146289646222	0.8109540581313512	0.1075519905820952	0.1672470683800438	3.2041556850196014E-4	0.10713822829709338	1	1.6094379124341	1.0665446353879104	0.1653970630530578	
61000	-767.8545603766627	-762.1604256041694	-5.6941347724932605	-762.1604256041694	1.0861099164726988	-8.511288671105401	2.3895320112201754	0.8109540581313512	0.03351004278783515	0.1785203619686829	3.770514303838324E-5	0.03457186359899275	1	1.6094379124341	1.0861099164726988	0.17785215657822454	
62000	-763.4309411035497	-761.9966418347985	-1.43429926875117	-761.9966418347985	1.0446982834725205	-4.228337537782117	2.610840207534772	0.8109540581313512	0.04121448212724706	0.19248601721621608	6.276085431101413E-5	0.04104972922481988	1	1.6094379124341	1.0446982834725205	0.19410388943587414	
63000	-772.6709259646623	-769.5361924298409	-3.1347335348213945	-769.5361924298409	1.0089445106320811	-5.856410619056809	2.4167769232865286	0.8109540581313512	0.06533246501959805	0.1968350355963988	1.6413925494628316E-4	0.06530549584821216	1	1.6094379124341	1.0089445106320811	0.1990262880483639	
64000	-765.9787253733108	-766.8008516652864	0.822126291975556	-766.8008516652864	0.9392922701554333	-1.8179091013885733	2.6256348638864093	0.8465466368776416	0.07822710913786622	0.14583473126787133	1.2219809305013383E-4	0.07595376247045665	1	1.6094379124341	0.9392922701554333	0.1475806644972033	
65000	-765.9154932153343	-770.8230680980063	4.907574882671957	-770.8230680980063	0.9674016682388542	2.092440969561901	3.019127279147718	0.8465466368776416	0.01986677250654886	0.1885640127484165	1.341588397283618E-5	0.019440686930067293	1	1.6094379124341	0.9674016682388542	0.18840280440467788	
66000	-761.2088594496378	-771.0668833269219	9.858023877284204	-771.0668833269219	1.0968660161841508	7.471449444189143	3.4455340787813205	0.7551711213883585	0.20077547963625045	0.23545549966469573	0.002722628920422351	0.21668422285378933	1	1.6094379124341	1.0968660161841508	0.24319525272151854	
67000	-761.5001510852327	-766.0965124660707	4.596361380838037	-766.0965124660707	1.0992615352592805	2.479363135418005	3.253443366154016	0.682783046739158	0.3242109350245226	0.21008848759967935	0.005463554255314794	0.3365993577969535	1	1.6094379124341	1.0992615352592805	0.22806737902027152	
68000	-756.2993123355022	-765.2272131320234	8.92790079652118	-765.2272131320234	0.900276078854632	6.729994302374812	4.133585374560045	0.682783046739158	0.2972442157240343	0.2664311050803634	0.007354155606354085	0.31201361631330665	1	1.6094379124341	0.900276078854632	0.2785096964398961	
69000	-753.1135558207044	-764.6473388435766	11.533783022872155	-764.6473388435766	0.9690306468646386	8.632213346584265	2.849631980607436	0.682783046739158	0.06271327711626508	0.2525207592867657	2.588368575432866E-4	0.06401850563490492	1	1.6094379124341	0.9690306468646386	0.2508196662841602	
70000	-766.1102664891063	-772.3120513429642	6.201784853857895	-772.3120513429642	1.0736230863508838	3.8029124512173285	2.945729474374834	0.682783046739158	0.23026227842291824	0.2375983165249163	0.003423046124133529	0.24602628153062972	1	1.6094379124341	1.0736230863508838	0.2332641506974676	
71000	-756.6829638241916	-761.6107444736284	4.927780649436831	-761.6107444736284	1.0401497625012701	2.3657186120446205	3.2545888648036874	0.682783046739158	0.17587117316019527	0.2173593123968472	0.0014750450129326091	0.17294625348241555	1	1.6094379124341	1.0401497625012701	0.2161967653979962	
72000	-765.918737127681	-768.1937099019032	2.2749727742221886	-768.1937099019032	1.0407879647380802	-0.5176935717053173	3.377634616442446	0.8025851043175651	0.04512923355262395	0.17736887377261637	7.185559997997463E-5	0.047800111947686186	1	1.6094379124341	1.0407879647380802	0.17689292741267298	
73000	-753.6540966682259	-761.8635903524992	8.209493684273328	-761.8635903524992	0.9126842225307922	5.441671463694624	2.6664468953430394	0.8025851043175651	0.05340978053137995	0.20190283054274596	1.2750259846675054E-4	0.05567676740203566	1	1.6094379124341	0.9126842225307922	0.2022912412821401	
74000	-758.7743997377789	-766.4103080128687	7.635908275089724	-766.4103080128687	0.9971782182309369	4.719459802962767	3.17124233443188	0.8025851043175651	0.0038726508903471238	0.22263284418340756	5.557700021897232E-7	0.0033479012715700103	1	1.6094379124341	0.9971782182309369	0.22253094290915085	
75000	-752.6499991011814	-759.0732002202044	6.423201119023021	-759.0732002202044	1.0139567596212038	3.5025009722461515	2.6424560705221567	0.8025851043175651	0.0024555677295309965	0.20226576317964215	2.3972031824190707E-7	0.002420586849825414	1	1.6094379124341	1.0139567596212038	0.20231591400945453	
76000	-754.6780410361583	-759.1160884263182	4.438047390159927	-759.1160884263182	0.9878573492498979	1.8389960680665904	2.286449683890336	0.8025851043175651	0.1096611209965526	0.21402483992909707	5.339026936307561E-4	0.10799654786903651	1	1.6094379124341	0.9878573492498979	0.21269414507580164	
77000	-756.5133613261829	-757.1265811213905	0.6132197952075985	-757.1265811213905	1.0754149044951045	-1.9892871413611464	2.4786612370291294	0.8025851043175651	0.10850936469189885	0.18934767194000396	4.6553587324982206E-4	0.11517859080981652	1	1.6094379124341	1.0754149044951045	0.1868022620200188	
78000	-758.2800057688133	-761.7126732792307	3.4326675104173416	-761.7126732792307	0.9011889012783991	0.906663712476063	2.994588155293226	0.8025851043175651	0.13400786079643345	0.17435863008701039	6.427187313757614E-4	0.14309418969417217	1	1.6094379124341	0.9011889012783991	0.17820983216339437	
79000	-763.668009640238	-764.0278801351474	0.35987049490940315	-764.0278801351474	1.0328136646949562	-2.538575553076919	3.116665548101741	0.8025851043175651	0.00987285885642027	0.15907728001200552	2.1154369814482235E-6	0.009143362027017392	1	1.6094379124341	1.0328136646949562	0.15927585080655182	
80000	-760.9950282439402	-766.0388921938693	5.0438639499291416	-766.0388921938693	1.0860188585516293	2.8805071010098455	2.7696452892527192	0.8066788612268939	0.2531823420915822	0.2403394418501658	0.003821252448791607	0.25094100520541246	1	1.6094379124341	1.0860188585516293	0.24718075084015906	
81000	-752.7605401285945	-768.8766239172155	16.116083788621022	-768.8766239172155	0.9131367027805533	13.299090999770902	3.7422616007737033	0.8066788612268939	0.035325483312638184	0.257503824980025	8.860451929163642E-5	0.03626275963499808	1	1.6094379124341	0.9131367027805533	0.2598597869401229	
82000	-750.3842828687692	-762.3514186039099	11.967135735140715	-762.3514186039099	0.9967770787155961	9.53609359930185	3.0133762458231077	0.8066788612268939	0.16396283596128938	0.22692646893752325	0.0013292866444256407	0.15594285948276956	1	1.6094379124341	0.9967770787155961	0.23605221756535974	
83000	-755.9447902580283	-761.6308035157504	5.68601325772199	-761.6308035157504	1.0800206045528404	3.617217909253391	3.002502159346964	0.8066788612268939	0.284699690191799	0.19861599658463902	0.0024917152941487434	0.24735567069591266	1	1.6094379124341	1.0800206045528404	0.19904470645240077	
84000	-758.1618445459537	-772.0330161722712	13.871171626317482	-772.0330161722712	0.9103150844797293	11.002254884204033	4.071029418954644	0.8066788612268939	0.018019229689971047	0.24127146574107683	1.4545289251965738E-5	0.015779439001108474	1	1.6094379124341	0.9103150844797293	0.24164432131571129	
85000	-760.515178527704	-771.2404134519822	10.725234924278233	-771.2404134519822	0.9260180737063323	7.8765450041605956	4.379354829403719	0.8066788612268939	0.024760829461174975	0.2509940064670646	3.756988735390506E-5	0.02446736801054332	1	1.6094379124341	0.9260180737063323	0.2506600101305528	
86000	-760.7341894142846	-772.8432976505303	12.109108236245635	-772.8432976505303	0.9802394948585	9.31477688643999	3.362993670652875	0.8066788612268939	0.04287854094616172	0.2649873559622964	1.2260834031003876E-4	0.04174320469266417	1	1.6094379124341	0.9802394948585	0.26531373927232743	
87000	-775.6951783230244	-776.1736347590165	0.47845643599213483	-776.1736347590165	1.0229078225278574	-2.2276828592239357	2.901279169890823	0.8066788612268939	0.07227295274086701	0.13840332318651627	9.2838384045041E-5	0.07006132528048387	1	1.6094379124341	1.0229078225278574	0.13713487251176218	
88000	-763.0070414137043	-767.3624593250989	4.355417911394602	-767.3624593250989	0.9112012868818516	2.187070039080706	2.90555559372604	0.8066788612268939	0.25151883399416197	0.20821091917701795	0.002424900049325092	0.24638558564521426	1	1.6094379124341	0.9112012868818516	0.194618206724786	
89000	-765.6922233833271	-769.3560256377303	3.663802254403243	-769.3560256377303	1.0377392637564578	1.153977560672712	2.5333401621049414	0.8497578159754219	0.12036443063641744	0.1786670008352751	4.568066756399594E-4	0.11854336976269751	1	1.6094379124341	1.0377392637564578	0.18065219763983079	
90000	-772.6812823929359	-774.1375861104087	1.4563037174727949	-774.1375861104087	1.0225001028447451	-1.1759029329059816	2.8569703890417406	0.7553861914085546	0.11881135248819726	0.19125720474088298	5.151356687459038E-4	0.11848136479024192	1	1.6094379124341	1.0225001028447451	0.1889687903176372	
91000	-765.8686054467071	-767.5961872806622	1.727581833955087	-767.5961872806622	0.9314230947911145	-0.6125515153640757	2.5888029975723064	0.7553861914085546	0.21615938373136648	0.20243849556439825	0.001514424497844992	0.1949481845172975	1	1.6094379124341	0.9314230947911145	0.20046442228417982	
92000	-789.3647122588878	-789.400016102962	0.035303844074234814	-789.400016102962	0.9872511805574156	-2.066606961259467	2.922687412679414	0.7553861914085546	0.29555895764172063	0.17832090615962476	0.0020121253595224635	0.24610080221296934	1	1.6094379124341	0.9872511805574156	0.18550114459406133	
93000	-774.9171148350641	-780.6404291670409	5.723314331976779	-780.6404291670409	0.9534383661771219	2.8919073986111457	2.8978209953197696	0.7553861914085546	0.05241789816867819	0.21093192865542854	1.4147128810487421E-4	0.05635635886332447	1	1.6094379124341	0.9534383661771219	0.21200752390235122	
94000	-780.9233625802127	-782.38214992111	1.458787340897314	-782.38214992111	0.9914276420389829	-0.37575150108766664	2.7782554267606754	0.7553861914085546	0.38467403302584935	0.21036427112691525	0.006702717515878391	0.3746978838672337	1	1.6094379124341	0.9914276420389829	0.21870910596625195	
95000	-782.3228503268817	-772.4491246208944	-9.873725705987392	-772.4491246208944	1.0423289807627656	-11.517084687779546	1.97310461887269	0.6384689801780281	0.5044406879985465	0.18647897650130807	0.009121293194594789	0.48841402532990413	1	1.6094379124341	1.0423289807627656	0.2035232697214374	
96000	-773.6155067359315	-771.8637055422492	-1.7518011936822764	-771.8637055422492	0.9866166744802242	-4.446862022239616	2.5646265584452053	0.6384689801780281	0.15390846247171078	0.20759643419781837	7.418714539733447E-4	0.1314153949532566	1	1.6094379124341	0.9866166744802242	0.21081416600011665	
97000	-757.0960817967767	-763.861713171066	6.7656313742892245	-763.861713171066	0.9567204418321062	4.326551806321525	2.799821488528783	0.6384689801780281	0.23922701662623766	0.2612127512601658	0.0035231985045643607	0.22333007527802445	1	1.6094379124341	0.9567204418321062	0.27481354233110217	
98000	-763.4808820034987	-775.4260003045003	11.945118301001683	-775.4260003045003	0.9985965069068166	9.128753644710695	2.923534431300824	0.6384689801780281	0.11347789668808547	0.3175227939623303	9.63716803267074E-4	0.09609540597657427	1	1.6094379124341	0.9985965069068166	0.33043114187730394	
99000	-761.4820130032136	-766.8209929333957	5.338979930182052	-766.8209929333957	0.9858899147451333	2.7573850874697667	3.099750162275381	0.6384689801780281	0.1917266755538672	0.27076738462620326	0.002291349331003949	0.17625980967369229	1	1.6094379124341	0.9858899147451333	0.27588902344846306	
100000	-760.7753479916402	-759.2619878422598	-1.5133601493802962	-759.2619878422598	1.0174920237917489	-4.080811305182701	2.893934443212802	0.608413271287559	0.21251206523827415	0.22497488347241554	0.0020549991392386103	0.2012877225169582	1	1.6094379124341	1.0174920237917489	0.22605183741325424	
101000	-760.767046723114	-763.5628255762962	2.795778853182151	-763.5628255762962	0.9884160928556838	-0.35607248614788567	2.6539250854136993	0.608413271287559	0.017731484068514502	0.2811725215587819	2.4924978391052106E-5	0.017747199927965446	1	1.6094379124341	0.9884160928556838	0.2812887567051821	
102000	-759.073688035548	-755.393253842526	-3.6804341930220885	-755.393253842526	0.9770701106222128	-6.101214288257679	3.1044456550996067	0.6151408651526413	0.25773225727722904	0.21253476750112518	0.002894142937883553	0.2562487316951488	1	1.6094379124341	0.9770701106222128	0.21002678081737636	
103000	-766.2768508272216	-759.3590479943435	-6.91780283287798	-759.3590479943435	1.062820288887544	-9.854093608402483	2.151923810110447	0.6151408651526413	0.08591254753693398	0.17237438021868437	2.2747356974179463E-4	0.08829750734715906	1	1.6094379124341	1.062820288887544	0.16917051999066202	
104000	-759.8000978515215	-755.1558933236499	-4.6442045278716115	-755.1558933236499	0.9763474294107539	-7.393064581937229	2.5730910794198136	0.6151408651526413	0.14838320699918114	0.18335034852506088	8.304036313470392E-4	0.1537807689078074	1	1.6094379124341	0.9763474294107539	0.18476106746032	
105000	-765.4631922625647	-755.4085027983081	-10.054689464256668	-755.4085027983081	1.054886168534076	-12.517079639749468	2.7435500435396176	0.6151408651526413	0.24386361752750058	0.20902533187952946	0.0027830518414992417	0.2528156166289764	1	1.6094379124341	1.054886168534076	0.21479073387465264	
106000	-754.9402899916855	-752.2965244701525	-2.643765521533077	-752.2965244701525	1.069717621563589	-4.543642732863639	2.210268247772273	0.6151408651526413	0.43134918848277465	0.2653829831131631	0.015033685296325278	0.43386903466742927	1	1.6094379124341	1.069717621563589	0.2743451030746513	
107000	-747.2798533673911	-753.0592793854357	5.779426018044644	-753.0592793854357	0.9060188727514692	3.587271525470139	2.606379596832536	0.6151408651526413	0.33393317064416855	0.24464567111968621	0.007890146193061652	0.35995756705936927	1	1.6094379124341	0.9060188727514692	0.23301347215775337	
108000	-766.076401782898	-767.5971112897348	1.520709506836896	-767.5971112897348	0.9238062409958224	-0.020807508942617403	2.408257035190966	0.6151408651526413	0.5507906416599393	0.28004849819280414	0.02581516104393459	0.5534110502555329	1	1.6094379124341	0.9238062409958224	0.27088102959745697	
109000	-759.8692408131841	-763.2287830278933	3.3595422147092115	-763.2287830278933	0.9055814312122844	1.0843992833766425	2.6666971223593836	0.6151408651526413	0.30627312400610585	0.285427942626335	0.008997023558970823	0.32486571920707813	1	1.6094379124341	0.9055814312122844	0.2829239164428985	
110000	-764.2622765962511	-764.3721969953959	0.1099203991447728	-764.3721969953959	0.9040715938851843	-2.925731691777449	3.5217597854760467	0.6151408651526413	0.05279542111487462	0.2542394209681911	2.0819480779375954E-4	0.05702471819075366	1	1.6094379124341	0.9040715938851843	0.25480562538261475	
111000	-770.8295242615095	-769.594419358074	-1.2351049034355168	-769.594419358074	1.080051342216747	-4.2949225449872985	2.710667269645219	0.6130043586883406	0.045900675206936525	0.2245616149327628	1.0727476992267275E-4	0.04615074727990805	1	1.6094379124341	1.080051342216747	0.22409012900866124	
112000	-751.6432189478461	-764.371123819364	12.727904871517874	-764.371123819364	0.9071781106913115	9.945979833011005	3.3205348317552135	0.5663638847975369	0.16489806486018274	0.29192205872977056	0.0019896106640101083	0.15495091288371843	1	1.6094379124341	0.9071781106913115	0.29159276129252754	
113000	-762.7282534899756	-774.217325336267	11.489071846291413	-774.217325336267	0.9963572447615984	8.441341962386705	2.8138471456078364	0.5663638847975369	0.07630530988908249	0.3410221669905778	5.112097885712277E-4	0.06618116808958957	1	1.6094379124341	0.9963572447615984	0.3417776977305827	
114000	-761.195012698733	-771.0780882815303	9.883075582797371	-771.0780882815303	1.0154839539323919	7.9126299509247735	3.2449421928430233	0.5499270099749104	0.4451802418331453	0.29414542350942796	0.014485518129064451	0.38631492836426967	1	1.6094379124341	1.0154839539323919	0.32713470793628946	
115000	-769.5601143740703	-777.8700066732699	8.309892299199682	-777.8700066732699	0.9519072884196332	5.572619155623531	2.9349161543661655	0.5499270099749104	0.18959663218235104	0.3274337199977137	0.0032211241993608123	0.17226735530483336	1	1.6094379124341	0.9519072884196332	0.33141549196619874	
116000	-768.4574673728405	-771.0280753816818	2.570608008841286	-771.0280753816818	1.0673503226332732	-0.6772596443146606	2.948751352210657	0.5499270099749104	0.019415482139405114	0.28381838815944155	3.828932751903269E-5	0.021867117624081275	1	1.6094379124341	1.0673503226332732	0.2828802668399006	
117000	-759.9205812095303	-765.2833223906234	5.362741181093167	-765.2833223906234	0.9843492815154351	2.236785834192693	2.9338324481353153	0.5499270099749104	0.060048853814354	0.3304353933970097	3.935141803196741E-4	0.06076182436078959	1	1.6094379124341	0.9843492815154351	0.324385957521537	
118000	-760.1941066964974	-765.7212005593283	5.527093862830867	-765.7212005593283	1.0117185531657398	2.339814931772901	2.6445447422095048	0.5499270099749104	0.03960970321466215	0.31093487943939163	1.4784841886263122E-4	0.03891052421154864	1	1.6094379124341	1.0117185531657398	0.3112969268926562	
119000	-767.6605042508943	-779.7891122962204	12.12860804532613	-779.7891122962204	0.9381951376743688	8.929359086120153	2.781706552181113	0.5499270099749104	0.035620092832929544	0.26626244269283417	6.503408748439428E-5	0.030332268004836155	1	1.6094379124341	0.9381951376743688	0.26477707826359914	
120000	-745.3256421388013	-758.5257652298068	13.20012309100548	-758.5257652298068	0.9027827858233736	10.362437545185255	5.1929597109454555	0.5499270099749104	0.15612917851440075	0.3619936652097275	0.003625540866992476	0.16572270657846885	1	1.6094379124341	0.9027827858233736	0.36293499511552074	
121000	-739.6198658941331	-758.1455338861819	18.52566799204879	-758.1455338861819	1.0283139502970553	16.053763678085502	3.4255966355677723	0.5499270099749104	0.2780440630923197	0.3533313119957844	0.010510937197922973	0.27921184519459125	1	1.6094379124341	1.0283139502970553	0.3724809512893939	
122000	-739.6015340662981	-761.2520006646981	21.650466598399998	-761.2520006646981	0.9218204968845678	18.43816025637806	5.801595760663389	0.5499270099749104	0.0312680671403716	0.3548032641021208	1.5235323981923062E-4	0.034711244877000426	1	1.6094379124341	0.9218204968845678	0.3555111031947799	
123000	-747.508718981156	-766.9130753138015	19.4043563326455	-766.9130753138015	0.9421609520150744	16.571602792767294	3.4611426742555103	0.5499270099749104	0.15777301609487676	0.3496284419186414	0.0030550249008662106	0.15917103053206083	1	1.6094379124341	0.9421609520150744	0.3545120379735167	
124000	-756.1288441192293	-777.0985591704236	20.969715051194395	-777.0985591704236	0.9071607070936704	18.479435092168018	3.980507083897399	0.5499270099749104	0.2719194605927905	0.35625515163055044	0.00768633260407054	0.24832922741245428	1	1.6094379124341	0.9071607070936704	0.3725356207403248	
125000	-751.0669797968844	-766.8553164968956	15.788336700011179	-766.8553164968956	0.9540907749384401	13.290343055108426	3.0269798614416574	0.5499270099749104	0.2693484890901943	0.382139517564727	0.012018986827870335	0.28790387631982356	1	1.6094379124341	0.9540907749384401	0.3799234905516341	
126000	-751.5653616636515	-763.4247321145999	11.85937045094844	-763.4247321145999	0.9318137478967247	10.001403465318315	4.318234653510406	0.667697891191846	0.41799242554795646	0.2879113721853054	0.015866243950590442	0.4277768992335828	1	1.6094379124341	0.9318137478967247	0.3107085202870348	
127000	-750.6652870199804	-763.4289331954005	12.763646175420115	-763.4289331954005	1.0099239143629237	10.281926254920691	3.4364161135836	0.6477368317908272	0.2202116681319052	0.3056240030724104	0.005095653162322283	0.23519617514282823	1	1.6094379124341	1.0099239143629237	0.31103256110057126	
128000	-766.4683948046568	-782.1322477090889	15.663852904432167	-782.1322477090889	0.9096944695970067	12.870269201706831	3.1258059724791587	0.6477368317908272	0.11626746951600866	0.31889687745751666	0.0017402634026232244	0.13015179354274847	1	1.6094379124341	0.9096944695970067	0.3227425766312766	
129000	-778.6570924285385	-787.0551480872618	8.39805565872334	-787.0551480872618	1.0788273469439498	5.673614590987009	2.927542467155599	0.6477368317908272	0.13931270975784402	0.27503874426940605	0.0017406261531210001	0.15085300428713816	1	1.6094379124341	1.0788273469439498	0.2785797627763033	
130000	-770.9238163263782	-779.8599304441465	8.936114117768287	-779.8599304441465	0.9858866995194993	6.870344865123309	2.7864630751668025	0.6477368317908272	0.358848025727792	0.2413505731780483	0.007489693184066903	0.34340412181141794	1	1.6094379124341	0.9858866995194993	0.27313821064310373	
131000	-751.5469721138386	-762.9365483179405	11.389576204101914	-762.9365483179405	0.9142920364854378	9.161466429790295	3.425786220111648	0.6477368317908272	0.30473992985630044	0.2916795225410703	0.006351608144320633	0.2709721957907585	1	1.6094379124341	0.9142920364854378	0.31716429304774557	
